#
# A fatal error has been detected by the Java Runtime Environment:
#
#  SIGSEGV (0xb) at pc=0x00007f07e368d3d1, pid=10811, tid=29148
#
# JRE version: OpenJDK Runtime Environment (11.0.11+9) (build 11.0.11+9-Ubuntu-0ubuntu2.18.04)
# Java VM: OpenJDK 64-Bit Server VM (11.0.11+9-Ubuntu-0ubuntu2.18.04, mixed mode, tiered, compressed oops, g1 gc, linux-amd64)
# Problematic frame:
# C  [libjimage.so+0x23d1]
#
# Core dump will be written. Default location: Core dumps may be processed with "/usr/lib/systemd/systemd-coredump %P %u %g %s %t %c %h %e" (or dumping to /home/yiannis/github/Exercies-Java/AssignmentDraft/core.10811)
#
# If you would like to submit a bug report, please visit:
#   https://bugs.launchpad.net/ubuntu/+source/openjdk-lts
#

---------------  S U M M A R Y ------------

Command Line: -ea -agentlib:jdwp=transport=dt_socket,address=127.0.0.1:57241 -Dfile.encoding=UTF-8 bluej.runtime.ExecServer UTF-8

Host: Intel(R) Core(TM) i5-6200U CPU @ 2.30GHz, 4 cores, 15G, Red Hat Enterprise Linux release 8.4 (Ootpa)
Time: Mon May 31 23:08:41 2021 BST elapsed time: 16144.496906 seconds (0d 4h 29m 4s)

---------------  T H R E A D  ---------------

Current thread (0x00007f0740001800):  JavaThread "XToolkt-Shutdown-Thread" [_thread_in_vm, id=29148, stack(0x00007f0766ff5000,0x00007f07670f6000)]

Stack: [0x00007f0766ff5000,0x00007f07670f6000],  sp=0x00007f07670f3040,  free space=1016k
Native frames: (J=compiled Java code, A=aot compiled Java code, j=interpreted, Vv=VM code, C=native code)
C  [libjimage.so+0x23d1]
C  [libjimage.so+0x304a]
C  [libjimage.so+0x3515]  JIMAGE_FindResource+0xd5
V  [libjvm.so+0x596f2f]
V  [libjvm.so+0x5991cb]
V  [libjvm.so+0xd845ac]
V  [libjvm.so+0xd831d2]
V  [libjvm.so+0xd856e6]
V  [libjvm.so+0x6403ad]
V  [libjvm.so+0x640812]
V  [libjvm.so+0x9ee696]
V  [libjvm.so+0x9f512d]
V  [libjvm.so+0x8274a6]
V  [libjvm.so+0x827add]
j  sun.awt.X11.XToolkit.lambda$init$0()V+0 java.desktop@11.0.11
j  sun.awt.X11.XToolkit$$Lambda$9.run()V+4 java.desktop@11.0.11
j  java.lang.Thread.run()V+11 java.base@11.0.11
v  ~StubRoutines::call_stub
V  [libjvm.so+0x82db91]
V  [libjvm.so+0x82c030]
V  [libjvm.so+0x82c0eb]
V  [libjvm.so+0x8cae9c]
V  [libjvm.so+0xdba950]
V  [libjvm.so+0xdb67e9]
V  [libjvm.so+0xb7b34e]

Java frames: (J=compiled Java code, j=interpreted, Vv=VM code)
j  sun.awt.X11.XToolkit.lambda$init$0()V+0 java.desktop@11.0.11
j  sun.awt.X11.XToolkit$$Lambda$9.run()V+4 java.desktop@11.0.11
j  java.lang.Thread.run()V+11 java.base@11.0.11
v  ~StubRoutines::call_stub

siginfo: si_signo: 11 (SIGSEGV), si_code: 1 (SEGV_MAPERR), si_addr: 0x00007f07d3894c6c

Register to memory mapping:

RAX=0x0000000000007314 is an unknown value
RBX=0x00007f07670f30f1 is pointing into the stack for thread: 0x00007f0740001800
RCX=0x00007f07d387801c is an unknown value
RDX=0x0000000000007314 is an unknown value
RSP=0x00007f07670f3040 is pointing into the stack for thread: 0x00007f0740001800
RBP=0x00007f07670f3060 is pointing into the stack for thread: 0x00007f0740001800
RSI=0x00007f07670f30f0 is pointing into the stack for thread: 0x00007f0740001800
RDI=0x00007f07e3890030: <offset 0x0000000000205030> in /snap/bluej/119/usr/lib/jvm/java-11-openjdk-amd64/lib/libjimage.so at 0x00007f07e368b000
R8 =0x0 is NULL
R9 =0x00000000ca0d71f0 is an unknown value
R10=0x00007f07670f3114 is pointing into the stack for thread: 0x00007f0740001800
R11=0x00007f07e643b440: <offset 0x00000000001af440> in /lib/x86_64-linux-gnu/libc.so.6 at 0x00007f07e628c000
R12=0x00007f07670f30f0 is pointing into the stack for thread: 0x00007f0740001800
R13=0x000000000000843b is an unknown value
R14=0x00007f07670f4188 is pointing into the stack for thread: 0x00007f0740001800
R15=0x00007f07880be7b0 points into unknown readable memory: 0x2f7477612f6e7573 | 73 75 6e 2f 61 77 74 2f


Registers:
RAX=0x0000000000007314, RBX=0x00007f07670f30f1, RCX=0x00007f07d387801c, RDX=0x0000000000007314
RSP=0x00007f07670f3040, RBP=0x00007f07670f3060, RSI=0x00007f07670f30f0, RDI=0x00007f07e3890030
R8 =0x0000000000000000, R9 =0x00000000ca0d71f0, R10=0x00007f07670f3114, R11=0x00007f07e643b440
R12=0x00007f07670f30f0, R13=0x000000000000843b, R14=0x00007f07670f4188, R15=0x00007f07880be7b0
RIP=0x00007f07e368d3d1, EFLAGS=0x0000000000010246, CSGSFS=0x002b000000000033, ERR=0x0000000000000004
  TRAPNO=0x000000000000000e

Top of Stack: (sp=0x00007f07670f3040)
0x00007f07670f3040:   0000000000000000 00007f07dc024370
0x00007f07670f3050:   0000000000000000 00007f07670f30f0
0x00007f07670f3060:   00007f07670f30d0 00007f07e368e04a
0x00007f07670f3070:   0000000000000000 0000000000000000 

Instructions: (pc=0x00007f07e368d3d1)
0x00007f07e368d2d1:   48 89 df 48 89 4d 88 e8 53 f3 ff ff 48 8b 4d 88
0x00007f07e368d2e1:   44 03 6d 90 e9 42 fd ff ff 66 0f 1f 44 00 00 8b
0x00007f07e368d2f1:   08 41 89 0e 44 89 c1 8b 74 08 fc 41 89 74 0e fc
0x00007f07e368d301:   e9 d8 fe ff ff 66 2e 0f 1f 84 00 00 00 00 00 b9
0x00007f07e368d311:   0a 00 00 00 e9 95 fd ff ff 44 89 c1 0f b7 74 08
0x00007f07e368d321:   fe 66 41 89 74 0e fe e9 b1 fe ff ff 0f 1f 00 0f
0x00007f07e368d331:   b6 17 89 f1 4c 8d 47 01 84 d2 74 1a 0f 1f 00 69
0x00007f07e368d341:   c9 93 01 00 01 49 83 c0 01 31 d1 41 0f b6 50 ff
0x00007f07e368d351:   84 d2 75 eb 89 ce 89 f0 25 ff ff ff 7f c3 90 48
0x00007f07e368d361:   85 d2 0f 84 e1 00 00 00 85 c9 0f 84 d9 00 00 00
0x00007f07e368d371:   55 48 89 e5 41 55 41 54 53 48 8d 5e 01 48 83 ec
0x00007f07e368d381:   08 44 0f b6 06 45 84 c0 0f 84 b1 00 00 00 49 89
0x00007f07e368d391:   da b8 93 01 00 01 66 0f 1f 84 00 00 00 00 00 44
0x00007f07e368d3a1:   69 c8 93 01 00 01 49 83 c2 01 41 0f b6 c0 45 0f
0x00007f07e368d3b1:   b6 42 ff 44 31 c8 45 84 c0 75 e4 25 ff ff ff 7f
0x00007f07e368d3c1:   41 89 cd 48 89 d1 31 d2 49 89 f4 41 f7 f5 89 d0
0x00007f07e368d3d1:   8b 34 81 48 8b 07 ff 50 20 85 c0 7f 22 ba ff ff
0x00007f07e368d3e1:   ff ff 74 04 f7 d0 89 c2 48 83 c4 08 89 d0 5b 41
0x00007f07e368d3f1:   5c 41 5d 5d c3 66 2e 0f 1f 84 00 00 00 00 00 41
0x00007f07e368d401:   0f b6 34 24 89 c7 40 84 f6 74 1b 0f 1f 40 00 69
0x00007f07e368d411:   ff 93 01 00 01 48 83 c3 01 31 f7 0f b6 73 ff 40
0x00007f07e368d421:   84 f6 75 eb 89 f8 25 ff ff ff 7f 31 d2 48 83 c4
0x00007f07e368d431:   08 41 f7 f5 5b 41 5c 41 5d 5d 89 d0 c3 66 90 b8
0x00007f07e368d441:   93 01 00 01 e9 77 ff ff ff 83 ca ff 89 d0 c3 0f
0x00007f07e368d451:   b6 17 48 89 f8 84 d2 75 19 eb 1e 0f 1f 40 00 38
0x00007f07e368d461:   ca 75 1c 48 83 c0 01 0f b6 10 48 83 c6 01 84 d2
0x00007f07e368d471:   74 15 0f b6 0e 84 c9 75 e6 c3 0f 1f 44 00 00 31
0x00007f07e368d481:   c0 c3 0f 1f 44 00 00 c3 90 66 0f 1f 44 00 00 48
0x00007f07e368d491:   85 f6 74 5a 0f b6 06 84 c0 74 54 0f 1f 40 00 0f
0x00007f07e368d4a1:   b6 d0 83 e0 07 c1 fa 03 44 8d 50 01 0f b6 c0 41
0x00007f07e368d4b1:   89 d1 4c 8d 44 06 02 48 8d 56 01 31 c0 66 90 0f
0x00007f07e368d4c1:   b6 0a 48 c1 e0 08 48 83 c2 01 48 09 c8 49 39 d0 


Stack slot to memory mapping:
stack at sp + 0 slots: 0x0 is NULL
stack at sp + 1 slots: 0x00007f07dc024370 points into unknown readable memory: 0x00007f0750006390 | 90 63 00 50 07 7f 00 00
stack at sp + 2 slots: 0x0 is NULL
stack at sp + 3 slots: 0x00007f07670f30f0 is pointing into the stack for thread: 0x00007f0740001800
stack at sp + 4 slots: 0x00007f07670f30d0 is pointing into the stack for thread: 0x00007f0740001800
stack at sp + 5 slots: 0x00007f07e368e04a: <offset 0x000000000000304a> in /snap/bluej/119/usr/lib/jvm/java-11-openjdk-amd64/lib/libjimage.so at 0x00007f07e368b000
stack at sp + 6 slots: 0x0 is NULL
stack at sp + 7 slots: 0x0 is NULL


---------------  P R O C E S S  ---------------

Threads class SMR info:
_java_thread_list=0x00007f0740002fb0, length=19, elements={
0x00007f07dc1e6800, 0x00007f07dc1ea800, 0x00007f07dc209000, 0x00007f07dc20b000,
0x00007f07dc20d000, 0x00007f07dc20f000, 0x00007f07dc211000, 0x00007f07dc295000,
0x00007f07dc299000, 0x00007f0784001800, 0x00007f07dc2ac000, 0x00007f07dc4b7000,
0x00007f07dc4bd000, 0x00007f07dc4c2000, 0x00007f07dc4c3800, 0x00007f07dc018000,
0x00007f0790001800, 0x00007f0790003000, 0x00007f0740001800
}

Java Threads: ( => current thread )
  0x00007f07dc1e6800 JavaThread "Reference Handler" daemon [_thread_blocked, id=10820, stack(0x00007f07c4777000,0x00007f07c4878000)]
  0x00007f07dc1ea800 JavaThread "Finalizer" daemon [_thread_blocked, id=10821, stack(0x00007f07c4676000,0x00007f07c4777000)]
  0x00007f07dc209000 JavaThread "Signal Dispatcher" daemon [_thread_blocked, id=10822, stack(0x00007f07c43f4000,0x00007f07c44f5000)]
  0x00007f07dc20b000 JavaThread "Service Thread" daemon [_thread_blocked, id=10823, stack(0x00007f07c42f3000,0x00007f07c43f4000)]
  0x00007f07dc20d000 JavaThread "C2 CompilerThread0" daemon [_thread_blocked, id=10824, stack(0x00007f07c41f2000,0x00007f07c42f3000)]
  0x00007f07dc20f000 JavaThread "C1 CompilerThread0" daemon [_thread_blocked, id=10825, stack(0x00007f07c40f1000,0x00007f07c41f2000)]
  0x00007f07dc211000 JavaThread "Sweeper thread" daemon [_thread_blocked, id=10826, stack(0x00007f07b842f000,0x00007f07b8530000)]
  0x00007f07dc295000 JavaThread "JDWP Transport Listener: dt_socket" daemon [_thread_blocked, id=10827, stack(0x00007f07b8128000,0x00007f07b8229000)]
  0x00007f07dc299000 JavaThread "JDWP Event Helper Thread" daemon [_thread_blocked, id=10829, stack(0x00007f07b8027000,0x00007f07b8128000)]
  0x00007f0784001800 JavaThread "JDWP Command Reader" daemon [_thread_in_native, id=10830, stack(0x00007f07b1eff000,0x00007f07b2000000)]
  0x00007f07dc2ac000 JavaThread "Common-Cleaner" daemon [_thread_blocked, id=10870, stack(0x00007f07b1cfc000,0x00007f07b1dfd000)]
  0x00007f07dc4b7000 JavaThread "Java2D Disposer" daemon [_thread_blocked, id=10956, stack(0x00007f07b0106000,0x00007f07b0207000)]
  0x00007f07dc4bd000 JavaThread "AWT-XAWT" daemon [_thread_in_native, id=10958, stack(0x00007f07b0005000,0x00007f07b0106000)]
  0x00007f07dc4c2000 JavaThread "main" [_thread_blocked, id=10959, stack(0x00007f076c095000,0x00007f076c196000)]
  0x00007f07dc4c3800 JavaThread "BlueJ worker thread" [_thread_blocked, id=10960, stack(0x00007f07672f8000,0x00007f07673f9000)]
  0x00007f07dc018000 JavaThread "DestroyJavaVM" [_thread_blocked, id=10813, stack(0x00007f07e6b9f000,0x00007f07e6ca0000)]
  0x00007f0790001800 JavaThread "SIGHUP handler" daemon [_thread_blocked, id=29082, stack(0x00007f07671f7000,0x00007f07672f8000)]
  0x00007f0790003000 JavaThread "SIGTERM handler" daemon [_thread_blocked, id=29105, stack(0x00007f07670f6000,0x00007f07671f7000)]
=>0x00007f0740001800 JavaThread "XToolkt-Shutdown-Thread" [_thread_in_vm, id=29148, stack(0x00007f0766ff5000,0x00007f07670f6000)]

Other Threads:
  0x00007f07dc1de800 VMThread "VM Thread" [stack: 0x00007f07e0041000,0x00007f07e0141000] [id=10819]
  0x00007f07dc29b800 WatcherThread [stack: 0x00007f07b1dff000,0x00007f07b1eff000] [id=10836]
  0x00007f07dc02f800 GCTaskThread "GC Thread#0" [stack: 0x00007f07e2d5e000,0x00007f07e2e5e000] [id=10814]
  0x00007f07dc08c800 ConcurrentGCThread "G1 Main Marker" [stack: 0x00007f07e1151000,0x00007f07e1251000] [id=10815]
  0x00007f07dc08e000 ConcurrentGCThread "G1 Conc#0" [stack: 0x00007f07e104f000,0x00007f07e114f000] [id=10816]
  0x00007f07dc17a000 ConcurrentGCThread "G1 Refine#0" [stack: 0x00007f07e0b49000,0x00007f07e0c49000] [id=10817]
  0x00007f07dc17b800 ConcurrentGCThread "G1 Young RemSet Sampling" [stack: 0x00007f07e0a47000,0x00007f07e0b47000] [id=10818]

Threads with active compile tasks:

VM state:not at safepoint (normal execution)

VM Mutex/Monitor currently owned by a thread: None

Heap address: 0x000000070a600000, size: 3930 MB, Compressed Oops mode: Zero based, Oop shift amount: 3
Narrow klass base: 0x0000000800000000, Narrow klass shift: 0
Compressed class space size: 1073741824 Address: 0x0000000800000000

Heap:
 garbage-first heap   total 251904K, used 5120K [0x000000070a600000, 0x0000000800000000)
  region size 1024K, 7 young (7168K), 0 survivors (0K)
 Metaspace       used 9283K, capacity 9497K, committed 9728K, reserved 1058816K
  class space    used 856K, capacity 937K, committed 1024K, reserved 1048576K
Heap Regions: E=young(eden), S=young(survivor), O=old, HS=humongous(starts), HC=humongous(continues), CS=collection set, F=free, A=archive, TAMS=top-at-mark-start (previous, next)
|   0|0x000000070a600000, 0x000000070a600000, 0x000000070a700000|  0%| F|  |TAMS 0x000000070a600000, 0x000000070a600000| Untracked 
|   1|0x000000070a700000, 0x000000070a700000, 0x000000070a800000|  0%| F|  |TAMS 0x000000070a700000, 0x000000070a700000| Untracked 
|   2|0x000000070a800000, 0x000000070a800000, 0x000000070a900000|  0%| F|  |TAMS 0x000000070a800000, 0x000000070a800000| Untracked 
|   3|0x000000070a900000, 0x000000070a900000, 0x000000070aa00000|  0%| F|  |TAMS 0x000000070a900000, 0x000000070a900000| Untracked 
|   4|0x000000070aa00000, 0x000000070aa00000, 0x000000070ab00000|  0%| F|  |TAMS 0x000000070aa00000, 0x000000070aa00000| Untracked 
|   5|0x000000070ab00000, 0x000000070ab00000, 0x000000070ac00000|  0%| F|  |TAMS 0x000000070ab00000, 0x000000070ab00000| Untracked 
|   6|0x000000070ac00000, 0x000000070ac00000, 0x000000070ad00000|  0%| F|  |TAMS 0x000000070ac00000, 0x000000070ac00000| Untracked 
|   7|0x000000070ad00000, 0x000000070ad00000, 0x000000070ae00000|  0%| F|  |TAMS 0x000000070ad00000, 0x000000070ad00000| Untracked 
|   8|0x000000070ae00000, 0x000000070ae00000, 0x000000070af00000|  0%| F|  |TAMS 0x000000070ae00000, 0x000000070ae00000| Untracked 
|   9|0x000000070af00000, 0x000000070af00000, 0x000000070b000000|  0%| F|  |TAMS 0x000000070af00000, 0x000000070af00000| Untracked 
|  10|0x000000070b000000, 0x000000070b000000, 0x000000070b100000|  0%| F|  |TAMS 0x000000070b000000, 0x000000070b000000| Untracked 
|  11|0x000000070b100000, 0x000000070b100000, 0x000000070b200000|  0%| F|  |TAMS 0x000000070b100000, 0x000000070b100000| Untracked 
|  12|0x000000070b200000, 0x000000070b200000, 0x000000070b300000|  0%| F|  |TAMS 0x000000070b200000, 0x000000070b200000| Untracked 
|  13|0x000000070b300000, 0x000000070b300000, 0x000000070b400000|  0%| F|  |TAMS 0x000000070b300000, 0x000000070b300000| Untracked 
|  14|0x000000070b400000, 0x000000070b400000, 0x000000070b500000|  0%| F|  |TAMS 0x000000070b400000, 0x000000070b400000| Untracked 
|  15|0x000000070b500000, 0x000000070b500000, 0x000000070b600000|  0%| F|  |TAMS 0x000000070b500000, 0x000000070b500000| Untracked 
|  16|0x000000070b600000, 0x000000070b600000, 0x000000070b700000|  0%| F|  |TAMS 0x000000070b600000, 0x000000070b600000| Untracked 
|  17|0x000000070b700000, 0x000000070b700000, 0x000000070b800000|  0%| F|  |TAMS 0x000000070b700000, 0x000000070b700000| Untracked 
|  18|0x000000070b800000, 0x000000070b800000, 0x000000070b900000|  0%| F|  |TAMS 0x000000070b800000, 0x000000070b800000| Untracked 
|  19|0x000000070b900000, 0x000000070b900000, 0x000000070ba00000|  0%| F|  |TAMS 0x000000070b900000, 0x000000070b900000| Untracked 
|  20|0x000000070ba00000, 0x000000070ba00000, 0x000000070bb00000|  0%| F|  |TAMS 0x000000070ba00000, 0x000000070ba00000| Untracked 
|  21|0x000000070bb00000, 0x000000070bb00000, 0x000000070bc00000|  0%| F|  |TAMS 0x000000070bb00000, 0x000000070bb00000| Untracked 
|  22|0x000000070bc00000, 0x000000070bc00000, 0x000000070bd00000|  0%| F|  |TAMS 0x000000070bc00000, 0x000000070bc00000| Untracked 
|  23|0x000000070bd00000, 0x000000070bd00000, 0x000000070be00000|  0%| F|  |TAMS 0x000000070bd00000, 0x000000070bd00000| Untracked 
|  24|0x000000070be00000, 0x000000070be00000, 0x000000070bf00000|  0%| F|  |TAMS 0x000000070be00000, 0x000000070be00000| Untracked 
|  25|0x000000070bf00000, 0x000000070bf00000, 0x000000070c000000|  0%| F|  |TAMS 0x000000070bf00000, 0x000000070bf00000| Untracked 
|  26|0x000000070c000000, 0x000000070c000000, 0x000000070c100000|  0%| F|  |TAMS 0x000000070c000000, 0x000000070c000000| Untracked 
|  27|0x000000070c100000, 0x000000070c100000, 0x000000070c200000|  0%| F|  |TAMS 0x000000070c100000, 0x000000070c100000| Untracked 
|  28|0x000000070c200000, 0x000000070c200000, 0x000000070c300000|  0%| F|  |TAMS 0x000000070c200000, 0x000000070c200000| Untracked 
|  29|0x000000070c300000, 0x000000070c300000, 0x000000070c400000|  0%| F|  |TAMS 0x000000070c300000, 0x000000070c300000| Untracked 
|  30|0x000000070c400000, 0x000000070c400000, 0x000000070c500000|  0%| F|  |TAMS 0x000000070c400000, 0x000000070c400000| Untracked 
|  31|0x000000070c500000, 0x000000070c500000, 0x000000070c600000|  0%| F|  |TAMS 0x000000070c500000, 0x000000070c500000| Untracked 
|  32|0x000000070c600000, 0x000000070c600000, 0x000000070c700000|  0%| F|  |TAMS 0x000000070c600000, 0x000000070c600000| Untracked 
|  33|0x000000070c700000, 0x000000070c700000, 0x000000070c800000|  0%| F|  |TAMS 0x000000070c700000, 0x000000070c700000| Untracked 
|  34|0x000000070c800000, 0x000000070c800000, 0x000000070c900000|  0%| F|  |TAMS 0x000000070c800000, 0x000000070c800000| Untracked 
|  35|0x000000070c900000, 0x000000070c900000, 0x000000070ca00000|  0%| F|  |TAMS 0x000000070c900000, 0x000000070c900000| Untracked 
|  36|0x000000070ca00000, 0x000000070ca00000, 0x000000070cb00000|  0%| F|  |TAMS 0x000000070ca00000, 0x000000070ca00000| Untracked 
|  37|0x000000070cb00000, 0x000000070cb00000, 0x000000070cc00000|  0%| F|  |TAMS 0x000000070cb00000, 0x000000070cb00000| Untracked 
|  38|0x000000070cc00000, 0x000000070cc00000, 0x000000070cd00000|  0%| F|  |TAMS 0x000000070cc00000, 0x000000070cc00000| Untracked 
|  39|0x000000070cd00000, 0x000000070cd00000, 0x000000070ce00000|  0%| F|  |TAMS 0x000000070cd00000, 0x000000070cd00000| Untracked 
|  40|0x000000070ce00000, 0x000000070ce00000, 0x000000070cf00000|  0%| F|  |TAMS 0x000000070ce00000, 0x000000070ce00000| Untracked 
|  41|0x000000070cf00000, 0x000000070cf00000, 0x000000070d000000|  0%| F|  |TAMS 0x000000070cf00000, 0x000000070cf00000| Untracked 
|  42|0x000000070d000000, 0x000000070d000000, 0x000000070d100000|  0%| F|  |TAMS 0x000000070d000000, 0x000000070d000000| Untracked 
|  43|0x000000070d100000, 0x000000070d100000, 0x000000070d200000|  0%| F|  |TAMS 0x000000070d100000, 0x000000070d100000| Untracked 
|  44|0x000000070d200000, 0x000000070d200000, 0x000000070d300000|  0%| F|  |TAMS 0x000000070d200000, 0x000000070d200000| Untracked 
|  45|0x000000070d300000, 0x000000070d300000, 0x000000070d400000|  0%| F|  |TAMS 0x000000070d300000, 0x000000070d300000| Untracked 
|  46|0x000000070d400000, 0x000000070d400000, 0x000000070d500000|  0%| F|  |TAMS 0x000000070d400000, 0x000000070d400000| Untracked 
|  47|0x000000070d500000, 0x000000070d500000, 0x000000070d600000|  0%| F|  |TAMS 0x000000070d500000, 0x000000070d500000| Untracked 
|  48|0x000000070d600000, 0x000000070d600000, 0x000000070d700000|  0%| F|  |TAMS 0x000000070d600000, 0x000000070d600000| Untracked 
|  49|0x000000070d700000, 0x000000070d700000, 0x000000070d800000|  0%| F|  |TAMS 0x000000070d700000, 0x000000070d700000| Untracked 
|  50|0x000000070d800000, 0x000000070d800000, 0x000000070d900000|  0%| F|  |TAMS 0x000000070d800000, 0x000000070d800000| Untracked 
|  51|0x000000070d900000, 0x000000070d900000, 0x000000070da00000|  0%| F|  |TAMS 0x000000070d900000, 0x000000070d900000| Untracked 
|  52|0x000000070da00000, 0x000000070da00000, 0x000000070db00000|  0%| F|  |TAMS 0x000000070da00000, 0x000000070da00000| Untracked 
|  53|0x000000070db00000, 0x000000070db00000, 0x000000070dc00000|  0%| F|  |TAMS 0x000000070db00000, 0x000000070db00000| Untracked 
|  54|0x000000070dc00000, 0x000000070dc00000, 0x000000070dd00000|  0%| F|  |TAMS 0x000000070dc00000, 0x000000070dc00000| Untracked 
|  55|0x000000070dd00000, 0x000000070dd00000, 0x000000070de00000|  0%| F|  |TAMS 0x000000070dd00000, 0x000000070dd00000| Untracked 
|  56|0x000000070de00000, 0x000000070de00000, 0x000000070df00000|  0%| F|  |TAMS 0x000000070de00000, 0x000000070de00000| Untracked 
|  57|0x000000070df00000, 0x000000070df00000, 0x000000070e000000|  0%| F|  |TAMS 0x000000070df00000, 0x000000070df00000| Untracked 
|  58|0x000000070e000000, 0x000000070e000000, 0x000000070e100000|  0%| F|  |TAMS 0x000000070e000000, 0x000000070e000000| Untracked 
|  59|0x000000070e100000, 0x000000070e100000, 0x000000070e200000|  0%| F|  |TAMS 0x000000070e100000, 0x000000070e100000| Untracked 
|  60|0x000000070e200000, 0x000000070e200000, 0x000000070e300000|  0%| F|  |TAMS 0x000000070e200000, 0x000000070e200000| Untracked 
|  61|0x000000070e300000, 0x000000070e300000, 0x000000070e400000|  0%| F|  |TAMS 0x000000070e300000, 0x000000070e300000| Untracked 
|  62|0x000000070e400000, 0x000000070e400000, 0x000000070e500000|  0%| F|  |TAMS 0x000000070e400000, 0x000000070e400000| Untracked 
|  63|0x000000070e500000, 0x000000070e500000, 0x000000070e600000|  0%| F|  |TAMS 0x000000070e500000, 0x000000070e500000| Untracked 
|  64|0x000000070e600000, 0x000000070e600000, 0x000000070e700000|  0%| F|  |TAMS 0x000000070e600000, 0x000000070e600000| Untracked 
|  65|0x000000070e700000, 0x000000070e700000, 0x000000070e800000|  0%| F|  |TAMS 0x000000070e700000, 0x000000070e700000| Untracked 
|  66|0x000000070e800000, 0x000000070e800000, 0x000000070e900000|  0%| F|  |TAMS 0x000000070e800000, 0x000000070e800000| Untracked 
|  67|0x000000070e900000, 0x000000070e900000, 0x000000070ea00000|  0%| F|  |TAMS 0x000000070e900000, 0x000000070e900000| Untracked 
|  68|0x000000070ea00000, 0x000000070ea00000, 0x000000070eb00000|  0%| F|  |TAMS 0x000000070ea00000, 0x000000070ea00000| Untracked 
|  69|0x000000070eb00000, 0x000000070eb00000, 0x000000070ec00000|  0%| F|  |TAMS 0x000000070eb00000, 0x000000070eb00000| Untracked 
|  70|0x000000070ec00000, 0x000000070ec00000, 0x000000070ed00000|  0%| F|  |TAMS 0x000000070ec00000, 0x000000070ec00000| Untracked 
|  71|0x000000070ed00000, 0x000000070ed00000, 0x000000070ee00000|  0%| F|  |TAMS 0x000000070ed00000, 0x000000070ed00000| Untracked 
|  72|0x000000070ee00000, 0x000000070ee00000, 0x000000070ef00000|  0%| F|  |TAMS 0x000000070ee00000, 0x000000070ee00000| Untracked 
|  73|0x000000070ef00000, 0x000000070ef00000, 0x000000070f000000|  0%| F|  |TAMS 0x000000070ef00000, 0x000000070ef00000| Untracked 
|  74|0x000000070f000000, 0x000000070f000000, 0x000000070f100000|  0%| F|  |TAMS 0x000000070f000000, 0x000000070f000000| Untracked 
|  75|0x000000070f100000, 0x000000070f100000, 0x000000070f200000|  0%| F|  |TAMS 0x000000070f100000, 0x000000070f100000| Untracked 
|  76|0x000000070f200000, 0x000000070f200000, 0x000000070f300000|  0%| F|  |TAMS 0x000000070f200000, 0x000000070f200000| Untracked 
|  77|0x000000070f300000, 0x000000070f300000, 0x000000070f400000|  0%| F|  |TAMS 0x000000070f300000, 0x000000070f300000| Untracked 
|  78|0x000000070f400000, 0x000000070f400000, 0x000000070f500000|  0%| F|  |TAMS 0x000000070f400000, 0x000000070f400000| Untracked 
|  79|0x000000070f500000, 0x000000070f500000, 0x000000070f600000|  0%| F|  |TAMS 0x000000070f500000, 0x000000070f500000| Untracked 
|  80|0x000000070f600000, 0x000000070f600000, 0x000000070f700000|  0%| F|  |TAMS 0x000000070f600000, 0x000000070f600000| Untracked 
|  81|0x000000070f700000, 0x000000070f700000, 0x000000070f800000|  0%| F|  |TAMS 0x000000070f700000, 0x000000070f700000| Untracked 
|  82|0x000000070f800000, 0x000000070f800000, 0x000000070f900000|  0%| F|  |TAMS 0x000000070f800000, 0x000000070f800000| Untracked 
|  83|0x000000070f900000, 0x000000070f900000, 0x000000070fa00000|  0%| F|  |TAMS 0x000000070f900000, 0x000000070f900000| Untracked 
|  84|0x000000070fa00000, 0x000000070fa00000, 0x000000070fb00000|  0%| F|  |TAMS 0x000000070fa00000, 0x000000070fa00000| Untracked 
|  85|0x000000070fb00000, 0x000000070fb00000, 0x000000070fc00000|  0%| F|  |TAMS 0x000000070fb00000, 0x000000070fb00000| Untracked 
|  86|0x000000070fc00000, 0x000000070fc00000, 0x000000070fd00000|  0%| F|  |TAMS 0x000000070fc00000, 0x000000070fc00000| Untracked 
|  87|0x000000070fd00000, 0x000000070fd00000, 0x000000070fe00000|  0%| F|  |TAMS 0x000000070fd00000, 0x000000070fd00000| Untracked 
|  88|0x000000070fe00000, 0x000000070fe00000, 0x000000070ff00000|  0%| F|  |TAMS 0x000000070fe00000, 0x000000070fe00000| Untracked 
|  89|0x000000070ff00000, 0x000000070ff00000, 0x0000000710000000|  0%| F|  |TAMS 0x000000070ff00000, 0x000000070ff00000| Untracked 
|  90|0x0000000710000000, 0x0000000710000000, 0x0000000710100000|  0%| F|  |TAMS 0x0000000710000000, 0x0000000710000000| Untracked 
|  91|0x0000000710100000, 0x0000000710100000, 0x0000000710200000|  0%| F|  |TAMS 0x0000000710100000, 0x0000000710100000| Untracked 
|  92|0x0000000710200000, 0x0000000710200000, 0x0000000710300000|  0%| F|  |TAMS 0x0000000710200000, 0x0000000710200000| Untracked 
|  93|0x0000000710300000, 0x0000000710300000, 0x0000000710400000|  0%| F|  |TAMS 0x0000000710300000, 0x0000000710300000| Untracked 
|  94|0x0000000710400000, 0x0000000710400000, 0x0000000710500000|  0%| F|  |TAMS 0x0000000710400000, 0x0000000710400000| Untracked 
|  95|0x0000000710500000, 0x0000000710500000, 0x0000000710600000|  0%| F|  |TAMS 0x0000000710500000, 0x0000000710500000| Untracked 
|  96|0x0000000710600000, 0x0000000710600000, 0x0000000710700000|  0%| F|  |TAMS 0x0000000710600000, 0x0000000710600000| Untracked 
|  97|0x0000000710700000, 0x0000000710700000, 0x0000000710800000|  0%| F|  |TAMS 0x0000000710700000, 0x0000000710700000| Untracked 
|  98|0x0000000710800000, 0x0000000710800000, 0x0000000710900000|  0%| F|  |TAMS 0x0000000710800000, 0x0000000710800000| Untracked 
|  99|0x0000000710900000, 0x0000000710900000, 0x0000000710a00000|  0%| F|  |TAMS 0x0000000710900000, 0x0000000710900000| Untracked 
| 100|0x0000000710a00000, 0x0000000710a00000, 0x0000000710b00000|  0%| F|  |TAMS 0x0000000710a00000, 0x0000000710a00000| Untracked 
| 101|0x0000000710b00000, 0x0000000710b00000, 0x0000000710c00000|  0%| F|  |TAMS 0x0000000710b00000, 0x0000000710b00000| Untracked 
| 102|0x0000000710c00000, 0x0000000710c00000, 0x0000000710d00000|  0%| F|  |TAMS 0x0000000710c00000, 0x0000000710c00000| Untracked 
| 103|0x0000000710d00000, 0x0000000710d00000, 0x0000000710e00000|  0%| F|  |TAMS 0x0000000710d00000, 0x0000000710d00000| Untracked 
| 104|0x0000000710e00000, 0x0000000710e00000, 0x0000000710f00000|  0%| F|  |TAMS 0x0000000710e00000, 0x0000000710e00000| Untracked 
| 105|0x0000000710f00000, 0x0000000710f00000, 0x0000000711000000|  0%| F|  |TAMS 0x0000000710f00000, 0x0000000710f00000| Untracked 
| 106|0x0000000711000000, 0x0000000711000000, 0x0000000711100000|  0%| F|  |TAMS 0x0000000711000000, 0x0000000711000000| Untracked 
| 107|0x0000000711100000, 0x0000000711100000, 0x0000000711200000|  0%| F|  |TAMS 0x0000000711100000, 0x0000000711100000| Untracked 
| 108|0x0000000711200000, 0x0000000711200000, 0x0000000711300000|  0%| F|  |TAMS 0x0000000711200000, 0x0000000711200000| Untracked 
| 109|0x0000000711300000, 0x0000000711300000, 0x0000000711400000|  0%| F|  |TAMS 0x0000000711300000, 0x0000000711300000| Untracked 
| 110|0x0000000711400000, 0x0000000711400000, 0x0000000711500000|  0%| F|  |TAMS 0x0000000711400000, 0x0000000711400000| Untracked 
| 111|0x0000000711500000, 0x0000000711500000, 0x0000000711600000|  0%| F|  |TAMS 0x0000000711500000, 0x0000000711500000| Untracked 
| 112|0x0000000711600000, 0x0000000711600000, 0x0000000711700000|  0%| F|  |TAMS 0x0000000711600000, 0x0000000711600000| Untracked 
| 113|0x0000000711700000, 0x0000000711700000, 0x0000000711800000|  0%| F|  |TAMS 0x0000000711700000, 0x0000000711700000| Untracked 
| 114|0x0000000711800000, 0x0000000711800000, 0x0000000711900000|  0%| F|  |TAMS 0x0000000711800000, 0x0000000711800000| Untracked 
| 115|0x0000000711900000, 0x0000000711900000, 0x0000000711a00000|  0%| F|  |TAMS 0x0000000711900000, 0x0000000711900000| Untracked 
| 116|0x0000000711a00000, 0x0000000711a00000, 0x0000000711b00000|  0%| F|  |TAMS 0x0000000711a00000, 0x0000000711a00000| Untracked 
| 117|0x0000000711b00000, 0x0000000711b00000, 0x0000000711c00000|  0%| F|  |TAMS 0x0000000711b00000, 0x0000000711b00000| Untracked 
| 118|0x0000000711c00000, 0x0000000711c00000, 0x0000000711d00000|  0%| F|  |TAMS 0x0000000711c00000, 0x0000000711c00000| Untracked 
| 119|0x0000000711d00000, 0x0000000711d00000, 0x0000000711e00000|  0%| F|  |TAMS 0x0000000711d00000, 0x0000000711d00000| Untracked 
| 120|0x0000000711e00000, 0x0000000711e00000, 0x0000000711f00000|  0%| F|  |TAMS 0x0000000711e00000, 0x0000000711e00000| Untracked 
| 121|0x0000000711f00000, 0x0000000711f00000, 0x0000000712000000|  0%| F|  |TAMS 0x0000000711f00000, 0x0000000711f00000| Untracked 
| 122|0x0000000712000000, 0x0000000712000000, 0x0000000712100000|  0%| F|  |TAMS 0x0000000712000000, 0x0000000712000000| Untracked 
| 123|0x0000000712100000, 0x0000000712100000, 0x0000000712200000|  0%| F|  |TAMS 0x0000000712100000, 0x0000000712100000| Untracked 
| 124|0x0000000712200000, 0x0000000712200000, 0x0000000712300000|  0%| F|  |TAMS 0x0000000712200000, 0x0000000712200000| Untracked 
| 125|0x0000000712300000, 0x0000000712300000, 0x0000000712400000|  0%| F|  |TAMS 0x0000000712300000, 0x0000000712300000| Untracked 
| 126|0x0000000712400000, 0x0000000712400000, 0x0000000712500000|  0%| F|  |TAMS 0x0000000712400000, 0x0000000712400000| Untracked 
| 127|0x0000000712500000, 0x0000000712500000, 0x0000000712600000|  0%| F|  |TAMS 0x0000000712500000, 0x0000000712500000| Untracked 
| 128|0x0000000712600000, 0x0000000712600000, 0x0000000712700000|  0%| F|  |TAMS 0x0000000712600000, 0x0000000712600000| Untracked 
| 129|0x0000000712700000, 0x0000000712700000, 0x0000000712800000|  0%| F|  |TAMS 0x0000000712700000, 0x0000000712700000| Untracked 
| 130|0x0000000712800000, 0x0000000712800000, 0x0000000712900000|  0%| F|  |TAMS 0x0000000712800000, 0x0000000712800000| Untracked 
| 131|0x0000000712900000, 0x0000000712900000, 0x0000000712a00000|  0%| F|  |TAMS 0x0000000712900000, 0x0000000712900000| Untracked 
| 132|0x0000000712a00000, 0x0000000712a00000, 0x0000000712b00000|  0%| F|  |TAMS 0x0000000712a00000, 0x0000000712a00000| Untracked 
| 133|0x0000000712b00000, 0x0000000712b00000, 0x0000000712c00000|  0%| F|  |TAMS 0x0000000712b00000, 0x0000000712b00000| Untracked 
| 134|0x0000000712c00000, 0x0000000712c00000, 0x0000000712d00000|  0%| F|  |TAMS 0x0000000712c00000, 0x0000000712c00000| Untracked 
| 135|0x0000000712d00000, 0x0000000712d00000, 0x0000000712e00000|  0%| F|  |TAMS 0x0000000712d00000, 0x0000000712d00000| Untracked 
| 136|0x0000000712e00000, 0x0000000712e00000, 0x0000000712f00000|  0%| F|  |TAMS 0x0000000712e00000, 0x0000000712e00000| Untracked 
| 137|0x0000000712f00000, 0x0000000712f00000, 0x0000000713000000|  0%| F|  |TAMS 0x0000000712f00000, 0x0000000712f00000| Untracked 
| 138|0x0000000713000000, 0x0000000713000000, 0x0000000713100000|  0%| F|  |TAMS 0x0000000713000000, 0x0000000713000000| Untracked 
| 139|0x0000000713100000, 0x0000000713100000, 0x0000000713200000|  0%| F|  |TAMS 0x0000000713100000, 0x0000000713100000| Untracked 
| 140|0x0000000713200000, 0x0000000713200000, 0x0000000713300000|  0%| F|  |TAMS 0x0000000713200000, 0x0000000713200000| Untracked 
| 141|0x0000000713300000, 0x0000000713300000, 0x0000000713400000|  0%| F|  |TAMS 0x0000000713300000, 0x0000000713300000| Untracked 
| 142|0x0000000713400000, 0x0000000713400000, 0x0000000713500000|  0%| F|  |TAMS 0x0000000713400000, 0x0000000713400000| Untracked 
| 143|0x0000000713500000, 0x0000000713500000, 0x0000000713600000|  0%| F|  |TAMS 0x0000000713500000, 0x0000000713500000| Untracked 
| 144|0x0000000713600000, 0x0000000713600000, 0x0000000713700000|  0%| F|  |TAMS 0x0000000713600000, 0x0000000713600000| Untracked 
| 145|0x0000000713700000, 0x0000000713700000, 0x0000000713800000|  0%| F|  |TAMS 0x0000000713700000, 0x0000000713700000| Untracked 
| 146|0x0000000713800000, 0x0000000713800000, 0x0000000713900000|  0%| F|  |TAMS 0x0000000713800000, 0x0000000713800000| Untracked 
| 147|0x0000000713900000, 0x0000000713900000, 0x0000000713a00000|  0%| F|  |TAMS 0x0000000713900000, 0x0000000713900000| Untracked 
| 148|0x0000000713a00000, 0x0000000713a00000, 0x0000000713b00000|  0%| F|  |TAMS 0x0000000713a00000, 0x0000000713a00000| Untracked 
| 149|0x0000000713b00000, 0x0000000713b00000, 0x0000000713c00000|  0%| F|  |TAMS 0x0000000713b00000, 0x0000000713b00000| Untracked 
| 150|0x0000000713c00000, 0x0000000713c00000, 0x0000000713d00000|  0%| F|  |TAMS 0x0000000713c00000, 0x0000000713c00000| Untracked 
| 151|0x0000000713d00000, 0x0000000713d00000, 0x0000000713e00000|  0%| F|  |TAMS 0x0000000713d00000, 0x0000000713d00000| Untracked 
| 152|0x0000000713e00000, 0x0000000713e00000, 0x0000000713f00000|  0%| F|  |TAMS 0x0000000713e00000, 0x0000000713e00000| Untracked 
| 153|0x0000000713f00000, 0x0000000713f00000, 0x0000000714000000|  0%| F|  |TAMS 0x0000000713f00000, 0x0000000713f00000| Untracked 
| 154|0x0000000714000000, 0x0000000714000000, 0x0000000714100000|  0%| F|  |TAMS 0x0000000714000000, 0x0000000714000000| Untracked 
| 155|0x0000000714100000, 0x0000000714100000, 0x0000000714200000|  0%| F|  |TAMS 0x0000000714100000, 0x0000000714100000| Untracked 
| 156|0x0000000714200000, 0x0000000714200000, 0x0000000714300000|  0%| F|  |TAMS 0x0000000714200000, 0x0000000714200000| Untracked 
| 157|0x0000000714300000, 0x0000000714300000, 0x0000000714400000|  0%| F|  |TAMS 0x0000000714300000, 0x0000000714300000| Untracked 
| 158|0x0000000714400000, 0x0000000714400000, 0x0000000714500000|  0%| F|  |TAMS 0x0000000714400000, 0x0000000714400000| Untracked 
| 159|0x0000000714500000, 0x0000000714500000, 0x0000000714600000|  0%| F|  |TAMS 0x0000000714500000, 0x0000000714500000| Untracked 
| 160|0x0000000714600000, 0x0000000714600000, 0x0000000714700000|  0%| F|  |TAMS 0x0000000714600000, 0x0000000714600000| Untracked 
| 161|0x0000000714700000, 0x0000000714700000, 0x0000000714800000|  0%| F|  |TAMS 0x0000000714700000, 0x0000000714700000| Untracked 
| 162|0x0000000714800000, 0x0000000714800000, 0x0000000714900000|  0%| F|  |TAMS 0x0000000714800000, 0x0000000714800000| Untracked 
| 163|0x0000000714900000, 0x0000000714900000, 0x0000000714a00000|  0%| F|  |TAMS 0x0000000714900000, 0x0000000714900000| Untracked 
| 164|0x0000000714a00000, 0x0000000714a00000, 0x0000000714b00000|  0%| F|  |TAMS 0x0000000714a00000, 0x0000000714a00000| Untracked 
| 165|0x0000000714b00000, 0x0000000714b00000, 0x0000000714c00000|  0%| F|  |TAMS 0x0000000714b00000, 0x0000000714b00000| Untracked 
| 166|0x0000000714c00000, 0x0000000714c00000, 0x0000000714d00000|  0%| F|  |TAMS 0x0000000714c00000, 0x0000000714c00000| Untracked 
| 167|0x0000000714d00000, 0x0000000714d00000, 0x0000000714e00000|  0%| F|  |TAMS 0x0000000714d00000, 0x0000000714d00000| Untracked 
| 168|0x0000000714e00000, 0x0000000714e00000, 0x0000000714f00000|  0%| F|  |TAMS 0x0000000714e00000, 0x0000000714e00000| Untracked 
| 169|0x0000000714f00000, 0x0000000714f00000, 0x0000000715000000|  0%| F|  |TAMS 0x0000000714f00000, 0x0000000714f00000| Untracked 
| 170|0x0000000715000000, 0x0000000715000000, 0x0000000715100000|  0%| F|  |TAMS 0x0000000715000000, 0x0000000715000000| Untracked 
| 171|0x0000000715100000, 0x0000000715100000, 0x0000000715200000|  0%| F|  |TAMS 0x0000000715100000, 0x0000000715100000| Untracked 
| 172|0x0000000715200000, 0x0000000715200000, 0x0000000715300000|  0%| F|  |TAMS 0x0000000715200000, 0x0000000715200000| Untracked 
| 173|0x0000000715300000, 0x0000000715300000, 0x0000000715400000|  0%| F|  |TAMS 0x0000000715300000, 0x0000000715300000| Untracked 
| 174|0x0000000715400000, 0x0000000715400000, 0x0000000715500000|  0%| F|  |TAMS 0x0000000715400000, 0x0000000715400000| Untracked 
| 175|0x0000000715500000, 0x0000000715500000, 0x0000000715600000|  0%| F|  |TAMS 0x0000000715500000, 0x0000000715500000| Untracked 
| 176|0x0000000715600000, 0x0000000715600000, 0x0000000715700000|  0%| F|  |TAMS 0x0000000715600000, 0x0000000715600000| Untracked 
| 177|0x0000000715700000, 0x0000000715700000, 0x0000000715800000|  0%| F|  |TAMS 0x0000000715700000, 0x0000000715700000| Untracked 
| 178|0x0000000715800000, 0x0000000715800000, 0x0000000715900000|  0%| F|  |TAMS 0x0000000715800000, 0x0000000715800000| Untracked 
| 179|0x0000000715900000, 0x0000000715900000, 0x0000000715a00000|  0%| F|  |TAMS 0x0000000715900000, 0x0000000715900000| Untracked 
| 180|0x0000000715a00000, 0x0000000715a00000, 0x0000000715b00000|  0%| F|  |TAMS 0x0000000715a00000, 0x0000000715a00000| Untracked 
| 181|0x0000000715b00000, 0x0000000715b00000, 0x0000000715c00000|  0%| F|  |TAMS 0x0000000715b00000, 0x0000000715b00000| Untracked 
| 182|0x0000000715c00000, 0x0000000715c00000, 0x0000000715d00000|  0%| F|  |TAMS 0x0000000715c00000, 0x0000000715c00000| Untracked 
| 183|0x0000000715d00000, 0x0000000715d00000, 0x0000000715e00000|  0%| F|  |TAMS 0x0000000715d00000, 0x0000000715d00000| Untracked 
| 184|0x0000000715e00000, 0x0000000715e00000, 0x0000000715f00000|  0%| F|  |TAMS 0x0000000715e00000, 0x0000000715e00000| Untracked 
| 185|0x0000000715f00000, 0x0000000715f00000, 0x0000000716000000|  0%| F|  |TAMS 0x0000000715f00000, 0x0000000715f00000| Untracked 
| 186|0x0000000716000000, 0x0000000716000000, 0x0000000716100000|  0%| F|  |TAMS 0x0000000716000000, 0x0000000716000000| Untracked 
| 187|0x0000000716100000, 0x0000000716100000, 0x0000000716200000|  0%| F|  |TAMS 0x0000000716100000, 0x0000000716100000| Untracked 
| 188|0x0000000716200000, 0x0000000716200000, 0x0000000716300000|  0%| F|  |TAMS 0x0000000716200000, 0x0000000716200000| Untracked 
| 189|0x0000000716300000, 0x0000000716300000, 0x0000000716400000|  0%| F|  |TAMS 0x0000000716300000, 0x0000000716300000| Untracked 
| 190|0x0000000716400000, 0x0000000716400000, 0x0000000716500000|  0%| F|  |TAMS 0x0000000716400000, 0x0000000716400000| Untracked 
| 191|0x0000000716500000, 0x0000000716500000, 0x0000000716600000|  0%| F|  |TAMS 0x0000000716500000, 0x0000000716500000| Untracked 
| 192|0x0000000716600000, 0x0000000716600000, 0x0000000716700000|  0%| F|  |TAMS 0x0000000716600000, 0x0000000716600000| Untracked 
| 193|0x0000000716700000, 0x0000000716700000, 0x0000000716800000|  0%| F|  |TAMS 0x0000000716700000, 0x0000000716700000| Untracked 
| 194|0x0000000716800000, 0x0000000716800000, 0x0000000716900000|  0%| F|  |TAMS 0x0000000716800000, 0x0000000716800000| Untracked 
| 195|0x0000000716900000, 0x0000000716900000, 0x0000000716a00000|  0%| F|  |TAMS 0x0000000716900000, 0x0000000716900000| Untracked 
| 196|0x0000000716a00000, 0x0000000716a00000, 0x0000000716b00000|  0%| F|  |TAMS 0x0000000716a00000, 0x0000000716a00000| Untracked 
| 197|0x0000000716b00000, 0x0000000716b00000, 0x0000000716c00000|  0%| F|  |TAMS 0x0000000716b00000, 0x0000000716b00000| Untracked 
| 198|0x0000000716c00000, 0x0000000716c00000, 0x0000000716d00000|  0%| F|  |TAMS 0x0000000716c00000, 0x0000000716c00000| Untracked 
| 199|0x0000000716d00000, 0x0000000716d00000, 0x0000000716e00000|  0%| F|  |TAMS 0x0000000716d00000, 0x0000000716d00000| Untracked 
| 200|0x0000000716e00000, 0x0000000716e00000, 0x0000000716f00000|  0%| F|  |TAMS 0x0000000716e00000, 0x0000000716e00000| Untracked 
| 201|0x0000000716f00000, 0x0000000716f00000, 0x0000000717000000|  0%| F|  |TAMS 0x0000000716f00000, 0x0000000716f00000| Untracked 
| 202|0x0000000717000000, 0x0000000717000000, 0x0000000717100000|  0%| F|  |TAMS 0x0000000717000000, 0x0000000717000000| Untracked 
| 203|0x0000000717100000, 0x0000000717100000, 0x0000000717200000|  0%| F|  |TAMS 0x0000000717100000, 0x0000000717100000| Untracked 
| 204|0x0000000717200000, 0x0000000717200000, 0x0000000717300000|  0%| F|  |TAMS 0x0000000717200000, 0x0000000717200000| Untracked 
| 205|0x0000000717300000, 0x0000000717300000, 0x0000000717400000|  0%| F|  |TAMS 0x0000000717300000, 0x0000000717300000| Untracked 
| 206|0x0000000717400000, 0x0000000717400000, 0x0000000717500000|  0%| F|  |TAMS 0x0000000717400000, 0x0000000717400000| Untracked 
| 207|0x0000000717500000, 0x0000000717500000, 0x0000000717600000|  0%| F|  |TAMS 0x0000000717500000, 0x0000000717500000| Untracked 
| 208|0x0000000717600000, 0x0000000717600000, 0x0000000717700000|  0%| F|  |TAMS 0x0000000717600000, 0x0000000717600000| Untracked 
| 209|0x0000000717700000, 0x0000000717700000, 0x0000000717800000|  0%| F|  |TAMS 0x0000000717700000, 0x0000000717700000| Untracked 
| 210|0x0000000717800000, 0x0000000717800000, 0x0000000717900000|  0%| F|  |TAMS 0x0000000717800000, 0x0000000717800000| Untracked 
| 211|0x0000000717900000, 0x0000000717900000, 0x0000000717a00000|  0%| F|  |TAMS 0x0000000717900000, 0x0000000717900000| Untracked 
| 212|0x0000000717a00000, 0x0000000717a00000, 0x0000000717b00000|  0%| F|  |TAMS 0x0000000717a00000, 0x0000000717a00000| Untracked 
| 213|0x0000000717b00000, 0x0000000717b00000, 0x0000000717c00000|  0%| F|  |TAMS 0x0000000717b00000, 0x0000000717b00000| Untracked 
| 214|0x0000000717c00000, 0x0000000717c00000, 0x0000000717d00000|  0%| F|  |TAMS 0x0000000717c00000, 0x0000000717c00000| Untracked 
| 215|0x0000000717d00000, 0x0000000717d00000, 0x0000000717e00000|  0%| F|  |TAMS 0x0000000717d00000, 0x0000000717d00000| Untracked 
| 216|0x0000000717e00000, 0x0000000717e00000, 0x0000000717f00000|  0%| F|  |TAMS 0x0000000717e00000, 0x0000000717e00000| Untracked 
| 217|0x0000000717f00000, 0x0000000717f00000, 0x0000000718000000|  0%| F|  |TAMS 0x0000000717f00000, 0x0000000717f00000| Untracked 
| 218|0x0000000718000000, 0x0000000718000000, 0x0000000718100000|  0%| F|  |TAMS 0x0000000718000000, 0x0000000718000000| Untracked 
| 219|0x0000000718100000, 0x0000000718100000, 0x0000000718200000|  0%| F|  |TAMS 0x0000000718100000, 0x0000000718100000| Untracked 
| 220|0x0000000718200000, 0x0000000718200000, 0x0000000718300000|  0%| F|  |TAMS 0x0000000718200000, 0x0000000718200000| Untracked 
| 221|0x0000000718300000, 0x0000000718300000, 0x0000000718400000|  0%| F|  |TAMS 0x0000000718300000, 0x0000000718300000| Untracked 
| 222|0x0000000718400000, 0x0000000718400000, 0x0000000718500000|  0%| F|  |TAMS 0x0000000718400000, 0x0000000718400000| Untracked 
| 223|0x0000000718500000, 0x0000000718500000, 0x0000000718600000|  0%| F|  |TAMS 0x0000000718500000, 0x0000000718500000| Untracked 
| 224|0x0000000718600000, 0x0000000718600000, 0x0000000718700000|  0%| F|  |TAMS 0x0000000718600000, 0x0000000718600000| Untracked 
| 225|0x0000000718700000, 0x0000000718700000, 0x0000000718800000|  0%| F|  |TAMS 0x0000000718700000, 0x0000000718700000| Untracked 
| 226|0x0000000718800000, 0x0000000718800000, 0x0000000718900000|  0%| F|  |TAMS 0x0000000718800000, 0x0000000718800000| Untracked 
| 227|0x0000000718900000, 0x0000000718900000, 0x0000000718a00000|  0%| F|  |TAMS 0x0000000718900000, 0x0000000718900000| Untracked 
| 228|0x0000000718a00000, 0x0000000718a00000, 0x0000000718b00000|  0%| F|  |TAMS 0x0000000718a00000, 0x0000000718a00000| Untracked 
| 229|0x0000000718b00000, 0x0000000718b00000, 0x0000000718c00000|  0%| F|  |TAMS 0x0000000718b00000, 0x0000000718b00000| Untracked 
| 230|0x0000000718c00000, 0x0000000718c00000, 0x0000000718d00000|  0%| F|  |TAMS 0x0000000718c00000, 0x0000000718c00000| Untracked 
| 231|0x0000000718d00000, 0x0000000718d00000, 0x0000000718e00000|  0%| F|  |TAMS 0x0000000718d00000, 0x0000000718d00000| Untracked 
| 232|0x0000000718e00000, 0x0000000718e00000, 0x0000000718f00000|  0%| F|  |TAMS 0x0000000718e00000, 0x0000000718e00000| Untracked 
| 233|0x0000000718f00000, 0x0000000718f00000, 0x0000000719000000|  0%| F|  |TAMS 0x0000000718f00000, 0x0000000718f00000| Untracked 
| 234|0x0000000719000000, 0x0000000719000000, 0x0000000719100000|  0%| F|  |TAMS 0x0000000719000000, 0x0000000719000000| Untracked 
| 235|0x0000000719100000, 0x0000000719100000, 0x0000000719200000|  0%| F|  |TAMS 0x0000000719100000, 0x0000000719100000| Untracked 
| 236|0x0000000719200000, 0x0000000719200000, 0x0000000719300000|  0%| F|  |TAMS 0x0000000719200000, 0x0000000719200000| Untracked 
| 237|0x0000000719300000, 0x0000000719300000, 0x0000000719400000|  0%| F|  |TAMS 0x0000000719300000, 0x0000000719300000| Untracked 
| 238|0x0000000719400000, 0x0000000719400000, 0x0000000719500000|  0%| F|  |TAMS 0x0000000719400000, 0x0000000719400000| Untracked 
| 239|0x0000000719500000, 0x00000007195d7938, 0x0000000719600000| 84%| E|  |TAMS 0x0000000719500000, 0x0000000719500000| Complete 
| 240|0x0000000719600000, 0x0000000719700000, 0x0000000719700000|100%| E|CS|TAMS 0x0000000719600000, 0x0000000719600000| Complete 
| 241|0x0000000719700000, 0x0000000719800000, 0x0000000719800000|100%| E|CS|TAMS 0x0000000719700000, 0x0000000719700000| Complete 
| 242|0x0000000719800000, 0x0000000719900000, 0x0000000719900000|100%| E|  |TAMS 0x0000000719800000, 0x0000000719800000| Complete 
| 243|0x0000000719900000, 0x0000000719a00000, 0x0000000719a00000|100%| E|CS|TAMS 0x0000000719900000, 0x0000000719900000| Complete 
| 244|0x0000000719a00000, 0x0000000719b00000, 0x0000000719b00000|100%| E|CS|TAMS 0x0000000719a00000, 0x0000000719a00000| Complete 
| 245|0x0000000719b00000, 0x0000000719c00000, 0x0000000719c00000|100%| E|CS|TAMS 0x0000000719b00000, 0x0000000719b00000| Complete 

Card table byte_map: [0x00007f07e19fe000,0x00007f07e21ab000] _byte_map_base: 0x00007f07de1ab000

Marking Bits (Prev, Next): (CMBitMap*) 0x00007f07dc07c1e8, (CMBitMap*) 0x00007f07dc07c220
 Prev Bits: [0x00007f07bc298000, 0x00007f07c0000000)
 Next Bits: [0x00007f07b8530000, 0x00007f07bc298000)

Polling page: 0x00007f07e6cb5000

Metaspace:

Usage:
  Non-class:      8.36 MB capacity,     8.23 MB ( 98%) used,   114.84 KB (  1%) free+waste,    18.25 KB ( <1%) overhead. 
      Class:    937.00 KB capacity,   856.30 KB ( 91%) used,    71.70 KB (  8%) free+waste,     9.00 KB ( <1%) overhead. 
       Both:      9.27 MB capacity,     9.07 MB ( 98%) used,   186.55 KB (  2%) free+waste,    27.25 KB ( <1%) overhead. 

Virtual space:
  Non-class space:       10.00 MB reserved,       8.50 MB ( 85%) committed 
      Class space:        1.00 GB reserved,       1.00 MB ( <1%) committed 
             Both:        1.01 GB reserved,       9.50 MB ( <1%) committed 

Chunk freelists:
   Non-Class:  44.00 KB
       Class:  23.00 KB
        Both:  67.00 KB

MaxMetaspaceSize: unlimited
CompressedClassSpaceSize: 1.00 GB

CodeHeap 'non-profiled nmethods': size=120032Kb used=190Kb max_used=190Kb free=119841Kb
 bounds [0x00007f07cc340000, 0x00007f07cc5b0000, 0x00007f07d3878000]
CodeHeap 'profiled nmethods': size=120032Kb used=749Kb max_used=749Kb free=119282Kb
 bounds [0x00007f07c4e08000, 0x00007f07c5078000, 0x00007f07cc340000]
CodeHeap 'non-nmethods': size=5696Kb used=1205Kb max_used=1219Kb free=4490Kb
 bounds [0x00007f07c4878000, 0x00007f07c4ae8000, 0x00007f07c4e08000]
 total_blobs=1032 nmethods=548 adapters=405
 compilation: enabled
              stopped_count=0, restarted_count=0
 full_count=0

Compilation events (20 events):
Event: 2692.281 Thread 0x00007f07dc20d000  537   !   4       sun.awt.X11.XToolkit::getNextTaskTime (55 bytes)
Event: 2692.286 Thread 0x00007f07dc20d000 nmethod 537 0x00007f07cc36dc90 code [0x00007f07cc36de40, 0x00007f07cc36e1f8]
Event: 3038.916 Thread 0x00007f07dc20d000  538       4       sun.awt.SunToolkit::awtLock (7 bytes)
Event: 3038.920 Thread 0x00007f07dc20d000 nmethod 538 0x00007f07cc36e510 code [0x00007f07cc36e6c0, 0x00007f07cc36e918]
Event: 3473.291 Thread 0x00007f07dc20d000  539       4       jdk.internal.logger.SimpleConsoleLogger::isLoggable (29 bytes)
Event: 3473.293 Thread 0x00007f07dc20d000 nmethod 539 0x00007f07cc36eb10 code [0x00007f07cc36ecc0, 0x00007f07cc36edf8]
Event: 3493.747 Thread 0x00007f07dc20f000  540       3       jdk.internal.logger.LazyLoggers$LazyLoggerWrapper::platformProxy (10 bytes)
Event: 3493.747 Thread 0x00007f07dc20f000 nmethod 540 0x00007f07c4ebfd90 code [0x00007f07c4ebff40, 0x00007f07c4ec00c0]
Event: 3692.053 Thread 0x00007f07dc20f000  541       3       jdk.internal.logger.AbstractLoggerWrapper::log (40 bytes)
Event: 3692.053 Thread 0x00007f07dc20f000 nmethod 541 0x00007f07c4ec0190 code [0x00007f07c4ec0380, 0x00007f07c4ec0870]
Event: 3692.054 Thread 0x00007f07dc20f000  542       3       jdk.internal.logger.SimpleConsoleLogger::log (24 bytes)
Event: 3692.055 Thread 0x00007f07dc20f000 nmethod 542 0x00007f07c4ec0a10 code [0x00007f07c4ec0c20, 0x00007f07c4ec11a0]
Event: 7681.001 Thread 0x00007f07dc20f000  545       3       java.lang.ref.ReferenceQueue::reallyPoll (65 bytes)
Event: 7681.002 Thread 0x00007f07dc20f000 nmethod 545 0x00007f07c4ec1410 code [0x00007f07c4ec1600, 0x00007f07c4ec1b30]
Event: 15181.023 Thread 0x00007f07dc20f000  547   !   3       java.lang.ref.ReferenceQueue::remove (125 bytes)
Event: 15181.023 Thread 0x00007f07dc20f000 nmethod 547 0x00007f07c4ec1c10 code [0x00007f07c4ec1e40, 0x00007f07c4ec2730]
Event: 15301.023 Thread 0x00007f07dc20f000  548   !   3       jdk.internal.ref.PhantomCleanable::isListEmpty (34 bytes)
Event: 15301.023 Thread 0x00007f07dc20f000 nmethod 548 0x00007f07c4ec2a90 code [0x00007f07c4ec2c60, 0x00007f07c4ec2f90]
Event: 15301.023 Thread 0x00007f07dc20f000  549       3       jdk.internal.misc.InnocuousThread::eraseThreadLocals (23 bytes)
Event: 15301.024 Thread 0x00007f07dc20f000 nmethod 549 0x00007f07c4ec3110 code [0x00007f07c4ec32c0, 0x00007f07c4ec34b0]

GC Heap History (0 events):
No events

Deoptimization events (20 events):
Event: 2.196 Thread 0x00007f07dc018000 DEOPT PACKING pc=0x00007f07c4e268b9 sp=0x00007f07e6c97140
Event: 2.196 Thread 0x00007f07dc018000 DEOPT UNPACKING pc=0x00007f07c48aebca sp=0x00007f07e6c96600 mode 0
Event: 2.196 Thread 0x00007f07dc018000 DEOPT PACKING pc=0x00007f07c4e262ae sp=0x00007f07e6c970f0
Event: 2.196 Thread 0x00007f07dc018000 DEOPT UNPACKING pc=0x00007f07c48aebca sp=0x00007f07e6c96600 mode 0
Event: 2.197 Thread 0x00007f07dc018000 DEOPT PACKING pc=0x00007f07c4e262ae sp=0x00007f07e6c970f0
Event: 2.197 Thread 0x00007f07dc018000 DEOPT UNPACKING pc=0x00007f07c48aebca sp=0x00007f07e6c96600 mode 0
Event: 2.197 Thread 0x00007f07dc018000 DEOPT PACKING pc=0x00007f07c4e262ae sp=0x00007f07e6c970f0
Event: 2.197 Thread 0x00007f07dc018000 DEOPT UNPACKING pc=0x00007f07c48aebca sp=0x00007f07e6c96600 mode 0
Event: 2.198 Thread 0x00007f07dc018000 DEOPT PACKING pc=0x00007f07c4e262ae sp=0x00007f07e6c970f0
Event: 2.198 Thread 0x00007f07dc018000 DEOPT UNPACKING pc=0x00007f07c48aebca sp=0x00007f07e6c96600 mode 0
Event: 2.199 Thread 0x00007f07dc018000 DEOPT PACKING pc=0x00007f07c4e262ae sp=0x00007f07e6c970f0
Event: 2.199 Thread 0x00007f07dc018000 DEOPT UNPACKING pc=0x00007f07c48aebca sp=0x00007f07e6c96600 mode 0
Event: 2931.962 Thread 0x00007f07dc4bd000 Uncommon trap: trap_request=0xffffff4d fr.pc=0x00007f07cc36d418 relative=0x00000000000001d8
Event: 2931.962 Thread 0x00007f07dc4bd000 Uncommon trap: reason=unstable_if action=reinterpret pc=0x00007f07cc36d418 method=jdk.internal.logger.LazyLoggers$LazyLoggerAccessor.platform()Lsun/util/logging/PlatformLogger$Bridge; @ 6 c2
Event: 2931.962 Thread 0x00007f07dc4bd000 DEOPT PACKING pc=0x00007f07cc36d418 sp=0x00007f07b0104840
Event: 2931.962 Thread 0x00007f07dc4bd000 DEOPT UNPACKING pc=0x00007f07c48ae425 sp=0x00007f07b0104728 mode 2
Event: 2931.962 Thread 0x00007f07dc4bd000 Uncommon trap: trap_request=0xffffff4d fr.pc=0x00007f07cc36cf48 relative=0x00000000000000a8
Event: 2931.962 Thread 0x00007f07dc4bd000 Uncommon trap: reason=unstable_if action=reinterpret pc=0x00007f07cc36cf48 method=jdk.internal.logger.LazyLoggers$LazyLoggerAccessor.platform()Lsun/util/logging/PlatformLogger$Bridge; @ 6 c2
Event: 2931.962 Thread 0x00007f07dc4bd000 DEOPT PACKING pc=0x00007f07cc36cf48 sp=0x00007f07b01047d0
Event: 2931.962 Thread 0x00007f07dc4bd000 DEOPT UNPACKING pc=0x00007f07c48ae425 sp=0x00007f07b0104710 mode 2

Classes redefined (0 events):
No events

Internal exceptions (17 events):
Event: 1.871 Thread 0x00007f07dc018000 Exception <a 'java/lang/ClassNotFoundException'{0x0000000719ad5820}: sun/awt/resources/spi/awtProvider> (0x0000000719ad5820) thrown at [src/hotspot/share/classfile/systemDictionary.cpp, line 231]
Event: 1.952 Thread 0x00007f07dc018000 Exception <a 'java/security/PrivilegedActionException'{0x0000000719af3018}> (0x0000000719af3018) thrown at [src/hotspot/share/prims/jvm.cpp, line 1306]
Event: 1.952 Thread 0x00007f07dc018000 Exception <a 'java/security/PrivilegedActionException'{0x0000000719af32e8}> (0x0000000719af32e8) thrown at [src/hotspot/share/prims/jvm.cpp, line 1306]
Event: 2.083 Thread 0x00007f07dc018000 Exception <a 'java/io/FileNotFoundException'{0x00000007199811e0}> (0x00000007199811e0) thrown at [src/hotspot/share/prims/jni.cpp, line 615]
Event: 2.127 Thread 0x00007f07dc018000 Exception <a 'java/lang/NoSuchMethodError'{0x00000007199dc4d0}: 'java.lang.Object java.lang.invoke.DirectMethodHandle$Holder.invokeStatic(java.lang.Object, java.lang.Object, java.lang.Object, java.lang.Object, java.lang.Object, java.lang.Object, java.lang.Object, java.lang.Object, java.lang.Object, java.lang.Object, java.lang.Object, java.lang.Object, java.lang.Object, java.lang.Object, java.lang.Object)'> (0x00000007199dc4d0) thrown at [src/hotspot/share/interpreter/linkResolver.cpp, line 773]
Event: 2.131 Thread 0x00007f07dc018000 Exception <a 'java/lang/NoSuchMethodError'{0x00000007199ea240}: 'java.lang.Object java.lang.invoke.DirectMethodHandle$Holder.invokeStatic(java.lang.Object, java.lang.Object, java.lang.Object, java.lang.Object, java.lang.Object, java.lang.Object, java.lang.Object, java.lang.Object, java.lang.Object, java.lang.Object, java.lang.Object, java.lang.Object, java.lang.Object, java.lang.Object, java.lang.Object, java.lang.Object)'> (0x00000007199ea240) thrown at [src/hotspot/share/interpreter/linkResolver.cpp, lin
Event: 2.134 Thread 0x00007f07dc018000 Exception <a 'java/lang/NoSuchMethodError'{0x00000007199f7eb0}: 'java.lang.Object java.lang.invoke.DirectMethodHandle$Holder.invokeSpecial(java.lang.Object, java.lang.Object, int, int, java.lang.Object, java.lang.Object, java.lang.Object)'> (0x00000007199f7eb0) thrown at [src/hotspot/share/interpreter/linkResolver.cpp, line 773]
Event: 2.135 Thread 0x00007f07dc018000 Exception <a 'java/lang/NoSuchMethodError'{0x00000007199fb440}: 'java.lang.Object java.lang.invoke.DelegatingMethodHandle$Holder.reinvoke_L(java.lang.Object, int, int, java.lang.Object, java.lang.Object, java.lang.Object)'> (0x00000007199fb440) thrown at [src/hotspot/share/interpreter/linkResolver.cpp, line 773]
Event: 2.136 Thread 0x00007f07dc018000 Exception <a 'java/lang/NoSuchMethodError'{0x00000007199ff520}: 'java.lang.Object java.lang.invoke.DirectMethodHandle$Holder.invokeStatic(java.lang.Object, java.lang.Object, java.lang.Object, java.lang.Object, int)'> (0x00000007199ff520) thrown at [src/hotspot/share/interpreter/linkResolver.cpp, line 773]
Event: 2.216 Thread 0x00007f07dc018000 Exception <a 'java/security/PrivilegedActionException'{0x00000007198d26c0}> (0x00000007198d26c0) thrown at [src/hotspot/share/prims/jvm.cpp, line 1306]
Event: 2.216 Thread 0x00007f07dc018000 Exception <a 'java/security/PrivilegedActionException'{0x00000007198d2c38}> (0x00000007198d2c38) thrown at [src/hotspot/share/prims/jvm.cpp, line 1306]
Event: 2.218 Thread 0x00007f07dc018000 Exception <a 'java/security/PrivilegedActionException'{0x00000007198e79a8}> (0x00000007198e79a8) thrown at [src/hotspot/share/prims/jvm.cpp, line 1306]
Event: 2.218 Thread 0x00007f07dc018000 Exception <a 'java/security/PrivilegedActionException'{0x00000007198e7f20}> (0x00000007198e7f20) thrown at [src/hotspot/share/prims/jvm.cpp, line 1306]
Event: 2.706 Thread 0x00007f07dc018000 Exception <a 'java/lang/NoSuchMethodError'{0x000000071962e080}: 'java.lang.Object java.lang.invoke.DirectMethodHandle$Holder.invokeStatic(java.lang.Object, java.lang.Object, java.lang.Object, java.lang.Object, java.lang.Object, java.lang.Object, java.lang.Object, java.lang.Object, int)'> (0x000000071962e080) thrown at [src/hotspot/share/interpreter/linkResolver.cpp, line 773]
Event: 2.710 Thread 0x00007f07dc018000 Exception <a 'java/lang/NoSuchMethodError'{0x0000000719648408}: 'java.lang.Object java.lang.invoke.DirectMethodHandle$Holder.invokeStatic(java.lang.Object, java.lang.Object, java.lang.Object, java.lang.Object, java.lang.Object, java.lang.Object, java.lang.Object, java.lang.Object, int, int)'> (0x0000000719648408) thrown at [src/hotspot/share/interpreter/linkResolver.cpp, line 773]
Event: 2.725 Thread 0x00007f07dc018000 Exception <a 'java/lang/NoSuchMethodError'{0x0000000719654590}: 'void java.lang.invoke.DirectMethodHandle$Holder.invokeSpecial(java.lang.Object, java.lang.Object)'> (0x0000000719654590) thrown at [src/hotspot/share/interpreter/linkResolver.cpp, line 773]
Event: 2931.962 Thread 0x00007f07dc4bd000 Implicit null exception at 0x00007f07cc36d296 to 0x00007f07cc36d3fc

Events (20 events):
Event: 2931.969 Executing VM operation: RevokeBias
Event: 2931.969 Executing VM operation: RevokeBias done
Event: 2931.969 loading class java/util/Vector$Itr
Event: 2931.969 loading class java/util/Vector$Itr done
Event: 6480.998 Loaded shared library /snap/bluej/119/usr/lib/jvm/java-11-openjdk-amd64/lib/server/libjvm.so
Event: 8226.716 loading class sun/awt/X11/XkbEvent
Event: 8226.721 loading class sun/awt/X11/XkbEvent done
Event: 8226.721 loading class sun/awt/X11/XkbAnyEvent
Event: 8226.721 loading class sun/awt/X11/XkbAnyEvent done
Event: 16144.056 loading class jdk/internal/misc/Signal$1
Event: 16144.056 loading class jdk/internal/misc/Signal$1 done
Event: 16144.295 Thread 0x00007f0790001800 Thread added: 0x00007f0790001800
Event: 16144.295 Protecting memory [0x00007f07671f7000,0x00007f07671fb000] with protection modes 0
Event: 16144.295 Executing VM operation: RevokeBias
Event: 16144.347 Thread 0x00007f0790003000 Thread added: 0x00007f0790003000
Event: 16144.416 Protecting memory [0x00007f07670f6000,0x00007f07670fa000] with protection modes 0
Event: 16144.444 Executing VM operation: RevokeBias done
Event: 16144.459 Thread 0x00007f0740001800 Thread added: 0x00007f0740001800
Event: 16144.480 Protecting memory [0x00007f0766ff5000,0x00007f0766ff9000] with protection modes 0
Event: 16144.480 loading class sun/awt/X11/XSystemTrayPeer


Dynamic libraries:
