#
# A fatal error has been detected by the Java Runtime Environment:
#
#  SIGSEGV (0xb) at pc=0x00007f448fbd13d1, pid=43458, tid=43469
#
# JRE version: OpenJDK Runtime Environment (11.0.11+9) (build 11.0.11+9-Ubuntu-0ubuntu2.18.04)
# Java VM: OpenJDK 64-Bit Server VM (11.0.11+9-Ubuntu-0ubuntu2.18.04, mixed mode, tiered, compressed oops, g1 gc, linux-amd64)
# Problematic frame:
# C  [libjimage.so+0x23d1]
#
# Core dump will be written. Default location: Core dumps may be processed with "/usr/lib/systemd/systemd-coredump %P %u %g %s %t %c %h %e" (or dumping to /home/yiannis/github/Exercies-Java/NewAssignment/Assignment/core.43458)
#
# If you would like to submit a bug report, please visit:
#   https://bugs.launchpad.net/ubuntu/+source/openjdk-lts
#

---------------  S U M M A R Y ------------

Command Line: -ea -agentlib:jdwp=transport=dt_socket,address=127.0.0.1:34793 -Dfile.encoding=UTF-8 bluej.runtime.ExecServer UTF-8

Host: Intel(R) Core(TM) i5-6200U CPU @ 2.30GHz, 4 cores, 15G, Red Hat Enterprise Linux release 8.4 (Ootpa)
Time: Tue Jun 15 23:02:45 2021 BST elapsed time: 14187.657989 seconds (0d 3h 56m 27s)

---------------  T H R E A D  ---------------

Current thread (0x00007f4490209000):  JavaThread "Signal Dispatcher" daemon [_thread_in_vm, id=43469, stack(0x00007f4474a8a000,0x00007f4474b8b000)]

Stack: [0x00007f4474a8a000,0x00007f4474b8b000],  sp=0x00007f4474b88220,  free space=1016k
Native frames: (J=compiled Java code, A=aot compiled Java code, j=interpreted, Vv=VM code, C=native code)
C  [libjimage.so+0x23d1]
C  [libjimage.so+0x304a]
C  [libjimage.so+0x3515]  JIMAGE_FindResource+0xd5
V  [libjvm.so+0x596f2f]
V  [libjvm.so+0x5991cb]
V  [libjvm.so+0xd845ac]
V  [libjvm.so+0xd831d2]
V  [libjvm.so+0xd856e6]
V  [libjvm.so+0x6403ad]
V  [libjvm.so+0x824a4a]
j  jdk.internal.misc.Signal.dispatch(I)V+25 java.base@11.0.11
v  ~StubRoutines::call_stub
V  [libjvm.so+0x82db91]
V  [libjvm.so+0x82ca00]
V  [libjvm.so+0xb69441]
V  [libjvm.so+0xdba950]
V  [libjvm.so+0xdb67e9]
V  [libjvm.so+0xb7b34e]

Java frames: (J=compiled Java code, j=interpreted, Vv=VM code)
j  jdk.internal.misc.Signal.dispatch(I)V+25 java.base@11.0.11
v  ~StubRoutines::call_stub

siginfo: si_signo: 11 (SIGSEGV), si_code: 1 (SEGV_MAPERR), si_addr: 0x00007f4486df68e0

Register to memory mapping:

RAX=0x0000000000001a31 is an unknown value
RBX=0x00007f4474b882d1 is pointing into the stack for thread: 0x00007f4490209000
RCX=0x00007f4486df001c is an unknown value
RDX=0x0000000000001a31 is an unknown value
RSP=0x00007f4474b88220 is pointing into the stack for thread: 0x00007f4490209000
RBP=0x00007f4474b88240 is pointing into the stack for thread: 0x00007f4490209000
RSI=0x00007f4474b882d0 is pointing into the stack for thread: 0x00007f4490209000
RDI=0x00007f448fdd4030: <offset 0x0000000000205030> in /snap/bluej/119/usr/lib/jvm/java-11-openjdk-amd64/lib/libjimage.so at 0x00007f448fbcf000
R8 =0x0 is NULL
R9 =0x0000000076100fa4 is an unknown value
R10=0x00007f4474b882f3 is pointing into the stack for thread: 0x00007f4490209000
R11=0x00007f4496a9e440: <offset 0x00000000001af440> in /lib/x86_64-linux-gnu/libc.so.6 at 0x00007f44968ef000
R12=0x00007f4474b882d0 is pointing into the stack for thread: 0x00007f4490209000
R13=0x000000000000843b is an unknown value
R14=0x00007f4474b89368 is pointing into the stack for thread: 0x00007f4490209000
R15=0x00007f44902098a0 points into unknown readable memory: 0x65746e692f6b646a | 6a 64 6b 2f 69 6e 74 65


Registers:
RAX=0x0000000000001a31, RBX=0x00007f4474b882d1, RCX=0x00007f4486df001c, RDX=0x0000000000001a31
RSP=0x00007f4474b88220, RBP=0x00007f4474b88240, RSI=0x00007f4474b882d0, RDI=0x00007f448fdd4030
R8 =0x0000000000000000, R9 =0x0000000076100fa4, R10=0x00007f4474b882f3, R11=0x00007f4496a9e440
R12=0x00007f4474b882d0, R13=0x000000000000843b, R14=0x00007f4474b89368, R15=0x00007f44902098a0
RIP=0x00007f448fbd13d1, EFLAGS=0x0000000000010246, CSGSFS=0x002b000000000033, ERR=0x0000000000000004
  TRAPNO=0x000000000000000e

Top of Stack: (sp=0x00007f4474b88220)
0x00007f4474b88220:   0000000000000000 00007f4490024370
0x00007f4474b88230:   0000000000000000 00007f4474b882d0
0x00007f4474b88240:   00007f4474b882b0 00007f448fbd204a
0x00007f4474b88250:   0000000000000000 0000000000000000 

Instructions: (pc=0x00007f448fbd13d1)
0x00007f448fbd12d1:   48 89 df 48 89 4d 88 e8 53 f3 ff ff 48 8b 4d 88
0x00007f448fbd12e1:   44 03 6d 90 e9 42 fd ff ff 66 0f 1f 44 00 00 8b
0x00007f448fbd12f1:   08 41 89 0e 44 89 c1 8b 74 08 fc 41 89 74 0e fc
0x00007f448fbd1301:   e9 d8 fe ff ff 66 2e 0f 1f 84 00 00 00 00 00 b9
0x00007f448fbd1311:   0a 00 00 00 e9 95 fd ff ff 44 89 c1 0f b7 74 08
0x00007f448fbd1321:   fe 66 41 89 74 0e fe e9 b1 fe ff ff 0f 1f 00 0f
0x00007f448fbd1331:   b6 17 89 f1 4c 8d 47 01 84 d2 74 1a 0f 1f 00 69
0x00007f448fbd1341:   c9 93 01 00 01 49 83 c0 01 31 d1 41 0f b6 50 ff
0x00007f448fbd1351:   84 d2 75 eb 89 ce 89 f0 25 ff ff ff 7f c3 90 48
0x00007f448fbd1361:   85 d2 0f 84 e1 00 00 00 85 c9 0f 84 d9 00 00 00
0x00007f448fbd1371:   55 48 89 e5 41 55 41 54 53 48 8d 5e 01 48 83 ec
0x00007f448fbd1381:   08 44 0f b6 06 45 84 c0 0f 84 b1 00 00 00 49 89
0x00007f448fbd1391:   da b8 93 01 00 01 66 0f 1f 84 00 00 00 00 00 44
0x00007f448fbd13a1:   69 c8 93 01 00 01 49 83 c2 01 41 0f b6 c0 45 0f
0x00007f448fbd13b1:   b6 42 ff 44 31 c8 45 84 c0 75 e4 25 ff ff ff 7f
0x00007f448fbd13c1:   41 89 cd 48 89 d1 31 d2 49 89 f4 41 f7 f5 89 d0
0x00007f448fbd13d1:   8b 34 81 48 8b 07 ff 50 20 85 c0 7f 22 ba ff ff
0x00007f448fbd13e1:   ff ff 74 04 f7 d0 89 c2 48 83 c4 08 89 d0 5b 41
0x00007f448fbd13f1:   5c 41 5d 5d c3 66 2e 0f 1f 84 00 00 00 00 00 41
0x00007f448fbd1401:   0f b6 34 24 89 c7 40 84 f6 74 1b 0f 1f 40 00 69
0x00007f448fbd1411:   ff 93 01 00 01 48 83 c3 01 31 f7 0f b6 73 ff 40
0x00007f448fbd1421:   84 f6 75 eb 89 f8 25 ff ff ff 7f 31 d2 48 83 c4
0x00007f448fbd1431:   08 41 f7 f5 5b 41 5c 41 5d 5d 89 d0 c3 66 90 b8
0x00007f448fbd1441:   93 01 00 01 e9 77 ff ff ff 83 ca ff 89 d0 c3 0f
0x00007f448fbd1451:   b6 17 48 89 f8 84 d2 75 19 eb 1e 0f 1f 40 00 38
0x00007f448fbd1461:   ca 75 1c 48 83 c0 01 0f b6 10 48 83 c6 01 84 d2
0x00007f448fbd1471:   74 15 0f b6 0e 84 c9 75 e6 c3 0f 1f 44 00 00 31
0x00007f448fbd1481:   c0 c3 0f 1f 44 00 00 c3 90 66 0f 1f 44 00 00 48
0x00007f448fbd1491:   85 f6 74 5a 0f b6 06 84 c0 74 54 0f 1f 40 00 0f
0x00007f448fbd14a1:   b6 d0 83 e0 07 c1 fa 03 44 8d 50 01 0f b6 c0 41
0x00007f448fbd14b1:   89 d1 4c 8d 44 06 02 48 8d 56 01 31 c0 66 90 0f
0x00007f448fbd14c1:   b6 0a 48 c1 e0 08 48 83 c2 01 48 09 c8 49 39 d0 


Stack slot to memory mapping:
stack at sp + 0 slots: 0x0 is NULL
stack at sp + 1 slots: 0x00007f4490024370 points into unknown readable memory: 0x0000000000000000 | 00 00 00 00 00 00 00 00
stack at sp + 2 slots: 0x0 is NULL
stack at sp + 3 slots: 0x00007f4474b882d0 is pointing into the stack for thread: 0x00007f4490209000
stack at sp + 4 slots: 0x00007f4474b882b0 is pointing into the stack for thread: 0x00007f4490209000
stack at sp + 5 slots: 0x00007f448fbd204a: <offset 0x000000000000304a> in /snap/bluej/119/usr/lib/jvm/java-11-openjdk-amd64/lib/libjimage.so at 0x00007f448fbcf000
stack at sp + 6 slots: 0x0 is NULL
stack at sp + 7 slots: 0x0 is NULL


---------------  P R O C E S S  ---------------

Threads class SMR info:
_java_thread_list=0x00007f44902c9470, length=16, elements={
0x00007f44901e6800, 0x00007f44901ea800, 0x00007f4490209000, 0x00007f449020b000,
0x00007f449020d000, 0x00007f449020f000, 0x00007f4490211000, 0x00007f44902a5800,
0x00007f44902a9800, 0x00007f4434001800, 0x00007f44902bc800, 0x00007f44904ae000,
0x00007f44904b3800, 0x00007f44904bb000, 0x00007f4490018000, 0x00007f43f4037800
}

Java Threads: ( => current thread )
  0x00007f44901e6800 JavaThread "Reference Handler" daemon [_thread_blocked, id=43467, stack(0x00007f4474e0d000,0x00007f4474f0e000)]
  0x00007f44901ea800 JavaThread "Finalizer" daemon [_thread_blocked, id=43468, stack(0x00007f4474d0c000,0x00007f4474e0d000)]
=>0x00007f4490209000 JavaThread "Signal Dispatcher" daemon [_thread_in_vm, id=43469, stack(0x00007f4474a8a000,0x00007f4474b8b000)]
  0x00007f449020b000 JavaThread "Service Thread" daemon [_thread_blocked, id=43470, stack(0x00007f4474989000,0x00007f4474a8a000)]
  0x00007f449020d000 JavaThread "C2 CompilerThread0" daemon [_thread_blocked, id=43471, stack(0x00007f4474888000,0x00007f4474989000)]
  0x00007f449020f000 JavaThread "C1 CompilerThread0" daemon [_thread_blocked, id=43472, stack(0x00007f4474787000,0x00007f4474888000)]
  0x00007f4490211000 JavaThread "Sweeper thread" daemon [_thread_blocked, id=43473, stack(0x00007f4474686000,0x00007f4474787000)]
  0x00007f44902a5800 JavaThread "JDWP Transport Listener: dt_socket" daemon [_thread_blocked, id=43476, stack(0x00007f447437f000,0x00007f4474480000)]
  0x00007f44902a9800 JavaThread "JDWP Event Helper Thread" daemon [_thread_blocked, id=43477, stack(0x00007f447427e000,0x00007f447437f000)]
  0x00007f4434001800 JavaThread "JDWP Command Reader" daemon [_thread_in_native, id=43478, stack(0x00007f447417d000,0x00007f447427e000)]
  0x00007f44902bc800 JavaThread "Common-Cleaner" daemon [_thread_blocked, id=43502, stack(0x00007f446842f000,0x00007f4468530000)]
  0x00007f44904ae000 JavaThread "Java2D Disposer" daemon [_thread_blocked, id=43603, stack(0x00007f446061d000,0x00007f446071e000)]
  0x00007f44904b3800 JavaThread "AWT-XAWT" daemon [_thread_in_native, id=43604, stack(0x00007f4460070000,0x00007f4460171000)]
  0x00007f44904bb000 JavaThread "BlueJ worker thread" [_thread_blocked, id=43607, stack(0x00007f440b9f8000,0x00007f440baf9000)]
  0x00007f4490018000 JavaThread "DestroyJavaVM" [_thread_blocked, id=43459, stack(0x00007f4497202000,0x00007f4497303000)]
  0x00007f43f4037800 JavaThread "main" [_thread_blocked, id=53178, stack(0x00007f440baf9000,0x00007f440bbfa000)]

Other Threads:
  0x00007f44901de800 VMThread "VM Thread" [stack: 0x00007f4474f10000,0x00007f4475010000] [id=43466]
  0x00007f44902ac000 WatcherThread [stack: 0x00007f447407d000,0x00007f447417d000] [id=43485]
  0x00007f449002f800 GCTaskThread "GC Thread#0" [stack: 0x00007f4477c05000,0x00007f4477d05000] [id=43461]
  0x00007f449008c800 ConcurrentGCThread "G1 Main Marker" [stack: 0x00007f4475ff8000,0x00007f44760f8000] [id=43462]
  0x00007f449008e000 ConcurrentGCThread "G1 Conc#0" [stack: 0x00007f4475ef6000,0x00007f4475ff6000] [id=43463]
  0x00007f449017a000 ConcurrentGCThread "G1 Refine#0" [stack: 0x00007f44759f0000,0x00007f4475af0000] [id=43464]
  0x00007f449017b800 ConcurrentGCThread "G1 Young RemSet Sampling" [stack: 0x00007f44758ee000,0x00007f44759ee000] [id=43465]

Threads with active compile tasks:

VM state:not at safepoint (normal execution)

VM Mutex/Monitor currently owned by a thread: None

Heap address: 0x000000070a600000, size: 3930 MB, Compressed Oops mode: Zero based, Oop shift amount: 3
Narrow klass base: 0x0000000800000000, Narrow klass shift: 0
Compressed class space size: 1073741824 Address: 0x0000000800000000

Heap:
 garbage-first heap   total 251904K, used 7168K [0x000000070a600000, 0x0000000800000000)
  region size 1024K, 9 young (9216K), 0 survivors (0K)
 Metaspace       used 9606K, capacity 9895K, committed 9984K, reserved 1058816K
  class space    used 899K, capacity 1009K, committed 1024K, reserved 1048576K
Heap Regions: E=young(eden), S=young(survivor), O=old, HS=humongous(starts), HC=humongous(continues), CS=collection set, F=free, A=archive, TAMS=top-at-mark-start (previous, next)
|   0|0x000000070a600000, 0x000000070a600000, 0x000000070a700000|  0%| F|  |TAMS 0x000000070a600000, 0x000000070a600000| Untracked 
|   1|0x000000070a700000, 0x000000070a700000, 0x000000070a800000|  0%| F|  |TAMS 0x000000070a700000, 0x000000070a700000| Untracked 
|   2|0x000000070a800000, 0x000000070a800000, 0x000000070a900000|  0%| F|  |TAMS 0x000000070a800000, 0x000000070a800000| Untracked 
|   3|0x000000070a900000, 0x000000070a900000, 0x000000070aa00000|  0%| F|  |TAMS 0x000000070a900000, 0x000000070a900000| Untracked 
|   4|0x000000070aa00000, 0x000000070aa00000, 0x000000070ab00000|  0%| F|  |TAMS 0x000000070aa00000, 0x000000070aa00000| Untracked 
|   5|0x000000070ab00000, 0x000000070ab00000, 0x000000070ac00000|  0%| F|  |TAMS 0x000000070ab00000, 0x000000070ab00000| Untracked 
|   6|0x000000070ac00000, 0x000000070ac00000, 0x000000070ad00000|  0%| F|  |TAMS 0x000000070ac00000, 0x000000070ac00000| Untracked 
|   7|0x000000070ad00000, 0x000000070ad00000, 0x000000070ae00000|  0%| F|  |TAMS 0x000000070ad00000, 0x000000070ad00000| Untracked 
|   8|0x000000070ae00000, 0x000000070ae00000, 0x000000070af00000|  0%| F|  |TAMS 0x000000070ae00000, 0x000000070ae00000| Untracked 
|   9|0x000000070af00000, 0x000000070af00000, 0x000000070b000000|  0%| F|  |TAMS 0x000000070af00000, 0x000000070af00000| Untracked 
|  10|0x000000070b000000, 0x000000070b000000, 0x000000070b100000|  0%| F|  |TAMS 0x000000070b000000, 0x000000070b000000| Untracked 
|  11|0x000000070b100000, 0x000000070b100000, 0x000000070b200000|  0%| F|  |TAMS 0x000000070b100000, 0x000000070b100000| Untracked 
|  12|0x000000070b200000, 0x000000070b200000, 0x000000070b300000|  0%| F|  |TAMS 0x000000070b200000, 0x000000070b200000| Untracked 
|  13|0x000000070b300000, 0x000000070b300000, 0x000000070b400000|  0%| F|  |TAMS 0x000000070b300000, 0x000000070b300000| Untracked 
|  14|0x000000070b400000, 0x000000070b400000, 0x000000070b500000|  0%| F|  |TAMS 0x000000070b400000, 0x000000070b400000| Untracked 
|  15|0x000000070b500000, 0x000000070b500000, 0x000000070b600000|  0%| F|  |TAMS 0x000000070b500000, 0x000000070b500000| Untracked 
|  16|0x000000070b600000, 0x000000070b600000, 0x000000070b700000|  0%| F|  |TAMS 0x000000070b600000, 0x000000070b600000| Untracked 
|  17|0x000000070b700000, 0x000000070b700000, 0x000000070b800000|  0%| F|  |TAMS 0x000000070b700000, 0x000000070b700000| Untracked 
|  18|0x000000070b800000, 0x000000070b800000, 0x000000070b900000|  0%| F|  |TAMS 0x000000070b800000, 0x000000070b800000| Untracked 
|  19|0x000000070b900000, 0x000000070b900000, 0x000000070ba00000|  0%| F|  |TAMS 0x000000070b900000, 0x000000070b900000| Untracked 
|  20|0x000000070ba00000, 0x000000070ba00000, 0x000000070bb00000|  0%| F|  |TAMS 0x000000070ba00000, 0x000000070ba00000| Untracked 
|  21|0x000000070bb00000, 0x000000070bb00000, 0x000000070bc00000|  0%| F|  |TAMS 0x000000070bb00000, 0x000000070bb00000| Untracked 
|  22|0x000000070bc00000, 0x000000070bc00000, 0x000000070bd00000|  0%| F|  |TAMS 0x000000070bc00000, 0x000000070bc00000| Untracked 
|  23|0x000000070bd00000, 0x000000070bd00000, 0x000000070be00000|  0%| F|  |TAMS 0x000000070bd00000, 0x000000070bd00000| Untracked 
|  24|0x000000070be00000, 0x000000070be00000, 0x000000070bf00000|  0%| F|  |TAMS 0x000000070be00000, 0x000000070be00000| Untracked 
|  25|0x000000070bf00000, 0x000000070bf00000, 0x000000070c000000|  0%| F|  |TAMS 0x000000070bf00000, 0x000000070bf00000| Untracked 
|  26|0x000000070c000000, 0x000000070c000000, 0x000000070c100000|  0%| F|  |TAMS 0x000000070c000000, 0x000000070c000000| Untracked 
|  27|0x000000070c100000, 0x000000070c100000, 0x000000070c200000|  0%| F|  |TAMS 0x000000070c100000, 0x000000070c100000| Untracked 
|  28|0x000000070c200000, 0x000000070c200000, 0x000000070c300000|  0%| F|  |TAMS 0x000000070c200000, 0x000000070c200000| Untracked 
|  29|0x000000070c300000, 0x000000070c300000, 0x000000070c400000|  0%| F|  |TAMS 0x000000070c300000, 0x000000070c300000| Untracked 
|  30|0x000000070c400000, 0x000000070c400000, 0x000000070c500000|  0%| F|  |TAMS 0x000000070c400000, 0x000000070c400000| Untracked 
|  31|0x000000070c500000, 0x000000070c500000, 0x000000070c600000|  0%| F|  |TAMS 0x000000070c500000, 0x000000070c500000| Untracked 
|  32|0x000000070c600000, 0x000000070c600000, 0x000000070c700000|  0%| F|  |TAMS 0x000000070c600000, 0x000000070c600000| Untracked 
|  33|0x000000070c700000, 0x000000070c700000, 0x000000070c800000|  0%| F|  |TAMS 0x000000070c700000, 0x000000070c700000| Untracked 
|  34|0x000000070c800000, 0x000000070c800000, 0x000000070c900000|  0%| F|  |TAMS 0x000000070c800000, 0x000000070c800000| Untracked 
|  35|0x000000070c900000, 0x000000070c900000, 0x000000070ca00000|  0%| F|  |TAMS 0x000000070c900000, 0x000000070c900000| Untracked 
|  36|0x000000070ca00000, 0x000000070ca00000, 0x000000070cb00000|  0%| F|  |TAMS 0x000000070ca00000, 0x000000070ca00000| Untracked 
|  37|0x000000070cb00000, 0x000000070cb00000, 0x000000070cc00000|  0%| F|  |TAMS 0x000000070cb00000, 0x000000070cb00000| Untracked 
|  38|0x000000070cc00000, 0x000000070cc00000, 0x000000070cd00000|  0%| F|  |TAMS 0x000000070cc00000, 0x000000070cc00000| Untracked 
|  39|0x000000070cd00000, 0x000000070cd00000, 0x000000070ce00000|  0%| F|  |TAMS 0x000000070cd00000, 0x000000070cd00000| Untracked 
|  40|0x000000070ce00000, 0x000000070ce00000, 0x000000070cf00000|  0%| F|  |TAMS 0x000000070ce00000, 0x000000070ce00000| Untracked 
|  41|0x000000070cf00000, 0x000000070cf00000, 0x000000070d000000|  0%| F|  |TAMS 0x000000070cf00000, 0x000000070cf00000| Untracked 
|  42|0x000000070d000000, 0x000000070d000000, 0x000000070d100000|  0%| F|  |TAMS 0x000000070d000000, 0x000000070d000000| Untracked 
|  43|0x000000070d100000, 0x000000070d100000, 0x000000070d200000|  0%| F|  |TAMS 0x000000070d100000, 0x000000070d100000| Untracked 
|  44|0x000000070d200000, 0x000000070d200000, 0x000000070d300000|  0%| F|  |TAMS 0x000000070d200000, 0x000000070d200000| Untracked 
|  45|0x000000070d300000, 0x000000070d300000, 0x000000070d400000|  0%| F|  |TAMS 0x000000070d300000, 0x000000070d300000| Untracked 
|  46|0x000000070d400000, 0x000000070d400000, 0x000000070d500000|  0%| F|  |TAMS 0x000000070d400000, 0x000000070d400000| Untracked 
|  47|0x000000070d500000, 0x000000070d500000, 0x000000070d600000|  0%| F|  |TAMS 0x000000070d500000, 0x000000070d500000| Untracked 
|  48|0x000000070d600000, 0x000000070d600000, 0x000000070d700000|  0%| F|  |TAMS 0x000000070d600000, 0x000000070d600000| Untracked 
|  49|0x000000070d700000, 0x000000070d700000, 0x000000070d800000|  0%| F|  |TAMS 0x000000070d700000, 0x000000070d700000| Untracked 
|  50|0x000000070d800000, 0x000000070d800000, 0x000000070d900000|  0%| F|  |TAMS 0x000000070d800000, 0x000000070d800000| Untracked 
|  51|0x000000070d900000, 0x000000070d900000, 0x000000070da00000|  0%| F|  |TAMS 0x000000070d900000, 0x000000070d900000| Untracked 
|  52|0x000000070da00000, 0x000000070da00000, 0x000000070db00000|  0%| F|  |TAMS 0x000000070da00000, 0x000000070da00000| Untracked 
|  53|0x000000070db00000, 0x000000070db00000, 0x000000070dc00000|  0%| F|  |TAMS 0x000000070db00000, 0x000000070db00000| Untracked 
|  54|0x000000070dc00000, 0x000000070dc00000, 0x000000070dd00000|  0%| F|  |TAMS 0x000000070dc00000, 0x000000070dc00000| Untracked 
|  55|0x000000070dd00000, 0x000000070dd00000, 0x000000070de00000|  0%| F|  |TAMS 0x000000070dd00000, 0x000000070dd00000| Untracked 
|  56|0x000000070de00000, 0x000000070de00000, 0x000000070df00000|  0%| F|  |TAMS 0x000000070de00000, 0x000000070de00000| Untracked 
|  57|0x000000070df00000, 0x000000070df00000, 0x000000070e000000|  0%| F|  |TAMS 0x000000070df00000, 0x000000070df00000| Untracked 
|  58|0x000000070e000000, 0x000000070e000000, 0x000000070e100000|  0%| F|  |TAMS 0x000000070e000000, 0x000000070e000000| Untracked 
|  59|0x000000070e100000, 0x000000070e100000, 0x000000070e200000|  0%| F|  |TAMS 0x000000070e100000, 0x000000070e100000| Untracked 
|  60|0x000000070e200000, 0x000000070e200000, 0x000000070e300000|  0%| F|  |TAMS 0x000000070e200000, 0x000000070e200000| Untracked 
|  61|0x000000070e300000, 0x000000070e300000, 0x000000070e400000|  0%| F|  |TAMS 0x000000070e300000, 0x000000070e300000| Untracked 
|  62|0x000000070e400000, 0x000000070e400000, 0x000000070e500000|  0%| F|  |TAMS 0x000000070e400000, 0x000000070e400000| Untracked 
|  63|0x000000070e500000, 0x000000070e500000, 0x000000070e600000|  0%| F|  |TAMS 0x000000070e500000, 0x000000070e500000| Untracked 
|  64|0x000000070e600000, 0x000000070e600000, 0x000000070e700000|  0%| F|  |TAMS 0x000000070e600000, 0x000000070e600000| Untracked 
|  65|0x000000070e700000, 0x000000070e700000, 0x000000070e800000|  0%| F|  |TAMS 0x000000070e700000, 0x000000070e700000| Untracked 
|  66|0x000000070e800000, 0x000000070e800000, 0x000000070e900000|  0%| F|  |TAMS 0x000000070e800000, 0x000000070e800000| Untracked 
|  67|0x000000070e900000, 0x000000070e900000, 0x000000070ea00000|  0%| F|  |TAMS 0x000000070e900000, 0x000000070e900000| Untracked 
|  68|0x000000070ea00000, 0x000000070ea00000, 0x000000070eb00000|  0%| F|  |TAMS 0x000000070ea00000, 0x000000070ea00000| Untracked 
|  69|0x000000070eb00000, 0x000000070eb00000, 0x000000070ec00000|  0%| F|  |TAMS 0x000000070eb00000, 0x000000070eb00000| Untracked 
|  70|0x000000070ec00000, 0x000000070ec00000, 0x000000070ed00000|  0%| F|  |TAMS 0x000000070ec00000, 0x000000070ec00000| Untracked 
|  71|0x000000070ed00000, 0x000000070ed00000, 0x000000070ee00000|  0%| F|  |TAMS 0x000000070ed00000, 0x000000070ed00000| Untracked 
|  72|0x000000070ee00000, 0x000000070ee00000, 0x000000070ef00000|  0%| F|  |TAMS 0x000000070ee00000, 0x000000070ee00000| Untracked 
|  73|0x000000070ef00000, 0x000000070ef00000, 0x000000070f000000|  0%| F|  |TAMS 0x000000070ef00000, 0x000000070ef00000| Untracked 
|  74|0x000000070f000000, 0x000000070f000000, 0x000000070f100000|  0%| F|  |TAMS 0x000000070f000000, 0x000000070f000000| Untracked 
|  75|0x000000070f100000, 0x000000070f100000, 0x000000070f200000|  0%| F|  |TAMS 0x000000070f100000, 0x000000070f100000| Untracked 
|  76|0x000000070f200000, 0x000000070f200000, 0x000000070f300000|  0%| F|  |TAMS 0x000000070f200000, 0x000000070f200000| Untracked 
|  77|0x000000070f300000, 0x000000070f300000, 0x000000070f400000|  0%| F|  |TAMS 0x000000070f300000, 0x000000070f300000| Untracked 
|  78|0x000000070f400000, 0x000000070f400000, 0x000000070f500000|  0%| F|  |TAMS 0x000000070f400000, 0x000000070f400000| Untracked 
|  79|0x000000070f500000, 0x000000070f500000, 0x000000070f600000|  0%| F|  |TAMS 0x000000070f500000, 0x000000070f500000| Untracked 
|  80|0x000000070f600000, 0x000000070f600000, 0x000000070f700000|  0%| F|  |TAMS 0x000000070f600000, 0x000000070f600000| Untracked 
|  81|0x000000070f700000, 0x000000070f700000, 0x000000070f800000|  0%| F|  |TAMS 0x000000070f700000, 0x000000070f700000| Untracked 
|  82|0x000000070f800000, 0x000000070f800000, 0x000000070f900000|  0%| F|  |TAMS 0x000000070f800000, 0x000000070f800000| Untracked 
|  83|0x000000070f900000, 0x000000070f900000, 0x000000070fa00000|  0%| F|  |TAMS 0x000000070f900000, 0x000000070f900000| Untracked 
|  84|0x000000070fa00000, 0x000000070fa00000, 0x000000070fb00000|  0%| F|  |TAMS 0x000000070fa00000, 0x000000070fa00000| Untracked 
|  85|0x000000070fb00000, 0x000000070fb00000, 0x000000070fc00000|  0%| F|  |TAMS 0x000000070fb00000, 0x000000070fb00000| Untracked 
|  86|0x000000070fc00000, 0x000000070fc00000, 0x000000070fd00000|  0%| F|  |TAMS 0x000000070fc00000, 0x000000070fc00000| Untracked 
|  87|0x000000070fd00000, 0x000000070fd00000, 0x000000070fe00000|  0%| F|  |TAMS 0x000000070fd00000, 0x000000070fd00000| Untracked 
|  88|0x000000070fe00000, 0x000000070fe00000, 0x000000070ff00000|  0%| F|  |TAMS 0x000000070fe00000, 0x000000070fe00000| Untracked 
|  89|0x000000070ff00000, 0x000000070ff00000, 0x0000000710000000|  0%| F|  |TAMS 0x000000070ff00000, 0x000000070ff00000| Untracked 
|  90|0x0000000710000000, 0x0000000710000000, 0x0000000710100000|  0%| F|  |TAMS 0x0000000710000000, 0x0000000710000000| Untracked 
|  91|0x0000000710100000, 0x0000000710100000, 0x0000000710200000|  0%| F|  |TAMS 0x0000000710100000, 0x0000000710100000| Untracked 
|  92|0x0000000710200000, 0x0000000710200000, 0x0000000710300000|  0%| F|  |TAMS 0x0000000710200000, 0x0000000710200000| Untracked 
|  93|0x0000000710300000, 0x0000000710300000, 0x0000000710400000|  0%| F|  |TAMS 0x0000000710300000, 0x0000000710300000| Untracked 
|  94|0x0000000710400000, 0x0000000710400000, 0x0000000710500000|  0%| F|  |TAMS 0x0000000710400000, 0x0000000710400000| Untracked 
|  95|0x0000000710500000, 0x0000000710500000, 0x0000000710600000|  0%| F|  |TAMS 0x0000000710500000, 0x0000000710500000| Untracked 
|  96|0x0000000710600000, 0x0000000710600000, 0x0000000710700000|  0%| F|  |TAMS 0x0000000710600000, 0x0000000710600000| Untracked 
|  97|0x0000000710700000, 0x0000000710700000, 0x0000000710800000|  0%| F|  |TAMS 0x0000000710700000, 0x0000000710700000| Untracked 
|  98|0x0000000710800000, 0x0000000710800000, 0x0000000710900000|  0%| F|  |TAMS 0x0000000710800000, 0x0000000710800000| Untracked 
|  99|0x0000000710900000, 0x0000000710900000, 0x0000000710a00000|  0%| F|  |TAMS 0x0000000710900000, 0x0000000710900000| Untracked 
| 100|0x0000000710a00000, 0x0000000710a00000, 0x0000000710b00000|  0%| F|  |TAMS 0x0000000710a00000, 0x0000000710a00000| Untracked 
| 101|0x0000000710b00000, 0x0000000710b00000, 0x0000000710c00000|  0%| F|  |TAMS 0x0000000710b00000, 0x0000000710b00000| Untracked 
| 102|0x0000000710c00000, 0x0000000710c00000, 0x0000000710d00000|  0%| F|  |TAMS 0x0000000710c00000, 0x0000000710c00000| Untracked 
| 103|0x0000000710d00000, 0x0000000710d00000, 0x0000000710e00000|  0%| F|  |TAMS 0x0000000710d00000, 0x0000000710d00000| Untracked 
| 104|0x0000000710e00000, 0x0000000710e00000, 0x0000000710f00000|  0%| F|  |TAMS 0x0000000710e00000, 0x0000000710e00000| Untracked 
| 105|0x0000000710f00000, 0x0000000710f00000, 0x0000000711000000|  0%| F|  |TAMS 0x0000000710f00000, 0x0000000710f00000| Untracked 
| 106|0x0000000711000000, 0x0000000711000000, 0x0000000711100000|  0%| F|  |TAMS 0x0000000711000000, 0x0000000711000000| Untracked 
| 107|0x0000000711100000, 0x0000000711100000, 0x0000000711200000|  0%| F|  |TAMS 0x0000000711100000, 0x0000000711100000| Untracked 
| 108|0x0000000711200000, 0x0000000711200000, 0x0000000711300000|  0%| F|  |TAMS 0x0000000711200000, 0x0000000711200000| Untracked 
| 109|0x0000000711300000, 0x0000000711300000, 0x0000000711400000|  0%| F|  |TAMS 0x0000000711300000, 0x0000000711300000| Untracked 
| 110|0x0000000711400000, 0x0000000711400000, 0x0000000711500000|  0%| F|  |TAMS 0x0000000711400000, 0x0000000711400000| Untracked 
| 111|0x0000000711500000, 0x0000000711500000, 0x0000000711600000|  0%| F|  |TAMS 0x0000000711500000, 0x0000000711500000| Untracked 
| 112|0x0000000711600000, 0x0000000711600000, 0x0000000711700000|  0%| F|  |TAMS 0x0000000711600000, 0x0000000711600000| Untracked 
| 113|0x0000000711700000, 0x0000000711700000, 0x0000000711800000|  0%| F|  |TAMS 0x0000000711700000, 0x0000000711700000| Untracked 
| 114|0x0000000711800000, 0x0000000711800000, 0x0000000711900000|  0%| F|  |TAMS 0x0000000711800000, 0x0000000711800000| Untracked 
| 115|0x0000000711900000, 0x0000000711900000, 0x0000000711a00000|  0%| F|  |TAMS 0x0000000711900000, 0x0000000711900000| Untracked 
| 116|0x0000000711a00000, 0x0000000711a00000, 0x0000000711b00000|  0%| F|  |TAMS 0x0000000711a00000, 0x0000000711a00000| Untracked 
| 117|0x0000000711b00000, 0x0000000711b00000, 0x0000000711c00000|  0%| F|  |TAMS 0x0000000711b00000, 0x0000000711b00000| Untracked 
| 118|0x0000000711c00000, 0x0000000711c00000, 0x0000000711d00000|  0%| F|  |TAMS 0x0000000711c00000, 0x0000000711c00000| Untracked 
| 119|0x0000000711d00000, 0x0000000711d00000, 0x0000000711e00000|  0%| F|  |TAMS 0x0000000711d00000, 0x0000000711d00000| Untracked 
| 120|0x0000000711e00000, 0x0000000711e00000, 0x0000000711f00000|  0%| F|  |TAMS 0x0000000711e00000, 0x0000000711e00000| Untracked 
| 121|0x0000000711f00000, 0x0000000711f00000, 0x0000000712000000|  0%| F|  |TAMS 0x0000000711f00000, 0x0000000711f00000| Untracked 
| 122|0x0000000712000000, 0x0000000712000000, 0x0000000712100000|  0%| F|  |TAMS 0x0000000712000000, 0x0000000712000000| Untracked 
| 123|0x0000000712100000, 0x0000000712100000, 0x0000000712200000|  0%| F|  |TAMS 0x0000000712100000, 0x0000000712100000| Untracked 
| 124|0x0000000712200000, 0x0000000712200000, 0x0000000712300000|  0%| F|  |TAMS 0x0000000712200000, 0x0000000712200000| Untracked 
| 125|0x0000000712300000, 0x0000000712300000, 0x0000000712400000|  0%| F|  |TAMS 0x0000000712300000, 0x0000000712300000| Untracked 
| 126|0x0000000712400000, 0x0000000712400000, 0x0000000712500000|  0%| F|  |TAMS 0x0000000712400000, 0x0000000712400000| Untracked 
| 127|0x0000000712500000, 0x0000000712500000, 0x0000000712600000|  0%| F|  |TAMS 0x0000000712500000, 0x0000000712500000| Untracked 
| 128|0x0000000712600000, 0x0000000712600000, 0x0000000712700000|  0%| F|  |TAMS 0x0000000712600000, 0x0000000712600000| Untracked 
| 129|0x0000000712700000, 0x0000000712700000, 0x0000000712800000|  0%| F|  |TAMS 0x0000000712700000, 0x0000000712700000| Untracked 
| 130|0x0000000712800000, 0x0000000712800000, 0x0000000712900000|  0%| F|  |TAMS 0x0000000712800000, 0x0000000712800000| Untracked 
| 131|0x0000000712900000, 0x0000000712900000, 0x0000000712a00000|  0%| F|  |TAMS 0x0000000712900000, 0x0000000712900000| Untracked 
| 132|0x0000000712a00000, 0x0000000712a00000, 0x0000000712b00000|  0%| F|  |TAMS 0x0000000712a00000, 0x0000000712a00000| Untracked 
| 133|0x0000000712b00000, 0x0000000712b00000, 0x0000000712c00000|  0%| F|  |TAMS 0x0000000712b00000, 0x0000000712b00000| Untracked 
| 134|0x0000000712c00000, 0x0000000712c00000, 0x0000000712d00000|  0%| F|  |TAMS 0x0000000712c00000, 0x0000000712c00000| Untracked 
| 135|0x0000000712d00000, 0x0000000712d00000, 0x0000000712e00000|  0%| F|  |TAMS 0x0000000712d00000, 0x0000000712d00000| Untracked 
| 136|0x0000000712e00000, 0x0000000712e00000, 0x0000000712f00000|  0%| F|  |TAMS 0x0000000712e00000, 0x0000000712e00000| Untracked 
| 137|0x0000000712f00000, 0x0000000712f00000, 0x0000000713000000|  0%| F|  |TAMS 0x0000000712f00000, 0x0000000712f00000| Untracked 
| 138|0x0000000713000000, 0x0000000713000000, 0x0000000713100000|  0%| F|  |TAMS 0x0000000713000000, 0x0000000713000000| Untracked 
| 139|0x0000000713100000, 0x0000000713100000, 0x0000000713200000|  0%| F|  |TAMS 0x0000000713100000, 0x0000000713100000| Untracked 
| 140|0x0000000713200000, 0x0000000713200000, 0x0000000713300000|  0%| F|  |TAMS 0x0000000713200000, 0x0000000713200000| Untracked 
| 141|0x0000000713300000, 0x0000000713300000, 0x0000000713400000|  0%| F|  |TAMS 0x0000000713300000, 0x0000000713300000| Untracked 
| 142|0x0000000713400000, 0x0000000713400000, 0x0000000713500000|  0%| F|  |TAMS 0x0000000713400000, 0x0000000713400000| Untracked 
| 143|0x0000000713500000, 0x0000000713500000, 0x0000000713600000|  0%| F|  |TAMS 0x0000000713500000, 0x0000000713500000| Untracked 
| 144|0x0000000713600000, 0x0000000713600000, 0x0000000713700000|  0%| F|  |TAMS 0x0000000713600000, 0x0000000713600000| Untracked 
| 145|0x0000000713700000, 0x0000000713700000, 0x0000000713800000|  0%| F|  |TAMS 0x0000000713700000, 0x0000000713700000| Untracked 
| 146|0x0000000713800000, 0x0000000713800000, 0x0000000713900000|  0%| F|  |TAMS 0x0000000713800000, 0x0000000713800000| Untracked 
| 147|0x0000000713900000, 0x0000000713900000, 0x0000000713a00000|  0%| F|  |TAMS 0x0000000713900000, 0x0000000713900000| Untracked 
| 148|0x0000000713a00000, 0x0000000713a00000, 0x0000000713b00000|  0%| F|  |TAMS 0x0000000713a00000, 0x0000000713a00000| Untracked 
| 149|0x0000000713b00000, 0x0000000713b00000, 0x0000000713c00000|  0%| F|  |TAMS 0x0000000713b00000, 0x0000000713b00000| Untracked 
| 150|0x0000000713c00000, 0x0000000713c00000, 0x0000000713d00000|  0%| F|  |TAMS 0x0000000713c00000, 0x0000000713c00000| Untracked 
| 151|0x0000000713d00000, 0x0000000713d00000, 0x0000000713e00000|  0%| F|  |TAMS 0x0000000713d00000, 0x0000000713d00000| Untracked 
| 152|0x0000000713e00000, 0x0000000713e00000, 0x0000000713f00000|  0%| F|  |TAMS 0x0000000713e00000, 0x0000000713e00000| Untracked 
| 153|0x0000000713f00000, 0x0000000713f00000, 0x0000000714000000|  0%| F|  |TAMS 0x0000000713f00000, 0x0000000713f00000| Untracked 
| 154|0x0000000714000000, 0x0000000714000000, 0x0000000714100000|  0%| F|  |TAMS 0x0000000714000000, 0x0000000714000000| Untracked 
| 155|0x0000000714100000, 0x0000000714100000, 0x0000000714200000|  0%| F|  |TAMS 0x0000000714100000, 0x0000000714100000| Untracked 
| 156|0x0000000714200000, 0x0000000714200000, 0x0000000714300000|  0%| F|  |TAMS 0x0000000714200000, 0x0000000714200000| Untracked 
| 157|0x0000000714300000, 0x0000000714300000, 0x0000000714400000|  0%| F|  |TAMS 0x0000000714300000, 0x0000000714300000| Untracked 
| 158|0x0000000714400000, 0x0000000714400000, 0x0000000714500000|  0%| F|  |TAMS 0x0000000714400000, 0x0000000714400000| Untracked 
| 159|0x0000000714500000, 0x0000000714500000, 0x0000000714600000|  0%| F|  |TAMS 0x0000000714500000, 0x0000000714500000| Untracked 
| 160|0x0000000714600000, 0x0000000714600000, 0x0000000714700000|  0%| F|  |TAMS 0x0000000714600000, 0x0000000714600000| Untracked 
| 161|0x0000000714700000, 0x0000000714700000, 0x0000000714800000|  0%| F|  |TAMS 0x0000000714700000, 0x0000000714700000| Untracked 
| 162|0x0000000714800000, 0x0000000714800000, 0x0000000714900000|  0%| F|  |TAMS 0x0000000714800000, 0x0000000714800000| Untracked 
| 163|0x0000000714900000, 0x0000000714900000, 0x0000000714a00000|  0%| F|  |TAMS 0x0000000714900000, 0x0000000714900000| Untracked 
| 164|0x0000000714a00000, 0x0000000714a00000, 0x0000000714b00000|  0%| F|  |TAMS 0x0000000714a00000, 0x0000000714a00000| Untracked 
| 165|0x0000000714b00000, 0x0000000714b00000, 0x0000000714c00000|  0%| F|  |TAMS 0x0000000714b00000, 0x0000000714b00000| Untracked 
| 166|0x0000000714c00000, 0x0000000714c00000, 0x0000000714d00000|  0%| F|  |TAMS 0x0000000714c00000, 0x0000000714c00000| Untracked 
| 167|0x0000000714d00000, 0x0000000714d00000, 0x0000000714e00000|  0%| F|  |TAMS 0x0000000714d00000, 0x0000000714d00000| Untracked 
| 168|0x0000000714e00000, 0x0000000714e00000, 0x0000000714f00000|  0%| F|  |TAMS 0x0000000714e00000, 0x0000000714e00000| Untracked 
| 169|0x0000000714f00000, 0x0000000714f00000, 0x0000000715000000|  0%| F|  |TAMS 0x0000000714f00000, 0x0000000714f00000| Untracked 
| 170|0x0000000715000000, 0x0000000715000000, 0x0000000715100000|  0%| F|  |TAMS 0x0000000715000000, 0x0000000715000000| Untracked 
| 171|0x0000000715100000, 0x0000000715100000, 0x0000000715200000|  0%| F|  |TAMS 0x0000000715100000, 0x0000000715100000| Untracked 
| 172|0x0000000715200000, 0x0000000715200000, 0x0000000715300000|  0%| F|  |TAMS 0x0000000715200000, 0x0000000715200000| Untracked 
| 173|0x0000000715300000, 0x0000000715300000, 0x0000000715400000|  0%| F|  |TAMS 0x0000000715300000, 0x0000000715300000| Untracked 
| 174|0x0000000715400000, 0x0000000715400000, 0x0000000715500000|  0%| F|  |TAMS 0x0000000715400000, 0x0000000715400000| Untracked 
| 175|0x0000000715500000, 0x0000000715500000, 0x0000000715600000|  0%| F|  |TAMS 0x0000000715500000, 0x0000000715500000| Untracked 
| 176|0x0000000715600000, 0x0000000715600000, 0x0000000715700000|  0%| F|  |TAMS 0x0000000715600000, 0x0000000715600000| Untracked 
| 177|0x0000000715700000, 0x0000000715700000, 0x0000000715800000|  0%| F|  |TAMS 0x0000000715700000, 0x0000000715700000| Untracked 
| 178|0x0000000715800000, 0x0000000715800000, 0x0000000715900000|  0%| F|  |TAMS 0x0000000715800000, 0x0000000715800000| Untracked 
| 179|0x0000000715900000, 0x0000000715900000, 0x0000000715a00000|  0%| F|  |TAMS 0x0000000715900000, 0x0000000715900000| Untracked 
| 180|0x0000000715a00000, 0x0000000715a00000, 0x0000000715b00000|  0%| F|  |TAMS 0x0000000715a00000, 0x0000000715a00000| Untracked 
| 181|0x0000000715b00000, 0x0000000715b00000, 0x0000000715c00000|  0%| F|  |TAMS 0x0000000715b00000, 0x0000000715b00000| Untracked 
| 182|0x0000000715c00000, 0x0000000715c00000, 0x0000000715d00000|  0%| F|  |TAMS 0x0000000715c00000, 0x0000000715c00000| Untracked 
| 183|0x0000000715d00000, 0x0000000715d00000, 0x0000000715e00000|  0%| F|  |TAMS 0x0000000715d00000, 0x0000000715d00000| Untracked 
| 184|0x0000000715e00000, 0x0000000715e00000, 0x0000000715f00000|  0%| F|  |TAMS 0x0000000715e00000, 0x0000000715e00000| Untracked 
| 185|0x0000000715f00000, 0x0000000715f00000, 0x0000000716000000|  0%| F|  |TAMS 0x0000000715f00000, 0x0000000715f00000| Untracked 
| 186|0x0000000716000000, 0x0000000716000000, 0x0000000716100000|  0%| F|  |TAMS 0x0000000716000000, 0x0000000716000000| Untracked 
| 187|0x0000000716100000, 0x0000000716100000, 0x0000000716200000|  0%| F|  |TAMS 0x0000000716100000, 0x0000000716100000| Untracked 
| 188|0x0000000716200000, 0x0000000716200000, 0x0000000716300000|  0%| F|  |TAMS 0x0000000716200000, 0x0000000716200000| Untracked 
| 189|0x0000000716300000, 0x0000000716300000, 0x0000000716400000|  0%| F|  |TAMS 0x0000000716300000, 0x0000000716300000| Untracked 
| 190|0x0000000716400000, 0x0000000716400000, 0x0000000716500000|  0%| F|  |TAMS 0x0000000716400000, 0x0000000716400000| Untracked 
| 191|0x0000000716500000, 0x0000000716500000, 0x0000000716600000|  0%| F|  |TAMS 0x0000000716500000, 0x0000000716500000| Untracked 
| 192|0x0000000716600000, 0x0000000716600000, 0x0000000716700000|  0%| F|  |TAMS 0x0000000716600000, 0x0000000716600000| Untracked 
| 193|0x0000000716700000, 0x0000000716700000, 0x0000000716800000|  0%| F|  |TAMS 0x0000000716700000, 0x0000000716700000| Untracked 
| 194|0x0000000716800000, 0x0000000716800000, 0x0000000716900000|  0%| F|  |TAMS 0x0000000716800000, 0x0000000716800000| Untracked 
| 195|0x0000000716900000, 0x0000000716900000, 0x0000000716a00000|  0%| F|  |TAMS 0x0000000716900000, 0x0000000716900000| Untracked 
| 196|0x0000000716a00000, 0x0000000716a00000, 0x0000000716b00000|  0%| F|  |TAMS 0x0000000716a00000, 0x0000000716a00000| Untracked 
| 197|0x0000000716b00000, 0x0000000716b00000, 0x0000000716c00000|  0%| F|  |TAMS 0x0000000716b00000, 0x0000000716b00000| Untracked 
| 198|0x0000000716c00000, 0x0000000716c00000, 0x0000000716d00000|  0%| F|  |TAMS 0x0000000716c00000, 0x0000000716c00000| Untracked 
| 199|0x0000000716d00000, 0x0000000716d00000, 0x0000000716e00000|  0%| F|  |TAMS 0x0000000716d00000, 0x0000000716d00000| Untracked 
| 200|0x0000000716e00000, 0x0000000716e00000, 0x0000000716f00000|  0%| F|  |TAMS 0x0000000716e00000, 0x0000000716e00000| Untracked 
| 201|0x0000000716f00000, 0x0000000716f00000, 0x0000000717000000|  0%| F|  |TAMS 0x0000000716f00000, 0x0000000716f00000| Untracked 
| 202|0x0000000717000000, 0x0000000717000000, 0x0000000717100000|  0%| F|  |TAMS 0x0000000717000000, 0x0000000717000000| Untracked 
| 203|0x0000000717100000, 0x0000000717100000, 0x0000000717200000|  0%| F|  |TAMS 0x0000000717100000, 0x0000000717100000| Untracked 
| 204|0x0000000717200000, 0x0000000717200000, 0x0000000717300000|  0%| F|  |TAMS 0x0000000717200000, 0x0000000717200000| Untracked 
| 205|0x0000000717300000, 0x0000000717300000, 0x0000000717400000|  0%| F|  |TAMS 0x0000000717300000, 0x0000000717300000| Untracked 
| 206|0x0000000717400000, 0x0000000717400000, 0x0000000717500000|  0%| F|  |TAMS 0x0000000717400000, 0x0000000717400000| Untracked 
| 207|0x0000000717500000, 0x0000000717500000, 0x0000000717600000|  0%| F|  |TAMS 0x0000000717500000, 0x0000000717500000| Untracked 
| 208|0x0000000717600000, 0x0000000717600000, 0x0000000717700000|  0%| F|  |TAMS 0x0000000717600000, 0x0000000717600000| Untracked 
| 209|0x0000000717700000, 0x0000000717700000, 0x0000000717800000|  0%| F|  |TAMS 0x0000000717700000, 0x0000000717700000| Untracked 
| 210|0x0000000717800000, 0x0000000717800000, 0x0000000717900000|  0%| F|  |TAMS 0x0000000717800000, 0x0000000717800000| Untracked 
| 211|0x0000000717900000, 0x0000000717900000, 0x0000000717a00000|  0%| F|  |TAMS 0x0000000717900000, 0x0000000717900000| Untracked 
| 212|0x0000000717a00000, 0x0000000717a00000, 0x0000000717b00000|  0%| F|  |TAMS 0x0000000717a00000, 0x0000000717a00000| Untracked 
| 213|0x0000000717b00000, 0x0000000717b00000, 0x0000000717c00000|  0%| F|  |TAMS 0x0000000717b00000, 0x0000000717b00000| Untracked 
| 214|0x0000000717c00000, 0x0000000717c00000, 0x0000000717d00000|  0%| F|  |TAMS 0x0000000717c00000, 0x0000000717c00000| Untracked 
| 215|0x0000000717d00000, 0x0000000717d00000, 0x0000000717e00000|  0%| F|  |TAMS 0x0000000717d00000, 0x0000000717d00000| Untracked 
| 216|0x0000000717e00000, 0x0000000717e00000, 0x0000000717f00000|  0%| F|  |TAMS 0x0000000717e00000, 0x0000000717e00000| Untracked 
| 217|0x0000000717f00000, 0x0000000717f00000, 0x0000000718000000|  0%| F|  |TAMS 0x0000000717f00000, 0x0000000717f00000| Untracked 
| 218|0x0000000718000000, 0x0000000718000000, 0x0000000718100000|  0%| F|  |TAMS 0x0000000718000000, 0x0000000718000000| Untracked 
| 219|0x0000000718100000, 0x0000000718100000, 0x0000000718200000|  0%| F|  |TAMS 0x0000000718100000, 0x0000000718100000| Untracked 
| 220|0x0000000718200000, 0x0000000718200000, 0x0000000718300000|  0%| F|  |TAMS 0x0000000718200000, 0x0000000718200000| Untracked 
| 221|0x0000000718300000, 0x0000000718300000, 0x0000000718400000|  0%| F|  |TAMS 0x0000000718300000, 0x0000000718300000| Untracked 
| 222|0x0000000718400000, 0x0000000718400000, 0x0000000718500000|  0%| F|  |TAMS 0x0000000718400000, 0x0000000718400000| Untracked 
| 223|0x0000000718500000, 0x0000000718500000, 0x0000000718600000|  0%| F|  |TAMS 0x0000000718500000, 0x0000000718500000| Untracked 
| 224|0x0000000718600000, 0x0000000718600000, 0x0000000718700000|  0%| F|  |TAMS 0x0000000718600000, 0x0000000718600000| Untracked 
| 225|0x0000000718700000, 0x0000000718700000, 0x0000000718800000|  0%| F|  |TAMS 0x0000000718700000, 0x0000000718700000| Untracked 
| 226|0x0000000718800000, 0x0000000718800000, 0x0000000718900000|  0%| F|  |TAMS 0x0000000718800000, 0x0000000718800000| Untracked 
| 227|0x0000000718900000, 0x0000000718900000, 0x0000000718a00000|  0%| F|  |TAMS 0x0000000718900000, 0x0000000718900000| Untracked 
| 228|0x0000000718a00000, 0x0000000718a00000, 0x0000000718b00000|  0%| F|  |TAMS 0x0000000718a00000, 0x0000000718a00000| Untracked 
| 229|0x0000000718b00000, 0x0000000718b00000, 0x0000000718c00000|  0%| F|  |TAMS 0x0000000718b00000, 0x0000000718b00000| Untracked 
| 230|0x0000000718c00000, 0x0000000718c00000, 0x0000000718d00000|  0%| F|  |TAMS 0x0000000718c00000, 0x0000000718c00000| Untracked 
| 231|0x0000000718d00000, 0x0000000718d00000, 0x0000000718e00000|  0%| F|  |TAMS 0x0000000718d00000, 0x0000000718d00000| Untracked 
| 232|0x0000000718e00000, 0x0000000718e00000, 0x0000000718f00000|  0%| F|  |TAMS 0x0000000718e00000, 0x0000000718e00000| Untracked 
| 233|0x0000000718f00000, 0x0000000718f00000, 0x0000000719000000|  0%| F|  |TAMS 0x0000000718f00000, 0x0000000718f00000| Untracked 
| 234|0x0000000719000000, 0x0000000719000000, 0x0000000719100000|  0%| F|  |TAMS 0x0000000719000000, 0x0000000719000000| Untracked 
| 235|0x0000000719100000, 0x0000000719100000, 0x0000000719200000|  0%| F|  |TAMS 0x0000000719100000, 0x0000000719100000| Untracked 
| 236|0x0000000719200000, 0x0000000719200000, 0x0000000719300000|  0%| F|  |TAMS 0x0000000719200000, 0x0000000719200000| Untracked 
| 237|0x0000000719300000, 0x0000000719300800, 0x0000000719400000|  0%| E|  |TAMS 0x0000000719300000, 0x0000000719300000| Complete 
| 238|0x0000000719400000, 0x0000000719500000, 0x0000000719500000|100%| E|CS|TAMS 0x0000000719400000, 0x0000000719400000| Complete 
| 239|0x0000000719500000, 0x0000000719600000, 0x0000000719600000|100%| E|CS|TAMS 0x0000000719500000, 0x0000000719500000| Complete 
| 240|0x0000000719600000, 0x0000000719700000, 0x0000000719700000|100%| E|CS|TAMS 0x0000000719600000, 0x0000000719600000| Complete 
| 241|0x0000000719700000, 0x0000000719800000, 0x0000000719800000|100%| E|CS|TAMS 0x0000000719700000, 0x0000000719700000| Complete 
| 242|0x0000000719800000, 0x0000000719900000, 0x0000000719900000|100%| E|  |TAMS 0x0000000719800000, 0x0000000719800000| Complete 
| 243|0x0000000719900000, 0x0000000719a00000, 0x0000000719a00000|100%| E|CS|TAMS 0x0000000719900000, 0x0000000719900000| Complete 
| 244|0x0000000719a00000, 0x0000000719b00000, 0x0000000719b00000|100%| E|CS|TAMS 0x0000000719a00000, 0x0000000719a00000| Complete 
| 245|0x0000000719b00000, 0x0000000719c00000, 0x0000000719c00000|100%| E|CS|TAMS 0x0000000719b00000, 0x0000000719b00000| Complete 

Card table byte_map: [0x00007f44768a5000,0x00007f4477052000] _byte_map_base: 0x00007f4473052000

Marking Bits (Prev, Next): (CMBitMap*) 0x00007f449007c1e8, (CMBitMap*) 0x00007f449007c220
 Prev Bits: [0x00007f446c298000, 0x00007f4470000000)
 Next Bits: [0x00007f4468530000, 0x00007f446c298000)

Polling page: 0x00007f4497318000

Metaspace:

Usage:
  Non-class:      8.68 MB capacity,     8.50 MB ( 98%) used,   156.99 KB (  2%) free+waste,    22.12 KB ( <1%) overhead. 
      Class:   1009.00 KB capacity,   899.55 KB ( 89%) used,    98.20 KB ( 10%) free+waste,    11.25 KB (  1%) overhead. 
       Both:      9.66 MB capacity,     9.38 MB ( 97%) used,   255.20 KB (  3%) free+waste,    33.38 KB ( <1%) overhead. 

Virtual space:
  Non-class space:       10.00 MB reserved,       8.75 MB ( 88%) committed 
      Class space:        1.00 GB reserved,       1.00 MB ( <1%) committed 
             Both:        1.01 GB reserved,       9.75 MB ( <1%) committed 

Chunk freelists:
   Non-Class:  34.00 KB
       Class:  15.00 KB
        Both:  49.00 KB

MaxMetaspaceSize: unlimited
CompressedClassSpaceSize: 1.00 GB

CodeHeap 'non-profiled nmethods': size=120032Kb used=240Kb max_used=240Kb free=119791Kb
 bounds [0x00007f447f8b8000, 0x00007f447fb28000, 0x00007f4486df0000]
CodeHeap 'profiled nmethods': size=120032Kb used=878Kb max_used=878Kb free=119153Kb
 bounds [0x00007f4478380000, 0x00007f44785f0000, 0x00007f447f8b8000]
CodeHeap 'non-nmethods': size=5696Kb used=1210Kb max_used=1245Kb free=4485Kb
 bounds [0x00007f4477df0000, 0x00007f4478060000, 0x00007f4478380000]
 total_blobs=1097 nmethods=607 adapters=411
 compilation: enabled
              stopped_count=0, restarted_count=0
 full_count=0

Compilation events (20 events):
Event: 2683.853 Thread 0x00007f449020d000  595       4       jdk.internal.logger.AbstractLoggerWrapper::isLoggable (26 bytes)
Event: 2683.855 Thread 0x00007f449020d000 nmethod 595 0x00007f447f8f1810 code [0x00007f447f8f19c0, 0x00007f447f8f1bb8]
Event: 2691.860 Thread 0x00007f449020d000  596   !   4       sun.awt.X11.XToolkit::callTimeoutTasks (220 bytes)
Event: 2691.862 Thread 0x00007f449020d000 nmethod 596 0x00007f447f8f1e10 code [0x00007f447f8f1fc0, 0x00007f447f8f2198]
Event: 2692.361 Thread 0x00007f449020d000  597   !   4       sun.awt.X11.XToolkit::getNextTaskTime (55 bytes)
Event: 2692.365 Thread 0x00007f449020d000 nmethod 597 0x00007f447f8f2410 code [0x00007f447f8f25c0, 0x00007f447f8f2978]
Event: 3040.688 Thread 0x00007f449020d000  598       4       sun.awt.SunToolkit::awtLock (7 bytes)
Event: 3040.691 Thread 0x00007f449020d000 nmethod 598 0x00007f447f8f2c90 code [0x00007f447f8f2e40, 0x00007f447f8f3098]
Event: 5879.254 Thread 0x00007f449020d000  600       4       jdk.internal.logger.SimpleConsoleLogger::isLoggable (29 bytes)
Event: 5879.254 Thread 0x00007f449020f000  601       3       jdk.internal.misc.Unsafe::getLong (7 bytes)
Event: 5879.254 Thread 0x00007f449020f000 nmethod 601 0x00007f4478459710 code [0x00007f44784598c0, 0x00007f44784599d0]
Event: 5879.256 Thread 0x00007f449020d000 nmethod 600 0x00007f447f8f3a90 code [0x00007f447f8f3c40, 0x00007f447f8f3d78]
Event: 5879.258 Thread 0x00007f449020f000  603       3       jdk.internal.logger.LazyLoggers$LazyLoggerWrapper::platformProxy (10 bytes)
Event: 5879.258 Thread 0x00007f449020f000 nmethod 603 0x00007f4478459a90 code [0x00007f4478459c40, 0x00007f4478459dc0]
Event: 7470.226 Thread 0x00007f449020f000  605       3       jdk.internal.logger.AbstractLoggerWrapper::log (40 bytes)
Event: 7470.227 Thread 0x00007f449020f000 nmethod 605 0x00007f4478459e90 code [0x00007f447845a080, 0x00007f447845a570]
Event: 7470.227 Thread 0x00007f449020f000  606       3       jdk.internal.logger.SimpleConsoleLogger::log (24 bytes)
Event: 7470.227 Thread 0x00007f449020f000 nmethod 606 0x00007f447845a710 code [0x00007f447845a920, 0x00007f447845aea0]
Event: 7680.900 Thread 0x00007f449020f000  607       3       java.lang.ref.ReferenceQueue::reallyPoll (65 bytes)
Event: 7680.901 Thread 0x00007f449020f000 nmethod 607 0x00007f447845b110 code [0x00007f447845b300, 0x00007f447845b830]

GC Heap History (0 events):
No events

Deoptimization events (20 events):
Event: 2.119 Thread 0x00007f4490018000 DEOPT PACKING pc=0x00007f4478393bae sp=0x00007f44972fa0f0
Event: 2.119 Thread 0x00007f4490018000 DEOPT UNPACKING pc=0x00007f4477e26bca sp=0x00007f44972f9600 mode 0
Event: 2.119 Thread 0x00007f4490018000 DEOPT PACKING pc=0x00007f4478393bae sp=0x00007f44972fa0f0
Event: 2.119 Thread 0x00007f4490018000 DEOPT UNPACKING pc=0x00007f4477e26bca sp=0x00007f44972f9600 mode 0
Event: 2.120 Thread 0x00007f4490018000 DEOPT PACKING pc=0x00007f4478393bae sp=0x00007f44972fa0f0
Event: 2.120 Thread 0x00007f4490018000 DEOPT UNPACKING pc=0x00007f4477e26bca sp=0x00007f44972f9600 mode 0
Event: 2.121 Thread 0x00007f4490018000 DEOPT PACKING pc=0x00007f4478393bae sp=0x00007f44972fa0f0
Event: 2.121 Thread 0x00007f4490018000 DEOPT UNPACKING pc=0x00007f4477e26bca sp=0x00007f44972f9600 mode 0
Event: 2.121 Thread 0x00007f4490018000 DEOPT PACKING pc=0x00007f4478393bae sp=0x00007f44972fa0f0
Event: 2.121 Thread 0x00007f4490018000 DEOPT UNPACKING pc=0x00007f4477e26bca sp=0x00007f44972f9600 mode 0
Event: 2.122 Thread 0x00007f4490018000 DEOPT PACKING pc=0x00007f4478393bae sp=0x00007f44972fa0f0
Event: 2.122 Thread 0x00007f4490018000 DEOPT UNPACKING pc=0x00007f4477e26bca sp=0x00007f44972f9600 mode 0
Event: 5806.417 Thread 0x00007f44904b3800 Uncommon trap: trap_request=0xffffff4d fr.pc=0x00007f447f8f1b98 relative=0x00000000000001d8
Event: 5806.417 Thread 0x00007f44904b3800 Uncommon trap: reason=unstable_if action=reinterpret pc=0x00007f447f8f1b98 method=jdk.internal.logger.LazyLoggers$LazyLoggerAccessor.platform()Lsun/util/logging/PlatformLogger$Bridge; @ 6 c2
Event: 5806.417 Thread 0x00007f44904b3800 DEOPT PACKING pc=0x00007f447f8f1b98 sp=0x00007f446016f840
Event: 5806.417 Thread 0x00007f44904b3800 DEOPT UNPACKING pc=0x00007f4477e26425 sp=0x00007f446016f728 mode 2
Event: 5806.418 Thread 0x00007f44904b3800 Uncommon trap: trap_request=0xffffff4d fr.pc=0x00007f447f8f16c8 relative=0x00000000000000a8
Event: 5806.418 Thread 0x00007f44904b3800 Uncommon trap: reason=unstable_if action=reinterpret pc=0x00007f447f8f16c8 method=jdk.internal.logger.LazyLoggers$LazyLoggerAccessor.platform()Lsun/util/logging/PlatformLogger$Bridge; @ 6 c2
Event: 5806.418 Thread 0x00007f44904b3800 DEOPT PACKING pc=0x00007f447f8f16c8 sp=0x00007f446016f7d0
Event: 5806.418 Thread 0x00007f44904b3800 DEOPT UNPACKING pc=0x00007f4477e26425 sp=0x00007f446016f710 mode 2

Classes redefined (0 events):
No events

Internal exceptions (20 events):
Event: 1.931 Thread 0x00007f4490018000 Exception <a 'java/io/FileNotFoundException'{0x0000000719981560}> (0x0000000719981560) thrown at [src/hotspot/share/prims/jni.cpp, line 615]
Event: 2.047 Thread 0x00007f4490018000 Exception <a 'java/lang/NoSuchMethodError'{0x00000007199dc7c8}: 'java.lang.Object java.lang.invoke.DirectMethodHandle$Holder.invokeStatic(java.lang.Object, java.lang.Object, java.lang.Object, java.lang.Object, java.lang.Object, java.lang.Object, java.lang.Object, java.lang.Object, java.lang.Object, java.lang.Object, java.lang.Object, java.lang.Object, java.lang.Object, java.lang.Object, java.lang.Object)'> (0x00000007199dc7c8) thrown at [src/hotspot/share/interpreter/linkResolver.cpp, line 773]
Event: 2.050 Thread 0x00007f4490018000 Exception <a 'java/lang/NoSuchMethodError'{0x00000007199ea538}: 'java.lang.Object java.lang.invoke.DirectMethodHandle$Holder.invokeStatic(java.lang.Object, java.lang.Object, java.lang.Object, java.lang.Object, java.lang.Object, java.lang.Object, java.lang.Object, java.lang.Object, java.lang.Object, java.lang.Object, java.lang.Object, java.lang.Object, java.lang.Object, java.lang.Object, java.lang.Object, java.lang.Object)'> (0x00000007199ea538) thrown at [src/hotspot/share/interpreter/linkResolver.cpp, lin
Event: 2.053 Thread 0x00007f4490018000 Exception <a 'java/lang/NoSuchMethodError'{0x00000007199f81a8}: 'java.lang.Object java.lang.invoke.DirectMethodHandle$Holder.invokeSpecial(java.lang.Object, java.lang.Object, int, int, java.lang.Object, java.lang.Object, java.lang.Object)'> (0x00000007199f81a8) thrown at [src/hotspot/share/interpreter/linkResolver.cpp, line 773]
Event: 2.054 Thread 0x00007f4490018000 Exception <a 'java/lang/NoSuchMethodError'{0x00000007199fb738}: 'java.lang.Object java.lang.invoke.DelegatingMethodHandle$Holder.reinvoke_L(java.lang.Object, int, int, java.lang.Object, java.lang.Object, java.lang.Object)'> (0x00000007199fb738) thrown at [src/hotspot/share/interpreter/linkResolver.cpp, line 773]
Event: 2.055 Thread 0x00007f4490018000 Exception <a 'java/lang/NoSuchMethodError'{0x00000007199ff818}: 'java.lang.Object java.lang.invoke.DirectMethodHandle$Holder.invokeStatic(java.lang.Object, java.lang.Object, java.lang.Object, java.lang.Object, int)'> (0x00000007199ff818) thrown at [src/hotspot/share/interpreter/linkResolver.cpp, line 773]
Event: 2.125 Thread 0x00007f4490018000 Exception <a 'java/security/PrivilegedActionException'{0x00000007198d2a98}> (0x00000007198d2a98) thrown at [src/hotspot/share/prims/jvm.cpp, line 1306]
Event: 2.125 Thread 0x00007f4490018000 Exception <a 'java/security/PrivilegedActionException'{0x00000007198d3010}> (0x00000007198d3010) thrown at [src/hotspot/share/prims/jvm.cpp, line 1306]
Event: 2.128 Thread 0x00007f4490018000 Exception <a 'java/security/PrivilegedActionException'{0x00000007198e7d80}> (0x00000007198e7d80) thrown at [src/hotspot/share/prims/jvm.cpp, line 1306]
Event: 2.128 Thread 0x00007f4490018000 Exception <a 'java/security/PrivilegedActionException'{0x00000007198e82f8}> (0x00000007198e82f8) thrown at [src/hotspot/share/prims/jvm.cpp, line 1306]
Event: 2.672 Thread 0x00007f4490018000 Exception <a 'java/lang/NoSuchMethodError'{0x000000071962e450}: 'java.lang.Object java.lang.invoke.DirectMethodHandle$Holder.invokeStatic(java.lang.Object, java.lang.Object, java.lang.Object, java.lang.Object, java.lang.Object, java.lang.Object, java.lang.Object, java.lang.Object, int)'> (0x000000071962e450) thrown at [src/hotspot/share/interpreter/linkResolver.cpp, line 773]
Event: 2.676 Thread 0x00007f4490018000 Exception <a 'java/lang/NoSuchMethodError'{0x0000000719648770}: 'java.lang.Object java.lang.invoke.DirectMethodHandle$Holder.invokeStatic(java.lang.Object, java.lang.Object, java.lang.Object, java.lang.Object, java.lang.Object, java.lang.Object, java.lang.Object, java.lang.Object, int, int)'> (0x0000000719648770) thrown at [src/hotspot/share/interpreter/linkResolver.cpp, line 773]
Event: 2.700 Thread 0x00007f4490018000 Exception <a 'java/lang/NoSuchMethodError'{0x00000007196548f8}: 'void java.lang.invoke.DirectMethodHandle$Holder.invokeSpecial(java.lang.Object, java.lang.Object)'> (0x00000007196548f8) thrown at [src/hotspot/share/interpreter/linkResolver.cpp, line 773]
Event: 729.674 Thread 0x00007f44904b9000 Exception <a 'java/security/PrivilegedActionException'{0x00000007195524a0}> (0x00000007195524a0) thrown at [src/hotspot/share/prims/jvm.cpp, line 1306]
Event: 729.674 Thread 0x00007f44904b9000 Exception <a 'java/security/PrivilegedActionException'{0x0000000719552770}> (0x0000000719552770) thrown at [src/hotspot/share/prims/jvm.cpp, line 1306]
Event: 792.399 Thread 0x00007f43fc0a3000 Exception <a 'java/lang/NoSuchMethodError'{0x00000007194675d8}: 'java.lang.Object java.lang.invoke.DirectMethodHandle$Holder.invokeStatic(java.lang.Object, java.lang.Object, java.lang.Object, java.lang.Object, java.lang.Object, java.lang.Object, java.lang.Object, java.lang.Object, java.lang.Object, java.lang.Object, java.lang.Object, int)'> (0x00000007194675d8) thrown at [src/hotspot/share/interpreter/linkResolver.cpp, line 773]
Event: 792.406 Thread 0x00007f43fc0a3000 Exception <a 'java/lang/NoSuchMethodError'{0x00000007194854d8}: 'java.lang.Object java.lang.invoke.DirectMethodHandle$Holder.invokeStatic(java.lang.Object, java.lang.Object, java.lang.Object, java.lang.Object, java.lang.Object, java.lang.Object, java.lang.Object, java.lang.Object, java.lang.Object, java.lang.Object, java.lang.Object, int, int)'> (0x00000007194854d8) thrown at [src/hotspot/share/interpreter/linkResolver.cpp, line 773]
Event: 792.409 Thread 0x00007f43fc0a3000 Exception <a 'java/lang/NoSuchMethodError'{0x00000007194a4508}: 'java.lang.Object java.lang.invoke.DirectMethodHandle$Holder.invokeStatic(java.lang.Object, java.lang.Object, java.lang.Object, java.lang.Object, java.lang.Object, java.lang.Object, java.lang.Object, java.lang.Object, java.lang.Object, java.lang.Object, java.lang.Object, int, int, java.lang.Object)'> (0x00000007194a4508) thrown at [src/hotspot/share/interpreter/linkResolver.cpp, line 773]
Event: 792.424 Thread 0x00007f43fc0a3000 Exception <a 'java/lang/NoSuchMethodError'{0x00000007194c4920}: 'java.lang.Object java.lang.invoke.DirectMethodHandle$Holder.invokeStatic(java.lang.Object, java.lang.Object, java.lang.Object, java.lang.Object, java.lang.Object, java.lang.Object, java.lang.Object, java.lang.Object, java.lang.Object, java.lang.Object, java.lang.Object, int, int, java.lang.Object, java.lang.Object)'> (0x00000007194c4920) thrown at [src/hotspot/share/interpreter/linkResolver.cpp, line 773]
Event: 5806.417 Thread 0x00007f44904b3800 Implicit null exception at 0x00007f447f8f1a16 to 0x00007f447f8f1b7c

Events (20 events):
Event: 5831.070 Executing VM operation: RevokeBias
Event: 5831.076 Executing VM operation: RevokeBias done
Event: 5831.079 loading class java/util/Vector$Itr
Event: 5831.079 loading class java/util/Vector$Itr done
Event: 6487.372 loading class sun/awt/X11/XkbEvent
Event: 6487.376 loading class sun/awt/X11/XkbEvent done
Event: 6487.377 loading class sun/awt/X11/XkbAnyEvent
Event: 6487.377 loading class sun/awt/X11/XkbAnyEvent done
Event: 8076.851 loading class java/util/LinkedList$ListItr
Event: 8076.851 loading class java/util/LinkedList$ListItr done
Event: 8076.851 Thread 0x00007f43f4037800 Thread added: 0x00007f43f4037800
Event: 8076.851 Protecting memory [0x00007f440baf9000,0x00007f440bafd000] with protection modes 0
Event: 8076.851 Executing VM operation: RevokeBias
Event: 8076.851 Executing VM operation: RevokeBias done
Event: 8076.851 Thread 0x00007f43fc0a3000 Thread exited: 0x00007f43fc0a3000
Event: 8076.854 Executing VM operation: GetFrameCount
Event: 8076.854 Executing VM operation: GetFrameCount done
Event: 8076.854 Executing VM operation: GetStackTrace
Event: 8076.854 Executing VM operation: GetStackTrace done
Event: 14187.656 loading class jdk/internal/misc/Signal$1


Dynamic libraries:
70a600000-719c00000 rw-p 00000000 00:00 0 
719c00000-800000000 ---p 00000000 00:00 0 
800000000-800100000 rw-p 00000000 00:00 0 
800100000-840000000 ---p 00000000 00:00 0 
55d9dbf62000-55d9dbf63000 r-xp 00000000 07:28 249                        /snap/bluej/119/usr/lib/jvm/java-11-openjdk-amd64/bin/java
55d9dc163000-55d9dc164000 r--p 00001000 07:28 249                        /snap/bluej/119/usr/lib/jvm/java-11-openjdk-amd64/bin/java
55d9dc164000-55d9dc165000 rw-p 00002000 07:28 249                        /snap/bluej/119/usr/lib/jvm/java-11-openjdk-amd64/bin/java
55d9dc8bd000-55d9dc8de000 rw-p 00000000 00:00 0                          [heap]
7f43f4000000-7f43f4054000 rw-p 00000000 00:00 0 
7f43f4054000-7f43f8000000 ---p 00000000 00:00 0 
7f43fc000000-7f43fc0a7000 rw-p 00000000 00:00 0 
7f43fc0a7000-7f4400000000 ---p 00000000 00:00 0 
7f4400000000-7f4400021000 rw-p 00000000 00:00 0 
7f4400021000-7f4404000000 ---p 00000000 00:00 0 
7f4404000000-7f4404021000 rw-p 00000000 00:00 0 
7f4404021000-7f4408000000 ---p 00000000 00:00 0 
7f440b8f7000-7f440b8fb000 ---p 00000000 00:00 0 
7f440b8fb000-7f440b9f8000 rw-p 00000000 00:00 0 
7f440b9f8000-7f440b9fc000 ---p 00000000 00:00 0 
7f440b9fc000-7f440baf9000 rw-p 00000000 00:00 0 
7f440baf9000-7f440bafd000 ---p 00000000 00:00 0 
7f440bafd000-7f440bcba000 rw-p 00000000 00:00 0 
7f440bcba000-7f440bdfa000 ---p 00000000 00:00 0 
7f440bdfa000-7f440bdff000 r-xp 00000000 07:28 817                        /snap/bluej/119/usr/lib/x86_64-linux-gnu/libXfixes.so.3.1.0
7f440bdff000-7f440bffe000 ---p 00005000 07:28 817                        /snap/bluej/119/usr/lib/x86_64-linux-gnu/libXfixes.so.3.1.0
7f440bffe000-7f440bfff000 r--p 00004000 07:28 817                        /snap/bluej/119/usr/lib/x86_64-linux-gnu/libXfixes.so.3.1.0
7f440bfff000-7f440c000000 rw-p 00005000 07:28 817                        /snap/bluej/119/usr/lib/x86_64-linux-gnu/libXfixes.so.3.1.0
7f440c000000-7f440c021000 rw-p 00000000 00:00 0 
7f440c021000-7f4410000000 ---p 00000000 00:00 0 
7f4410000000-7f4410021000 rw-p 00000000 00:00 0 
7f4410021000-7f4414000000 ---p 00000000 00:00 0 
7f4414000000-7f4414027000 rw-p 00000000 00:00 0 
7f4414027000-7f4418000000 ---p 00000000 00:00 0 
7f4418000000-7f4418078000 rw-p 00000000 00:00 0 
7f4418078000-7f441c000000 ---p 00000000 00:00 0 
7f441c056000-7f441c05f000 r-xp 00000000 07:28 809                        /snap/bluej/119/usr/lib/x86_64-linux-gnu/libXcursor.so.1.0.2
7f441c05f000-7f441c25e000 ---p 00009000 07:28 809                        /snap/bluej/119/usr/lib/x86_64-linux-gnu/libXcursor.so.1.0.2
7f441c25e000-7f441c25f000 r--p 00008000 07:28 809                        /snap/bluej/119/usr/lib/x86_64-linux-gnu/libXcursor.so.1.0.2
7f441c25f000-7f441c260000 rw-p 00009000 07:28 809                        /snap/bluej/119/usr/lib/x86_64-linux-gnu/libXcursor.so.1.0.2
7f441c260000-7f441c261000 ---p 00000000 00:00 0 
7f441c261000-7f441ca61000 rw-p 00000000 00:00 0 
7f441ca61000-7f441ca62000 ---p 00000000 00:00 0 
7f441ca62000-7f441d262000 rw-p 00000000 00:00 0 
7f441d262000-7f441d263000 ---p 00000000 00:00 0 
7f441d263000-7f441da63000 rw-p 00000000 00:00 0 
7f441da63000-7f441da6f000 r-xp 00000000 07:33 8286                       /snap/bluej/119/gnome-platform/usr/lib/x86_64-linux-gnu/gio/modules/libdconfsettings.so
7f441da6f000-7f441dc6e000 ---p 0000c000 07:33 8286                       /snap/bluej/119/gnome-platform/usr/lib/x86_64-linux-gnu/gio/modules/libdconfsettings.so
7f441dc6e000-7f441dc6f000 r--p 0000b000 07:33 8286                       /snap/bluej/119/gnome-platform/usr/lib/x86_64-linux-gnu/gio/modules/libdconfsettings.so
7f441dc6f000-7f441dc70000 rw-p 0000c000 07:33 8286                       /snap/bluej/119/gnome-platform/usr/lib/x86_64-linux-gnu/gio/modules/libdconfsettings.so
7f441dc70000-7f441dc76000 r-xp 00000000 07:0b 1497                       /lib/x86_64-linux-gnu/libuuid.so.1.3.0
7f441dc76000-7f441de75000 ---p 00006000 07:0b 1497                       /lib/x86_64-linux-gnu/libuuid.so.1.3.0
7f441de75000-7f441de76000 r--p 00005000 07:0b 1497                       /lib/x86_64-linux-gnu/libuuid.so.1.3.0
7f441de76000-7f441de77000 rw-p 00006000 07:0b 1497                       /lib/x86_64-linux-gnu/libuuid.so.1.3.0
7f441de77000-7f441debe000 r-xp 00000000 07:0b 1372                       /lib/x86_64-linux-gnu/libblkid.so.1.1.0
7f441debe000-7f441e0be000 ---p 00047000 07:0b 1372                       /lib/x86_64-linux-gnu/libblkid.so.1.1.0
7f441e0be000-7f441e0c2000 r--p 00047000 07:0b 1372                       /lib/x86_64-linux-gnu/libblkid.so.1.1.0
7f441e0c2000-7f441e0c3000 rw-p 0004b000 07:0b 1372                       /lib/x86_64-linux-gnu/libblkid.so.1.1.0
7f441e0c3000-7f441e0c4000 rw-p 00000000 00:00 0 
7f441e0c4000-7f441e0cb000 r-xp 00000000 07:28 889                        /snap/bluej/119/usr/lib/x86_64-linux-gnu/libffi.so.6.0.4
7f441e0cb000-7f441e2ca000 ---p 00007000 07:28 889                        /snap/bluej/119/usr/lib/x86_64-linux-gnu/libffi.so.6.0.4
7f441e2ca000-7f441e2cb000 r--p 00006000 07:28 889                        /snap/bluej/119/usr/lib/x86_64-linux-gnu/libffi.so.6.0.4
7f441e2cb000-7f441e2cc000 rw-p 00007000 07:28 889                        /snap/bluej/119/usr/lib/x86_64-linux-gnu/libffi.so.6.0.4
7f441e2cc000-7f441e31d000 r-xp 00000000 07:0b 1434                       /lib/x86_64-linux-gnu/libmount.so.1.1.0
7f441e31d000-7f441e51c000 ---p 00051000 07:0b 1434                       /lib/x86_64-linux-gnu/libmount.so.1.1.0
7f441e51c000-7f441e51e000 r--p 00050000 07:0b 1434                       /lib/x86_64-linux-gnu/libmount.so.1.1.0
7f441e51e000-7f441e51f000 rw-p 00052000 07:0b 1434                       /lib/x86_64-linux-gnu/libmount.so.1.1.0
7f441e51f000-7f441e520000 rw-p 00000000 00:00 0 
7f441e520000-7f441e537000 r-xp 00000000 07:0b 1474                       /lib/x86_64-linux-gnu/libresolv-2.27.so
7f441e537000-7f441e736000 ---p 00017000 07:0b 1474                       /lib/x86_64-linux-gnu/libresolv-2.27.so
7f441e736000-7f441e737000 r--p 00016000 07:0b 1474                       /lib/x86_64-linux-gnu/libresolv-2.27.so
7f441e737000-7f441e738000 rw-p 00017000 07:0b 1474                       /lib/x86_64-linux-gnu/libresolv-2.27.so
7f441e738000-7f441e73a000 rw-p 00000000 00:00 0 
7f441e73a000-7f441e75f000 r-xp 00000000 07:0b 1480                       /lib/x86_64-linux-gnu/libselinux.so.1
7f441e75f000-7f441e95e000 ---p 00025000 07:0b 1480                       /lib/x86_64-linux-gnu/libselinux.so.1
7f441e95e000-7f441e95f000 r--p 00024000 07:0b 1480                       /lib/x86_64-linux-gnu/libselinux.so.1
7f441e95f000-7f441e960000 rw-p 00025000 07:0b 1480                       /lib/x86_64-linux-gnu/libselinux.so.1
7f441e960000-7f441e962000 rw-p 00000000 00:00 0 
7f441e962000-7f441e965000 r-xp 00000000 07:28 917                        /snap/bluej/119/usr/lib/x86_64-linux-gnu/libgmodule-2.0.so.0.5600.4
7f441e965000-7f441eb64000 ---p 00003000 07:28 917                        /snap/bluej/119/usr/lib/x86_64-linux-gnu/libgmodule-2.0.so.0.5600.4
7f441eb64000-7f441eb65000 r--p 00002000 07:28 917                        /snap/bluej/119/usr/lib/x86_64-linux-gnu/libgmodule-2.0.so.0.5600.4
7f441eb65000-7f441eb66000 rw-p 00003000 07:28 917                        /snap/bluej/119/usr/lib/x86_64-linux-gnu/libgmodule-2.0.so.0.5600.4
7f441eb66000-7f441ebb8000 r-xp 00000000 07:28 923                        /snap/bluej/119/usr/lib/x86_64-linux-gnu/libgobject-2.0.so.0.5600.4
7f441ebb8000-7f441edb8000 ---p 00052000 07:28 923                        /snap/bluej/119/usr/lib/x86_64-linux-gnu/libgobject-2.0.so.0.5600.4
7f441edb8000-7f441edb9000 r--p 00052000 07:28 923                        /snap/bluej/119/usr/lib/x86_64-linux-gnu/libgobject-2.0.so.0.5600.4
7f441edb9000-7f441edba000 rw-p 00053000 07:28 923                        /snap/bluej/119/usr/lib/x86_64-linux-gnu/libgobject-2.0.so.0.5600.4
7f441edba000-7f441ef50000 r-xp 00000000 07:28 909                        /snap/bluej/119/usr/lib/x86_64-linux-gnu/libgio-2.0.so.0.5600.4
7f441ef50000-7f441f14f000 ---p 00196000 07:28 909                        /snap/bluej/119/usr/lib/x86_64-linux-gnu/libgio-2.0.so.0.5600.4
7f441f14f000-7f441f156000 r--p 00195000 07:28 909                        /snap/bluej/119/usr/lib/x86_64-linux-gnu/libgio-2.0.so.0.5600.4
7f441f156000-7f441f157000 rw-p 0019c000 07:28 909                        /snap/bluej/119/usr/lib/x86_64-linux-gnu/libgio-2.0.so.0.5600.4
7f441f157000-7f441f159000 rw-p 00000000 00:00 0 
7f441f159000-7f441f163000 r-xp 00000000 07:28 823                        /snap/bluej/119/usr/lib/x86_64-linux-gnu/libXrandr.so.2.2.0
7f441f163000-7f441f362000 ---p 0000a000 07:28 823                        /snap/bluej/119/usr/lib/x86_64-linux-gnu/libXrandr.so.2.2.0
7f441f362000-7f441f363000 r--p 00009000 07:28 823                        /snap/bluej/119/usr/lib/x86_64-linux-gnu/libXrandr.so.2.2.0
7f441f363000-7f441f364000 rw-p 0000a000 07:28 823                        /snap/bluej/119/usr/lib/x86_64-linux-gnu/libXrandr.so.2.2.0
7f441f364000-7f441f3d4000 r-xp 00000000 07:0b 1467                       /lib/x86_64-linux-gnu/libpcre.so.3.13.3
7f441f3d4000-7f441f5d4000 ---p 00070000 07:0b 1467                       /lib/x86_64-linux-gnu/libpcre.so.3.13.3
7f441f5d4000-7f441f5d5000 r--p 00070000 07:0b 1467                       /lib/x86_64-linux-gnu/libpcre.so.3.13.3
7f441f5d5000-7f441f5d6000 rw-p 00071000 07:0b 1467                       /lib/x86_64-linux-gnu/libpcre.so.3.13.3
7f441f5d6000-7f441f607000 r-xp 00000000 07:28 1010                       /snap/bluej/119/usr/lib/x86_64-linux-gnu/libpng16.so.16.34.0
7f441f607000-7f441f806000 ---p 00031000 07:28 1010                       /snap/bluej/119/usr/lib/x86_64-linux-gnu/libpng16.so.16.34.0
7f441f806000-7f441f807000 r--p 00030000 07:28 1010                       /snap/bluej/119/usr/lib/x86_64-linux-gnu/libpng16.so.16.34.0
7f441f807000-7f441f808000 rw-p 00031000 07:28 1010                       /snap/bluej/119/usr/lib/x86_64-linux-gnu/libpng16.so.16.34.0
7f441f808000-7f441f833000 r-xp 00000000 07:28 928                        /snap/bluej/119/usr/lib/x86_64-linux-gnu/libgraphite2.so.3.0.1
7f441f833000-7f441fa32000 ---p 0002b000 07:28 928                        /snap/bluej/119/usr/lib/x86_64-linux-gnu/libgraphite2.so.3.0.1
7f441fa32000-7f441fa34000 r--p 0002a000 07:28 928                        /snap/bluej/119/usr/lib/x86_64-linux-gnu/libgraphite2.so.3.0.1
7f441fa34000-7f441fa35000 rw-p 0002c000 07:28 928                        /snap/bluej/119/usr/lib/x86_64-linux-gnu/libgraphite2.so.3.0.1
7f441fa35000-7f441fb49000 r-xp 00000000 07:28 913                        /snap/bluej/119/usr/lib/x86_64-linux-gnu/libglib-2.0.so.0.5600.4
7f441fb49000-7f441fd49000 ---p 00114000 07:28 913                        /snap/bluej/119/usr/lib/x86_64-linux-gnu/libglib-2.0.so.0.5600.4
7f441fd49000-7f441fd4a000 r--p 00114000 07:28 913                        /snap/bluej/119/usr/lib/x86_64-linux-gnu/libglib-2.0.so.0.5600.4
7f441fd4a000-7f441fd4b000 rw-p 00115000 07:28 913                        /snap/bluej/119/usr/lib/x86_64-linux-gnu/libglib-2.0.so.0.5600.4
7f441fd4b000-7f441fd4c000 rw-p 00000000 00:00 0 
7f441fd4c000-7f441fdf9000 r-xp 00000000 07:28 897                        /snap/bluej/119/usr/lib/x86_64-linux-gnu/libfreetype.so.6.15.0
7f441fdf9000-7f441fff8000 ---p 000ad000 07:28 897                        /snap/bluej/119/usr/lib/x86_64-linux-gnu/libfreetype.so.6.15.0
7f441fff8000-7f441ffff000 r--p 000ac000 07:28 897                        /snap/bluej/119/usr/lib/x86_64-linux-gnu/libfreetype.so.6.15.0
7f441ffff000-7f4420000000 rw-p 000b3000 07:28 897                        /snap/bluej/119/usr/lib/x86_64-linux-gnu/libfreetype.so.6.15.0
7f4420000000-7f4420021000 rw-p 00000000 00:00 0 
7f4420021000-7f4424000000 ---p 00000000 00:00 0 
7f4424000000-7f4424021000 rw-p 00000000 00:00 0 
7f4424021000-7f4428000000 ---p 00000000 00:00 0 
7f4428000000-7f4428025000 rw-p 00000000 00:00 0 
7f4428025000-7f442c000000 ---p 00000000 00:00 0 
7f442c000000-7f442c021000 rw-p 00000000 00:00 0 
7f442c021000-7f4430000000 ---p 00000000 00:00 0 
7f4430000000-7f4430021000 rw-p 00000000 00:00 0 
7f4430021000-7f4434000000 ---p 00000000 00:00 0 
7f4434000000-7f4434021000 rw-p 00000000 00:00 0 
7f4434021000-7f4438000000 ---p 00000000 00:00 0 
7f4438000000-7f4438dc4000 rw-p 00000000 00:00 0 
7f4438dc4000-7f443c000000 ---p 00000000 00:00 0 
7f443c000000-7f443c2a8000 rw-p 00000000 00:00 0 
7f443c2a8000-7f4440000000 ---p 00000000 00:00 0 
7f4440000000-7f4440021000 rw-p 00000000 00:00 0 
7f4440021000-7f4444000000 ---p 00000000 00:00 0 
7f4444000000-7f4444021000 rw-p 00000000 00:00 0 
7f4444021000-7f4448000000 ---p 00000000 00:00 0 
7f4448000000-7f4448021000 rw-p 00000000 00:00 0 
7f4448021000-7f444c000000 ---p 00000000 00:00 0 
7f444c000000-7f444c021000 rw-p 00000000 00:00 0 
7f444c021000-7f4450000000 ---p 00000000 00:00 0 
7f4450000000-7f4450021000 rw-p 00000000 00:00 0 
7f4450021000-7f4454000000 ---p 00000000 00:00 0 
7f4454000000-7f4454021000 rw-p 00000000 00:00 0 
7f4454021000-7f4458000000 ---p 00000000 00:00 0 
7f4458000000-7f4458021000 rw-p 00000000 00:00 0 
7f4458021000-7f445c000000 ---p 00000000 00:00 0 
7f445c000000-7f445c021000 rw-p 00000000 00:00 0 
7f445c021000-7f4460000000 ---p 00000000 00:00 0 
7f4460070000-7f4460074000 ---p 00000000 00:00 0 
7f4460074000-7f4460171000 rw-p 00000000 00:00 0 
7f4460171000-7f446020d000 r-xp 00000000 07:28 944                        /snap/bluej/119/usr/lib/x86_64-linux-gnu/libharfbuzz.so.0.10702.0
7f446020d000-7f446040d000 ---p 0009c000 07:28 944                        /snap/bluej/119/usr/lib/x86_64-linux-gnu/libharfbuzz.so.0.10702.0
7f446040d000-7f446040e000 r--p 0009c000 07:28 944                        /snap/bluej/119/usr/lib/x86_64-linux-gnu/libharfbuzz.so.0.10702.0
7f446040e000-7f446040f000 rw-p 0009d000 07:28 944                        /snap/bluej/119/usr/lib/x86_64-linux-gnu/libharfbuzz.so.0.10702.0
7f446040f000-7f446041b000 r-xp 00000000 07:28 579                        /snap/bluej/119/usr/lib/jvm/java-11-openjdk-amd64/lib/libfontmanager.so
7f446041b000-7f446061b000 ---p 0000c000 07:28 579                        /snap/bluej/119/usr/lib/jvm/java-11-openjdk-amd64/lib/libfontmanager.so
7f446061b000-7f446061c000 r--p 0000c000 07:28 579                        /snap/bluej/119/usr/lib/jvm/java-11-openjdk-amd64/lib/libfontmanager.so
7f446061c000-7f446061d000 rw-p 0000d000 07:28 579                        /snap/bluej/119/usr/lib/jvm/java-11-openjdk-amd64/lib/libfontmanager.so
7f446061d000-7f4460621000 ---p 00000000 00:00 0 
7f4460621000-7f446071e000 rw-p 00000000 00:00 0 
7f446071e000-7f4460731000 r-xp 00000000 07:28 176                        /snap/bluej/119/lib/x86_64-linux-gnu/libbsd.so.0.8.7
7f4460731000-7f4460930000 ---p 00013000 07:28 176                        /snap/bluej/119/lib/x86_64-linux-gnu/libbsd.so.0.8.7
7f4460930000-7f4460931000 r--p 00012000 07:28 176                        /snap/bluej/119/lib/x86_64-linux-gnu/libbsd.so.0.8.7
7f4460931000-7f4460932000 rw-p 00013000 07:28 176                        /snap/bluej/119/lib/x86_64-linux-gnu/libbsd.so.0.8.7
7f4460932000-7f4460933000 rw-p 00000000 00:00 0 
7f4460933000-7f4460938000 r-xp 00000000 07:28 813                        /snap/bluej/119/usr/lib/x86_64-linux-gnu/libXdmcp.so.6.0.0
7f4460938000-7f4460b37000 ---p 00005000 07:28 813                        /snap/bluej/119/usr/lib/x86_64-linux-gnu/libXdmcp.so.6.0.0
7f4460b37000-7f4460b38000 r--p 00004000 07:28 813                        /snap/bluej/119/usr/lib/x86_64-linux-gnu/libXdmcp.so.6.0.0
7f4460b38000-7f4460b39000 rw-p 00005000 07:28 813                        /snap/bluej/119/usr/lib/x86_64-linux-gnu/libXdmcp.so.6.0.0
7f4460b39000-7f4460b3b000 r-xp 00000000 07:28 805                        /snap/bluej/119/usr/lib/x86_64-linux-gnu/libXau.so.6.0.0
7f4460b3b000-7f4460d3b000 ---p 00002000 07:28 805                        /snap/bluej/119/usr/lib/x86_64-linux-gnu/libXau.so.6.0.0
7f4460d3b000-7f4460d3c000 r--p 00002000 07:28 805                        /snap/bluej/119/usr/lib/x86_64-linux-gnu/libXau.so.6.0.0
7f4460d3c000-7f4460d3d000 rw-p 00003000 07:28 805                        /snap/bluej/119/usr/lib/x86_64-linux-gnu/libXau.so.6.0.0
7f4460d3d000-7f4460d63000 r-xp 00000000 07:28 1104                       /snap/bluej/119/usr/lib/x86_64-linux-gnu/libxcb.so.1.1.0
7f4460d63000-7f4460f63000 ---p 00026000 07:28 1104                       /snap/bluej/119/usr/lib/x86_64-linux-gnu/libxcb.so.1.1.0
7f4460f63000-7f4460f64000 r--p 00026000 07:28 1104                       /snap/bluej/119/usr/lib/x86_64-linux-gnu/libxcb.so.1.1.0
7f4460f64000-7f4460f65000 rw-p 00027000 07:28 1104                       /snap/bluej/119/usr/lib/x86_64-linux-gnu/libxcb.so.1.1.0
7f4460f65000-7f4460f74000 r-xp 00000000 07:28 819                        /snap/bluej/119/usr/lib/x86_64-linux-gnu/libXi.so.6.1.0
7f4460f74000-7f4461173000 ---p 0000f000 07:28 819                        /snap/bluej/119/usr/lib/x86_64-linux-gnu/libXi.so.6.1.0
7f4461173000-7f4461174000 r--p 0000e000 07:28 819                        /snap/bluej/119/usr/lib/x86_64-linux-gnu/libXi.so.6.1.0
7f4461174000-7f4461175000 rw-p 0000f000 07:28 819                        /snap/bluej/119/usr/lib/x86_64-linux-gnu/libXi.so.6.1.0
7f4461175000-7f446117a000 r-xp 00000000 07:28 827                        /snap/bluej/119/usr/lib/x86_64-linux-gnu/libXtst.so.6.1.0
7f446117a000-7f4461379000 ---p 00005000 07:28 827                        /snap/bluej/119/usr/lib/x86_64-linux-gnu/libXtst.so.6.1.0
7f4461379000-7f446137a000 r--p 00004000 07:28 827                        /snap/bluej/119/usr/lib/x86_64-linux-gnu/libXtst.so.6.1.0
7f446137a000-7f446137b000 rw-p 00005000 07:28 827                        /snap/bluej/119/usr/lib/x86_64-linux-gnu/libXtst.so.6.1.0
7f446137b000-7f4461384000 r-xp 00000000 07:28 825                        /snap/bluej/119/usr/lib/x86_64-linux-gnu/libXrender.so.1.3.0
7f4461384000-7f4461583000 ---p 00009000 07:28 825                        /snap/bluej/119/usr/lib/x86_64-linux-gnu/libXrender.so.1.3.0
7f4461583000-7f4461584000 r--p 00008000 07:28 825                        /snap/bluej/119/usr/lib/x86_64-linux-gnu/libXrender.so.1.3.0
7f4461584000-7f4461585000 rw-p 00009000 07:28 825                        /snap/bluej/119/usr/lib/x86_64-linux-gnu/libXrender.so.1.3.0
7f4461585000-7f44616b8000 r-xp 00000000 07:28 803                        /snap/bluej/119/usr/lib/x86_64-linux-gnu/libX11.so.6.3.0
7f44616b8000-7f44618b8000 ---p 00133000 07:28 803                        /snap/bluej/119/usr/lib/x86_64-linux-gnu/libX11.so.6.3.0
7f44618b8000-7f44618b9000 r--p 00133000 07:28 803                        /snap/bluej/119/usr/lib/x86_64-linux-gnu/libX11.so.6.3.0
7f44618b9000-7f44618bd000 rw-p 00134000 07:28 803                        /snap/bluej/119/usr/lib/x86_64-linux-gnu/libX11.so.6.3.0
7f44618bd000-7f44618ce000 r-xp 00000000 07:28 815                        /snap/bluej/119/usr/lib/x86_64-linux-gnu/libXext.so.6.4.0
7f44618ce000-7f4461acd000 ---p 00011000 07:28 815                        /snap/bluej/119/usr/lib/x86_64-linux-gnu/libXext.so.6.4.0
7f4461acd000-7f4461ace000 r--p 00010000 07:28 815                        /snap/bluej/119/usr/lib/x86_64-linux-gnu/libXext.so.6.4.0
7f4461ace000-7f4461acf000 rw-p 00011000 07:28 815                        /snap/bluej/119/usr/lib/x86_64-linux-gnu/libXext.so.6.4.0
7f4461acf000-7f4461b2d000 r-xp 00000000 07:28 576                        /snap/bluej/119/usr/lib/jvm/java-11-openjdk-amd64/lib/libawt_xawt.so
7f4461b2d000-7f4461d2d000 ---p 0005e000 07:28 576                        /snap/bluej/119/usr/lib/jvm/java-11-openjdk-amd64/lib/libawt_xawt.so
7f4461d2d000-7f4461d2e000 r--p 0005e000 07:28 576                        /snap/bluej/119/usr/lib/jvm/java-11-openjdk-amd64/lib/libawt_xawt.so
7f4461d2e000-7f4461d30000 rw-p 0005f000 07:28 576                        /snap/bluej/119/usr/lib/jvm/java-11-openjdk-amd64/lib/libawt_xawt.so
7f4461d30000-7f4461d32000 rw-p 00000000 00:00 0 
7f4461d32000-7f4461dd0000 r-xp 00000000 07:28 574                        /snap/bluej/119/usr/lib/jvm/java-11-openjdk-amd64/lib/libawt.so
7f4461dd0000-7f4461fcf000 ---p 0009e000 07:28 574                        /snap/bluej/119/usr/lib/jvm/java-11-openjdk-amd64/lib/libawt.so
7f4461fcf000-7f4461fd0000 r--p 0009d000 07:28 574                        /snap/bluej/119/usr/lib/jvm/java-11-openjdk-amd64/lib/libawt.so
7f4461fd0000-7f4461fdb000 rw-p 0009e000 07:28 574                        /snap/bluej/119/usr/lib/jvm/java-11-openjdk-amd64/lib/libawt.so
7f4461fdb000-7f4464000000 rw-p 00000000 00:00 0 
7f4464000000-7f4464021000 rw-p 00000000 00:00 0 
7f4464021000-7f4468000000 ---p 00000000 00:00 0 
7f4468007000-7f446801d000 r-xp 00000000 07:28 597                        /snap/bluej/119/usr/lib/jvm/java-11-openjdk-amd64/lib/libnet.so
7f446801d000-7f446821c000 ---p 00016000 07:28 597                        /snap/bluej/119/usr/lib/jvm/java-11-openjdk-amd64/lib/libnet.so
7f446821c000-7f446821d000 r--p 00015000 07:28 597                        /snap/bluej/119/usr/lib/jvm/java-11-openjdk-amd64/lib/libnet.so
7f446821d000-7f446821e000 rw-p 00016000 07:28 597                        /snap/bluej/119/usr/lib/jvm/java-11-openjdk-amd64/lib/libnet.so
7f446821e000-7f446822e000 r-xp 00000000 07:28 598                        /snap/bluej/119/usr/lib/jvm/java-11-openjdk-amd64/lib/libnio.so
7f446822e000-7f446842d000 ---p 00010000 07:28 598                        /snap/bluej/119/usr/lib/jvm/java-11-openjdk-amd64/lib/libnio.so
7f446842d000-7f446842e000 r--p 0000f000 07:28 598                        /snap/bluej/119/usr/lib/jvm/java-11-openjdk-amd64/lib/libnio.so
7f446842e000-7f446842f000 rw-p 00010000 07:28 598                        /snap/bluej/119/usr/lib/jvm/java-11-openjdk-amd64/lib/libnio.so
7f446842f000-7f4468433000 ---p 00000000 00:00 0 
7f4468433000-7f4468908000 rw-p 00000000 00:00 0 
7f4468908000-7f446c298000 ---p 00000000 00:00 0 
7f446c298000-7f446c670000 rw-p 00000000 00:00 0 
7f446c670000-7f4470000000 ---p 00000000 00:00 0 
7f4470000000-7f4470021000 rw-p 00000000 00:00 0 
7f4470021000-7f4474000000 ---p 00000000 00:00 0 
7f447403c000-7f4474041000 r--p 00000000 fd:02 34161693                   /home/yiannis/.config/dconf/user (deleted)
7f4474041000-7f447404a000 r--p 00000000 fd:02 68211432                   /home/yiannis/snap/bluej/119/.local/share/glib-2.0/schemas/gschemas.compiled
7f447404a000-7f447407b000 rw-p 00000000 00:00 0 
7f447407b000-7f447407c000 ---p 00000000 00:00 0 
7f447407c000-7f447417d000 rw-p 00000000 00:00 0 
7f447417d000-7f4474181000 ---p 00000000 00:00 0 
7f4474181000-7f447427e000 rw-p 00000000 00:00 0 
7f447427e000-7f4474282000 ---p 00000000 00:00 0 
7f4474282000-7f447437f000 rw-p 00000000 00:00 0 
7f447437f000-7f4474383000 ---p 00000000 00:00 0 
7f4474383000-7f4474480000 rw-p 00000000 00:00 0 
7f4474480000-7f4474484000 r-xp 00000000 07:28 577                        /snap/bluej/119/usr/lib/jvm/java-11-openjdk-amd64/lib/libdt_socket.so
7f4474484000-7f4474684000 ---p 00004000 07:28 577                        /snap/bluej/119/usr/lib/jvm/java-11-openjdk-amd64/lib/libdt_socket.so
7f4474684000-7f4474685000 r--p 00004000 07:28 577                        /snap/bluej/119/usr/lib/jvm/java-11-openjdk-amd64/lib/libdt_socket.so
7f4474685000-7f4474686000 rw-p 00005000 07:28 577                        /snap/bluej/119/usr/lib/jvm/java-11-openjdk-amd64/lib/libdt_socket.so
7f4474686000-7f447468a000 ---p 00000000 00:00 0 
7f447468a000-7f4474787000 rw-p 00000000 00:00 0 
7f4474787000-7f447478b000 ---p 00000000 00:00 0 
7f447478b000-7f4474888000 rw-p 00000000 00:00 0 
7f4474888000-7f447488c000 ---p 00000000 00:00 0 
7f447488c000-7f4474989000 rw-p 00000000 00:00 0 
7f4474989000-7f447498d000 ---p 00000000 00:00 0 
7f447498d000-7f4474a8a000 rw-p 00000000 00:00 0 
7f4474a8a000-7f4474a8e000 ---p 00000000 00:00 0 
7f4474a8e000-7f4474b8b000 rw-p 00000000 00:00 0 
7f4474b8b000-7f4474bdc000 r--p 00000000 07:33 543                        /snap/bluej/119/gnome-platform/usr/lib/locale/aa_DJ.utf8/LC_CTYPE
7f4474bdc000-7f4474d0c000 r--p 00000000 07:33 542                        /snap/bluej/119/gnome-platform/usr/lib/locale/aa_DJ.utf8/LC_COLLATE
7f4474d0c000-7f4474d10000 ---p 00000000 00:00 0 
7f4474d10000-7f4474e0d000 rw-p 00000000 00:00 0 
7f4474e0d000-7f4474e11000 ---p 00000000 00:00 0 
7f4474e11000-7f4474f0e000 rw-p 00000000 00:00 0 
7f4474f0e000-7f4474f0f000 ---p 00000000 00:00 0 
7f4474f0f000-7f44758ec000 rw-p 00000000 00:00 0 
7f44758ec000-7f44758ed000 ---p 00000000 00:00 0 
7f44758ed000-7f44759ee000 rw-p 00000000 00:00 0 
7f44759ee000-7f44759ef000 ---p 00000000 00:00 0 
7f44759ef000-7f4475ef4000 rw-p 00000000 00:00 0 
7f4475ef4000-7f4475ef5000 ---p 00000000 00:00 0 
7f4475ef5000-7f4475ff6000 rw-p 00000000 00:00 0 
7f4475ff6000-7f4475ff7000 ---p 00000000 00:00 0 
7f4475ff7000-7f4476173000 rw-p 00000000 00:00 0 
7f4476173000-7f44768a5000 ---p 00000000 00:00 0 
7f44768a5000-7f4476920000 rw-p 00000000 00:00 0 
7f4476920000-7f4477052000 ---p 00000000 00:00 0 
7f4477052000-7f44770cd000 rw-p 00000000 00:00 0 
7f44770cd000-7f44777ff000 ---p 00000000 00:00 0 
7f44777ff000-7f4477c03000 rw-p 00000000 00:00 0 
7f4477c03000-7f4477c04000 ---p 00000000 00:00 0 
7f4477c04000-7f4477d0a000 rw-p 00000000 00:00 0 
7f4477d0a000-7f4477df0000 ---p 00000000 00:00 0 
7f4477df0000-7f4478060000 rwxp 00000000 00:00 0 
7f4478060000-7f4478380000 ---p 00000000 00:00 0 
7f4478380000-7f44785f0000 rwxp 00000000 00:00 0 
7f44785f0000-7f447f8b8000 ---p 00000000 00:00 0 
7f447f8b8000-7f447fb28000 rwxp 00000000 00:00 0 
7f447fb28000-7f4486df0000 ---p 00000000 00:00 0 
7f448f578000-7f448f57f000 r-xp 00000000 07:28 607                        /snap/bluej/119/usr/lib/jvm/java-11-openjdk-amd64/lib/libzip.so
7f448f57f000-7f448f77e000 ---p 00007000 07:28 607                        /snap/bluej/119/usr/lib/jvm/java-11-openjdk-amd64/lib/libzip.so
7f448f77e000-7f448f77f000 r--p 00006000 07:28 607                        /snap/bluej/119/usr/lib/jvm/java-11-openjdk-amd64/lib/libzip.so
7f448f77f000-7f448f780000 rw-p 00007000 07:28 607                        /snap/bluej/119/usr/lib/jvm/java-11-openjdk-amd64/lib/libzip.so
7f448f780000-7f448f78b000 r-xp 00000000 07:0b 1451                       /lib/x86_64-linux-gnu/libnss_files-2.27.so
7f448f78b000-7f448f98a000 ---p 0000b000 07:0b 1451                       /lib/x86_64-linux-gnu/libnss_files-2.27.so
7f448f98a000-7f448f98b000 r--p 0000a000 07:0b 1451                       /lib/x86_64-linux-gnu/libnss_files-2.27.so
7f448f98b000-7f448f98c000 rw-p 0000b000 07:0b 1451                       /lib/x86_64-linux-gnu/libnss_files-2.27.so
7f448f98c000-7f448f992000 rw-p 00000000 00:00 0 
7f448f992000-7f448f9ce000 r-xp 00000000 07:28 588                        /snap/bluej/119/usr/lib/jvm/java-11-openjdk-amd64/lib/libjdwp.so
7f448f9ce000-7f448fbcd000 ---p 0003c000 07:28 588                        /snap/bluej/119/usr/lib/jvm/java-11-openjdk-amd64/lib/libjdwp.so
7f448fbcd000-7f448fbce000 r--p 0003b000 07:28 588                        /snap/bluej/119/usr/lib/jvm/java-11-openjdk-amd64/lib/libjdwp.so
7f448fbce000-7f448fbcf000 rw-p 0003c000 07:28 588                        /snap/bluej/119/usr/lib/jvm/java-11-openjdk-amd64/lib/libjdwp.so
7f448fbcf000-7f448fbd4000 r-xp 00000000 07:28 589                        /snap/bluej/119/usr/lib/jvm/java-11-openjdk-amd64/lib/libjimage.so
7f448fbd4000-7f448fdd3000 ---p 00005000 07:28 589                        /snap/bluej/119/usr/lib/jvm/java-11-openjdk-amd64/lib/libjimage.so
7f448fdd3000-7f448fdd4000 r--p 00004000 07:28 589                        /snap/bluej/119/usr/lib/jvm/java-11-openjdk-amd64/lib/libjimage.so
7f448fdd4000-7f448fdd5000 rw-p 00005000 07:28 589                        /snap/bluej/119/usr/lib/jvm/java-11-openjdk-amd64/lib/libjimage.so
7f448fdd5000-7f448fdfd000 r-xp 00000000 07:28 585                        /snap/bluej/119/usr/lib/jvm/java-11-openjdk-amd64/lib/libjava.so
7f448fdfd000-7f448fffd000 ---p 00028000 07:28 585                        /snap/bluej/119/usr/lib/jvm/java-11-openjdk-amd64/lib/libjava.so
7f448fffd000-7f448fffe000 r--p 00028000 07:28 585                        /snap/bluej/119/usr/lib/jvm/java-11-openjdk-amd64/lib/libjava.so
7f448fffe000-7f448ffff000 rw-p 00029000 07:28 585                        /snap/bluej/119/usr/lib/jvm/java-11-openjdk-amd64/lib/libjava.so
7f448ffff000-7f4490000000 rw-p 00000000 00:00 0 
7f4490000000-7f44904bf000 rw-p 00000000 00:00 0 
7f44904bf000-7f4494000000 ---p 00000000 00:00 0 
7f4494002000-7f4494003000 r--p 00000000 fd:00 653341                     /etc/dconf/db/distro
7f4494003000-7f449400c000 r--p 00000000 fd:02 68211432                   /home/yiannis/snap/bluej/119/.local/share/glib-2.0/schemas/gschemas.compiled
7f449400c000-7f4494039000 rw-p 00000000 00:00 0 
7f4494039000-7f449411f000 ---p 00000000 00:00 0 
7f449411f000-7f449412c000 r-xp 00000000 07:28 606                        /snap/bluej/119/usr/lib/jvm/java-11-openjdk-amd64/lib/libverify.so
7f449412c000-7f449432b000 ---p 0000d000 07:28 606                        /snap/bluej/119/usr/lib/jvm/java-11-openjdk-amd64/lib/libverify.so
7f449432b000-7f449432d000 r--p 0000c000 07:28 606                        /snap/bluej/119/usr/lib/jvm/java-11-openjdk-amd64/lib/libverify.so
7f449432d000-7f449432e000 rw-p 0000e000 07:28 606                        /snap/bluej/119/usr/lib/jvm/java-11-openjdk-amd64/lib/libverify.so
7f449432e000-7f4494335000 r-xp 00000000 07:0b 1476                       /lib/x86_64-linux-gnu/librt-2.27.so
7f4494335000-7f4494534000 ---p 00007000 07:0b 1476                       /lib/x86_64-linux-gnu/librt-2.27.so
7f4494534000-7f4494535000 r--p 00006000 07:0b 1476                       /lib/x86_64-linux-gnu/librt-2.27.so
7f4494535000-7f4494536000 rw-p 00007000 07:0b 1476                       /lib/x86_64-linux-gnu/librt-2.27.so
7f4494536000-7f449454d000 r-xp 00000000 07:0b 1407                       /lib/x86_64-linux-gnu/libgcc_s.so.1
7f449454d000-7f449474c000 ---p 00017000 07:0b 1407                       /lib/x86_64-linux-gnu/libgcc_s.so.1
7f449474c000-7f449474d000 r--p 00016000 07:0b 1407                       /lib/x86_64-linux-gnu/libgcc_s.so.1
7f449474d000-7f449474e000 rw-p 00017000 07:0b 1407                       /lib/x86_64-linux-gnu/libgcc_s.so.1
7f449474e000-7f44948eb000 r-xp 00000000 07:0b 1428                       /lib/x86_64-linux-gnu/libm-2.27.so
7f44948eb000-7f4494aea000 ---p 0019d000 07:0b 1428                       /lib/x86_64-linux-gnu/libm-2.27.so
7f4494aea000-7f4494aeb000 r--p 0019c000 07:0b 1428                       /lib/x86_64-linux-gnu/libm-2.27.so
7f4494aeb000-7f4494aec000 rw-p 0019d000 07:0b 1428                       /lib/x86_64-linux-gnu/libm-2.27.so
7f4494aec000-7f4494c65000 r-xp 00000000 07:0b 5840                       /usr/lib/x86_64-linux-gnu/libstdc++.so.6.0.25
7f4494c65000-7f4494e65000 ---p 00179000 07:0b 5840                       /usr/lib/x86_64-linux-gnu/libstdc++.so.6.0.25
7f4494e65000-7f4494e6f000 r--p 00179000 07:0b 5840                       /usr/lib/x86_64-linux-gnu/libstdc++.so.6.0.25
7f4494e6f000-7f4494e71000 rw-p 00183000 07:0b 5840                       /usr/lib/x86_64-linux-gnu/libstdc++.so.6.0.25
7f4494e71000-7f4494e75000 rw-p 00000000 00:00 0 
7f4494e75000-7f4495f5d000 r-xp 00000000 07:28 619                        /snap/bluej/119/usr/lib/jvm/java-11-openjdk-amd64/lib/server/libjvm.so
7f4495f5d000-7f449615c000 ---p 010e8000 07:28 619                        /snap/bluej/119/usr/lib/jvm/java-11-openjdk-amd64/lib/server/libjvm.so
7f449615c000-7f449621d000 r--p 010e7000 07:28 619                        /snap/bluej/119/usr/lib/jvm/java-11-openjdk-amd64/lib/server/libjvm.so
7f449621d000-7f4496258000 rw-p 011a8000 07:28 619                        /snap/bluej/119/usr/lib/jvm/java-11-openjdk-amd64/lib/server/libjvm.so
7f4496258000-7f44962af000 rw-p 00000000 00:00 0 
7f44962af000-7f44962c9000 r-xp 00000000 07:0b 1470                       /lib/x86_64-linux-gnu/libpthread-2.27.so
7f44962c9000-7f44964c8000 ---p 0001a000 07:0b 1470                       /lib/x86_64-linux-gnu/libpthread-2.27.so
7f44964c8000-7f44964c9000 r--p 00019000 07:0b 1470                       /lib/x86_64-linux-gnu/libpthread-2.27.so
7f44964c9000-7f44964ca000 rw-p 0001a000 07:0b 1470                       /lib/x86_64-linux-gnu/libpthread-2.27.so
7f44964ca000-7f44964ce000 rw-p 00000000 00:00 0 
7f44964ce000-7f44964ea000 r-xp 00000000 07:0b 1501                       /lib/x86_64-linux-gnu/libz.so.1.2.11
7f44964ea000-7f44966e9000 ---p 0001c000 07:0b 1501                       /lib/x86_64-linux-gnu/libz.so.1.2.11
7f44966e9000-7f44966ea000 r--p 0001b000 07:0b 1501                       /lib/x86_64-linux-gnu/libz.so.1.2.11
7f44966ea000-7f44966eb000 rw-p 0001c000 07:0b 1501                       /lib/x86_64-linux-gnu/libz.so.1.2.11
7f44966eb000-7f44966ee000 r-xp 00000000 07:0b 1395                       /lib/x86_64-linux-gnu/libdl-2.27.so
7f44966ee000-7f44968ed000 ---p 00003000 07:0b 1395                       /lib/x86_64-linux-gnu/libdl-2.27.so
7f44968ed000-7f44968ee000 r--p 00002000 07:0b 1395                       /lib/x86_64-linux-gnu/libdl-2.27.so
7f44968ee000-7f44968ef000 rw-p 00003000 07:0b 1395                       /lib/x86_64-linux-gnu/libdl-2.27.so
7f44968ef000-7f4496ad6000 r-xp 00000000 07:0b 1378                       /lib/x86_64-linux-gnu/libc-2.27.so
7f4496ad6000-7f4496cd6000 ---p 001e7000 07:0b 1378                       /lib/x86_64-linux-gnu/libc-2.27.so
7f4496cd6000-7f4496cda000 r--p 001e7000 07:0b 1378                       /lib/x86_64-linux-gnu/libc-2.27.so
7f4496cda000-7f4496cdc000 rw-p 001eb000 07:0b 1378                       /lib/x86_64-linux-gnu/libc-2.27.so
7f4496cdc000-7f4496ce0000 rw-p 00000000 00:00 0 
7f4496ce0000-7f4496cef000 r-xp 00000000 07:28 567                        /snap/bluej/119/usr/lib/jvm/java-11-openjdk-amd64/lib/jli/libjli.so
7f4496cef000-7f4496eee000 ---p 0000f000 07:28 567                        /snap/bluej/119/usr/lib/jvm/java-11-openjdk-amd64/lib/jli/libjli.so
7f4496eee000-7f4496eef000 r--p 0000e000 07:28 567                        /snap/bluej/119/usr/lib/jvm/java-11-openjdk-amd64/lib/jli/libjli.so
7f4496eef000-7f4496ef0000 rw-p 0000f000 07:28 567                        /snap/bluej/119/usr/lib/jvm/java-11-openjdk-amd64/lib/jli/libjli.so
7f4496ef0000-7f4496ef1000 r-xp 00000000 07:28 174                        /snap/bluej/119/lib/x86_64-linux-gnu/bindtextdomain.so
7f4496ef1000-7f44970f1000 ---p 00001000 07:28 174                        /snap/bluej/119/lib/x86_64-linux-gnu/bindtextdomain.so
7f44970f1000-7f44970f2000 r--p 00001000 07:28 174                        /snap/bluej/119/lib/x86_64-linux-gnu/bindtextdomain.so
7f44970f2000-7f44970f3000 rw-p 00002000 07:28 174                        /snap/bluej/119/lib/x86_64-linux-gnu/bindtextdomain.so
7f44970f3000-7f449711c000 r-xp 00000000 07:0b 1356                       /lib/x86_64-linux-gnu/ld-2.27.so
7f449711c000-7f449711d000 r--p 00000000 fd:00 653319                     /etc/dconf/db/site
7f449711d000-7f449711e000 r--p 00000000 fd:00 653340                     /etc/dconf/db/local
7f449711e000-7f449711f000 r--s 00000000 00:35 609662                     /run/user/1000/dconf/user (deleted)
7f449711f000-7f4497129000 r--p 00000000 07:33 11125                      /snap/bluej/119/gnome-platform/usr/share/glib-2.0/schemas/gschemas.compiled
7f4497129000-7f449712a000 r--p 00000000 07:33 592                        /snap/bluej/119/gnome-platform/usr/lib/locale/aa_ET/LC_NUMERIC
7f449712a000-7f449712b000 r--p 00000000 07:33 2471                       /snap/bluej/119/gnome-platform/usr/lib/locale/en_GB.utf8/LC_TIME
7f449712b000-7f449712c000 r--p 00000000 07:33 1906                       /snap/bluej/119/gnome-platform/usr/lib/locale/cy_GB.utf8/LC_MONETARY
7f449712c000-7f449712d000 r--p 00000000 07:33 2297                       /snap/bluej/119/gnome-platform/usr/lib/locale/en_AG/LC_MESSAGES/SYS_LC_MESSAGES
7f449712d000-7f449712e000 r--p 00000000 07:33 551                        /snap/bluej/119/gnome-platform/usr/lib/locale/aa_DJ.utf8/LC_PAPER
7f449712e000-7f449712f000 r--p 00000000 07:33 1459                       /snap/bluej/119/gnome-platform/usr/lib/locale/bi_VU/LC_NAME
7f449712f000-7f4497130000 r--p 00000000 07:33 2459                       /snap/bluej/119/gnome-platform/usr/lib/locale/en_GB.utf8/LC_ADDRESS
7f4497130000-7f4497131000 r--p 00000000 07:33 1910                       /snap/bluej/119/gnome-platform/usr/lib/locale/cy_GB.utf8/LC_TELEPHONE
7f4497131000-7f44971fb000 rw-p 00000000 00:00 0 
7f44971fb000-7f4497202000 ---p 00000000 00:00 0 
7f4497202000-7f4497206000 ---p 00000000 00:00 0 
7f4497206000-7f4497307000 rw-p 00000000 00:00 0 
7f4497307000-7f4497308000 r--p 00000000 07:33 545                        /snap/bluej/119/gnome-platform/usr/lib/locale/aa_DJ.utf8/LC_MEASUREMENT
7f4497308000-7f449730f000 r--s 00000000 07:0b 5741                       /usr/lib/x86_64-linux-gnu/gconv/gconv-modules.cache
7f449730f000-7f4497310000 r--p 00000000 07:33 2462                       /snap/bluej/119/gnome-platform/usr/lib/locale/en_GB.utf8/LC_IDENTIFICATION
7f4497310000-7f4497318000 rw-s 00000000 fd:00 733077                     /tmp/hsperfdata_yiannis/43458
7f4497318000-7f4497319000 ---p 00000000 00:00 0 
7f4497319000-7f449731a000 r--p 00000000 00:00 0 
7f449731a000-7f449731c000 rw-p 00000000 00:00 0 
7f449731c000-7f449731d000 r--p 00029000 07:0b 1356                       /lib/x86_64-linux-gnu/ld-2.27.so
7f449731d000-7f449731e000 rw-p 0002a000 07:0b 1356                       /lib/x86_64-linux-gnu/ld-2.27.so
7f449731e000-7f449731f000 rw-p 00000000 00:00 0 
7ffd97b3b000-7ffd97b5d000 rw-p 00000000 00:00 0                          [stack]
7ffd97ba3000-7ffd97ba7000 r--p 00000000 00:00 0                          [vvar]
7ffd97ba7000-7ffd97ba9000 r-xp 00000000 00:00 0                          [vdso]
ffffffffff600000-ffffffffff601000 r-xp 00000000 00:00 0                  [vsyscall]


VM Arguments:
jvm_args: -ea -agentlib:jdwp=transport=dt_socket,address=127.0.0.1:34793 -Dfile.encoding=UTF-8 
java_command: bluej.runtime.ExecServer UTF-8
java_class_path (initial): /snap/bluej/119/usr/share/bluej/bluejcore.jar:/snap/bluej/119/usr/share/bluej/junit-4.11.jar:/snap/bluej/119/usr/share/bluej/hamcrest-core-1.3.jar:/snap/bluej/119/usr/share/bluej/lang-stride.jar:/snap/bluej/119/usr/share/java/javafx-base-11.jar:/snap/bluej/119/usr/share/java/javafx-controls-11.jar:/snap/bluej/119/usr/share/java/javafx-fxml-11.jar:/snap/bluej/119/usr/share/java/javafx-graphics-11.jar:/snap/bluej/119/usr/share/java/javafx-media-11.jar:/snap/bluej/119/usr/share/java/javafx-properties-11.jar:/snap/bluej/119/usr/share/java/javafx-swing-11.jar:/snap/bluej/119/usr/share/java/javafx-web-11.jar:/snap/bluej/119/usr/share/java/javafx-base-11.jar:/snap/bluej/119/usr/share/java/javafx-controls-11.jar:/snap/bluej/119/usr/share/java/javafx-fxml-11.jar:/snap/bluej/119/usr/share/java/javafx-graphics-11.jar:/snap/bluej/119/usr/share/java/javafx-media-11.jar:/snap/bluej/119/usr/share/java/javafx-properties-11.jar:/snap/bluej/119/usr/share/java/javafx-swing-11.jar:/snap/bluej/119/usr/share/java/javafx-web-11.jar:/snap/bluej/119/usr/share/bluej/userlib/pi4j-core.jar:/snap/bluej/119/usr/share/bluej/userlib/pi4j-device.jar:/snap/bluej/119/usr/share/bluej/userlib/pi4j-gpio-extension.jar:/snap/bluej/119/usr/share/bluej/userlib/pi4j-service.jar
Launcher Type: SUN_STANDARD

[Global flags]
     intx CICompilerCount                          = 3                                         {product} {ergonomic}
     uint ConcGCThreads                            = 1                                         {product} {ergonomic}
     uint G1ConcRefinementThreads                  = 4                                         {product} {ergonomic}
   size_t G1HeapRegionSize                         = 1048576                                   {product} {ergonomic}
    uintx GCDrainStackTargetSize                   = 64                                        {product} {ergonomic}
   size_t InitialHeapSize                          = 257949696                                 {product} {ergonomic}
   size_t MarkStackSize                            = 4194304                                   {product} {ergonomic}
   size_t MaxHeapSize                              = 4120903680                                {product} {ergonomic}
   size_t MaxNewSize                               = 2472542208                                {product} {ergonomic}
   size_t MinHeapDeltaBytes                        = 1048576                                   {product} {ergonomic}
    uintx NonNMethodCodeHeapSize                   = 5830732                                {pd product} {ergonomic}
    uintx NonProfiledCodeHeapSize                  = 122913754                              {pd product} {ergonomic}
    uintx ProfiledCodeHeapSize                     = 122913754                              {pd product} {ergonomic}
    uintx ReservedCodeCacheSize                    = 251658240                              {pd product} {ergonomic}
     bool SegmentedCodeCache                       = true                                      {product} {ergonomic}
     bool UseCompressedClassPointers               = true                                 {lp64_product} {ergonomic}
     bool UseCompressedOops                        = true                                 {lp64_product} {ergonomic}
     bool UseG1GC                                  = true                                      {product} {ergonomic}

Logging:
